Administration-2024-09-14 INFO BaseClass:123 - ======================================= INFORMATION ======================================
Administration-2024-09-14 INFO BaseClass:130 - Login Scenario Started for ADMIN-USER
Administration-2024-09-14 INFO BaseClass:131 - https://app.leadangel.com/index.html#/
Administration-2024-09-14 INFO BaseClass:132 - 1667
Administration-2024-09-14 INFO BaseClass:133 - ganesh@leadangel.com
Administration-2024-09-14 INFO BaseClass:135 - Entered ClientID
Administration-2024-09-14 INFO BaseClass:137 - Entered Email
Administration-2024-09-14 INFO BaseClass:139 - Entered Password
Administration-2024-09-14 INFO BaseClass:141 - Click on Submit
Administration-2024-09-14 INFO TC_Sanity_Opportunity_DataDictionaryIndex_Administration:31 - Click on Administration is Passed
Administration-2024-09-14 INFO TC_Sanity_Opportunity_DataDictionaryIndex_Administration:40 - Click on DataDictionaryIndex is Passed
Administration-2024-09-14 INFO TC_Sanity_Opportunity_DataDictionaryIndex_Administration:49 - Click on OpportunityBox is Passed
Administration-2024-09-14 INFO TC_Sanity_Opportunity_DataDictionaryIndex_Administration:57 - **************************************** OpportunityAttributes Operation *******************************************
Administration-2024-09-14 INFO TC_Sanity_Opportunity_DataDictionaryIndex_Administration:60 - Alert Message is Not Displayed,So continue the OpportunityAttributes Opeartion
Administration-2024-09-14 INFO TC_Sanity_Opportunity_DataDictionaryIndex_Administration:63 - Clear all the options which is already presented from the SelectedAttributeFieldList
Administration-2024-09-14 INFO TC_Sanity_Opportunity_DataDictionaryIndex_Administration:76 - Click On Remove Button is Passed
Administration-2024-09-14 INFO TC_Sanity_Opportunity_DataDictionaryIndex_Administration:84 - Displayed NoRecordFound In SelectedAttributeFieldList,So continue the Operation
Administration-2024-09-14 INFO TC_Sanity_Opportunity_DataDictionaryIndex_Administration:93 - ----------- Selecting the options From Attribute field list -----------
Administration-2024-09-14 INFO TC_Sanity_Opportunity_DataDictionaryIndex_Administration:97 - Select Boolean Option From Attribute field list is Passed
Administration-2024-09-14 INFO TC_Sanity_Opportunity_DataDictionaryIndex_Administration:106 - Select String Option From Attribute field list is Passed
Administration-2024-09-14 INFO TC_Sanity_Opportunity_DataDictionaryIndex_Administration:115 - Select Number Option From Attribute field list is Passed
Administration-2024-09-14 INFO TC_Sanity_Opportunity_DataDictionaryIndex_Administration:124 - Select Date Option From Attribute field list is Passed
Administration-2024-09-14 INFO TC_Sanity_Opportunity_DataDictionaryIndex_Administration:133 - Click On AddButton is Passed
Administration-2024-09-14 INFO TC_Sanity_Opportunity_DataDictionaryIndex_Administration:140 - ----------- Verifying the selected options are displayed or not in SelectedAttributeFieldList -----------
Administration-2024-09-14 INFO TC_Sanity_Opportunity_DataDictionaryIndex_Administration:144 - Displayed selected Boolean Option in SelectedAttributeFieldList is Passed
Administration-2024-09-14 INFO TC_Sanity_Opportunity_DataDictionaryIndex_Administration:154 - Displayed selected String Option in SelectedAttributeFieldList is Passed
Administration-2024-09-14 INFO TC_Sanity_Opportunity_DataDictionaryIndex_Administration:164 - Displayed selected Number Option in SelectedAttributeFieldList is Passed
Administration-2024-09-14 INFO TC_Sanity_Opportunity_DataDictionaryIndex_Administration:174 - Displayed selected Date Option in SelectedAttributeFieldList is Passed
Administration-2024-09-14 INFO TC_Sanity_Opportunity_DataDictionaryIndex_Administration:182 - ----------- Move back the Selected Boolean option from SelectedAttributeFieldList to AttributeFieldList -----------
Administration-2024-09-14 INFO TC_Sanity_Opportunity_DataDictionaryIndex_Administration:187 - Deselect Boolean Option from SelectedAttributeFieldList is Passed
Administration-2024-09-14 INFO TC_Sanity_Opportunity_DataDictionaryIndex_Administration:196 - Click On Remove Button is Passed
Administration-2024-09-14 INFO TC_Sanity_Opportunity_DataDictionaryIndex_Administration:205 - Deselected Boolean Option from SelectedAttributeFieldList is Passed
Administration-2024-09-14 INFO TC_Sanity_Opportunity_DataDictionaryIndex_Administration:213 - ----------- Search Operation for Attribute field list in OpportunityAttributes  -----------
Administration-2024-09-14 INFO TC_Sanity_Opportunity_DataDictionaryIndex_Administration:218 - Get Text from the option Before search is Passed
Administration-2024-09-14 INFO TC_Sanity_Opportunity_DataDictionaryIndex_Administration:227 - Enter Text in Attribute field list search box is Passed
Administration-2024-09-14 INFO TC_Sanity_Opportunity_DataDictionaryIndex_Administration:237 - Get Text from the option After Search is Passed
Administration-2024-09-14 INFO TC_Sanity_Opportunity_DataDictionaryIndex_Administration:246 - Search field functionality is working is Passed
Administration-2024-09-14 INFO TC_Sanity_Opportunity_DataDictionaryIndex_Administration:255 - Click On Close Icon From AttributeFieldList SearchBox is Passed
Administration-2024-09-14 INFO TC_Sanity_Opportunity_DataDictionaryIndex_Administration:262 - ----------- Save the OpportunityAttributes Operation -----------
Administration-2024-09-14 INFO TC_Sanity_Opportunity_DataDictionaryIndex_Administration:266 - Click On Save Button For OpportunityAttributes is Passed
Administration-2024-09-14 INFO TC_Sanity_Opportunity_DataDictionaryIndex_Administration:275 - Click On Confirm Button is Passed
Administration-2024-09-14 INFO TC_Sanity_Opportunity_DataDictionaryIndex_Administration:284 - Displayed Success Message is Passed
Administration-2024-09-14 INFO TC_Sanity_Opportunity_DataDictionaryIndex_Administration:294 - Displayed Alert Message after save the OpportunityAttributes operation is Passed
Administration-2024-09-14 INFO TC_Sanity_Opportunity_DataDictionaryIndex_Administration:308 - **************************************** Opportunity Activity Attributes Operation*******************************************
Administration-2024-09-14 INFO TC_Sanity_Opportunity_DataDictionaryIndex_Administration:312 - Click On Dropdown for Opportunity Activity Attributes is Passed
Administration-2024-09-14 INFO TC_Sanity_Opportunity_DataDictionaryIndex_Administration:566 - Displayed Alert Message,So skipped Opportunity Activity Attributes Opeartion
Administration-2024-09-14 INFO TC_Sanity_Opportunity_DataDictionaryIndex_Administration:570 - //*********************************************** Detail Tab *******************************************
Administration-2024-09-14 INFO TC_Sanity_Opportunity_DataDictionaryIndex_Administration:574 - Click On Detail Tab is Passed
Administration-2024-09-14 INFO TC_Sanity_Opportunity_DataDictionaryIndex_Administration:588 - Not showing 'Undefined' for Last Updated On
Administration-2024-09-14 INFO TC_Sanity_Opportunity_DataDictionaryIndex_Administration:599 - Not showing 'Undefined' for Last Updated By
