Administration-2024-09-14 INFO BaseClass:123 - ======================================= INFORMATION ======================================
Administration-2024-09-14 INFO BaseClass:130 - Login Scenario Started for ADMIN-USER
Administration-2024-09-14 INFO BaseClass:131 - https://app.leadangel.com/index.html#/
Administration-2024-09-14 INFO BaseClass:132 - 1667
Administration-2024-09-14 INFO BaseClass:133 - ganesh@leadangel.com
Administration-2024-09-14 INFO BaseClass:135 - Entered ClientID
Administration-2024-09-14 INFO BaseClass:137 - Entered Email
Administration-2024-09-14 INFO BaseClass:139 - Entered Password
Administration-2024-09-14 INFO BaseClass:141 - Click on Submit
Administration-2024-09-14 INFO TC_Sanity_DataCleanupPreference_Administration:26 - Click on Administration is Passed
Administration-2024-09-14 INFO TC_Sanity_DataCleanupPreference_Administration:35 - Click On Preference is Passed
Administration-2024-09-14 INFO TC_Sanity_DataCleanupPreference_Administration:44 - Displyed Data Cleanup Preference Icon is Passed
Administration-2024-09-14 INFO TC_Sanity_DataCleanupPreference_Administration:54 - Click On Data Cleanup Preference is Passed
Administration-2024-09-14 INFO TC_Sanity_DataCleanupPreference_Administration:63 - Displayed Data Cleanup Prefernce In Tabs Row is Passed
Administration-2024-09-14 INFO TC_Sanity_DataCleanupPreference_Administration:73 - Displayed Data Cleanup Prefernce In Left Side Menu is Passed
Administration-2024-09-14 INFO TC_Sanity_DataCleanupPreference_Administration:87 - UnChecked the Merge Duplicate Leads CheckBox is Passed
Administration-2024-09-14 INFO TC_Sanity_DataCleanupPreference_Administration:96 - Click On Merge Duplicate Leads CheckBox is Passed
Administration-2024-09-14 INFO TC_Sanity_DataCleanupPreference_Administration:105 - Displayed Merge Duplicate Leads CheckBox is Checked
Administration-2024-09-14 INFO TC_Sanity_DataCleanupPreference_Administration:152 - Click On Email Only CheckBox is Passed
Administration-2024-09-14 INFO TC_Sanity_DataCleanupPreference_Administration:161 - Displayed Email Only CheckBox is Checked
Administration-2024-09-14 INFO TC_Sanity_DataCleanupPreference_Administration:173 - Click On Company Name Only CheckBox is Passed
Administration-2024-09-14 INFO TC_Sanity_DataCleanupPreference_Administration:182 - Displayed Company Name Only CheckBox is Checked
Administration-2024-09-14 INFO TC_Sanity_DataCleanupPreference_Administration:193 - Click On Email And Company Name CheckBox is Passed
Administration-2024-09-14 INFO TC_Sanity_DataCleanupPreference_Administration:202 - Displayed Email And Company Name CheckBox is Checked
Administration-2024-09-14 INFO TC_Sanity_DataCleanupPreference_Administration:213 - Click On First Name Last Name And Company Name CheckBox is Passed
Administration-2024-09-14 INFO TC_Sanity_DataCleanupPreference_Administration:222 - Displayed First Name Last Name And Company Name CheckBox is Checked
Administration-2024-09-14 INFO TC_Sanity_DataCleanupPreference_Administration:233 - Click On First Name Last Name And Phone Number CheckBox is Passed
Administration-2024-09-14 INFO TC_Sanity_DataCleanupPreference_Administration:242 - Displayed First Name Last Name And Phone Number CheckBox is Checked
Administration-2024-09-14 INFO TC_Sanity_DataCleanupPreference_Administration:253 - Click On First Name Last Name Email CheckBox is Passed
Administration-2024-09-14 INFO TC_Sanity_DataCleanupPreference_Administration:262 - Displayed First Name Last Name Email CheckBox is Checked
Administration-2024-09-14 INFO TC_Sanity_DataCleanupPreference_Administration:273 - Click On All These Conditions Must Satisfy To Identify Duplicate RadioButton is Passed
Administration-2024-09-14 INFO TC_Sanity_DataCleanupPreference_Administration:282 - Displayed All These Conditions Must Satisfy To Identify Duplicate RadioButton Is Clicked
Administration-2024-09-14 INFO TC_Sanity_DataCleanupPreference_Administration:293 - Click On Create Dedupe Group By Dropdown is Passed
Administration-2024-09-14 INFO TC_Sanity_DataCleanupPreference_Administration:302 - Click On Create Dedupe Group By Option is Passed
Administration-2024-09-14 INFO TC_Sanity_DataCleanupPreference_Administration:312 - Click On New Record Is Master Lead Record RadioButton is Passed
Administration-2024-09-14 INFO TC_Sanity_DataCleanupPreference_Administration:321 - Displayed New Record Is Master Lead Record RadioButton Is Clicked
Administration-2024-09-14 INFO TC_Sanity_DataCleanupPreference_Administration:332 - Click On Old Record Is Master Lead Record RadioButton is Passed
Administration-2024-09-14 INFO TC_Sanity_DataCleanupPreference_Administration:341 - Displayed Old Record Is Master Lead Record RadioButton Is Clicked
Administration-2024-09-14 INFO TC_Sanity_DataCleanupPreference_Administration:352 - Click On Lead With Most Recent Activity Is The Master Lead Record RadioButton is Passed
Administration-2024-09-14 INFO TC_Sanity_DataCleanupPreference_Administration:361 - Displayed Lead With Most Recent Activity Is The Master Lead Record RadioButton Is Clicked
Administration-2024-09-14 INFO TC_Sanity_DataCleanupPreference_Administration:372 - Click On Newest Lead Is The Master Record RadioButton is Passed
Administration-2024-09-14 INFO TC_Sanity_DataCleanupPreference_Administration:381 - Displayed Newest Lead Is The Master Record RadioButton Is Clicked
Administration-2024-09-14 INFO TC_Sanity_DataCleanupPreference_Administration:392 - Click On Oldest Lead Is The Master Record RadioButton is Passed
Administration-2024-09-14 INFO TC_Sanity_DataCleanupPreference_Administration:401 - Displayed Oldest Lead Is The Master Record RadioButton Is Clicked
Administration-2024-09-14 INFO TC_Sanity_DataCleanupPreference_Administration:412 - Click On Send Merged Leads For Routing Check box is Passed
Administration-2024-09-14 INFO TC_Sanity_DataCleanupPreference_Administration:421 - Displayed Send Merged Leads For Routing Check box Is Clicked
Administration-2024-09-14 INFO TC_Sanity_DataCleanupPreference_Administration:432 - Click On Save Button For Merge Duplicate Leads is Passed
Administration-2024-09-14 INFO TC_Sanity_DataCleanupPreference_Administration:441 - Displayed Success Message is Passed
Administration-2024-09-14 INFO TC_Sanity_DataCleanupPreference_Administration:455 - UnChecked the Merge Duplicate Contacts CheckBox is Passed
Administration-2024-09-14 INFO TC_Sanity_DataCleanupPreference_Administration:464 - Click On Merge Duplicate Contacts CheckBox is Passed
Administration-2024-09-14 INFO TC_Sanity_DataCleanupPreference_Administration:473 - Displayed Merge Duplicate Contacts CheckBox is Checked
Administration-2024-09-14 INFO TC_Sanity_DataCleanupPreference_Administration:520 - Click On Email Only CheckBox is Passed
Administration-2024-09-14 INFO TC_Sanity_DataCleanupPreference_Administration:529 - Displayed Email Only CheckBox is Checked
Administration-2024-09-14 INFO TC_Sanity_DataCleanupPreference_Administration:540 - Click On Email And Account Name CheckBox is Passed
Administration-2024-09-14 INFO TC_Sanity_DataCleanupPreference_Administration:549 - Displayed Email And Account Name CheckBox is Checked
Administration-2024-09-14 INFO TC_Sanity_DataCleanupPreference_Administration:560 - Click On First Name, Last Name And Account Name CheckBox is Passed
Administration-2024-09-14 INFO TC_Sanity_DataCleanupPreference_Administration:569 - Displayed First Name, Last Name And Account Name CheckBox is Checked
Administration-2024-09-14 INFO TC_Sanity_DataCleanupPreference_Administration:580 - Click On Account Name Only CheckBox is Passed
Administration-2024-09-14 INFO TC_Sanity_DataCleanupPreference_Administration:589 - Displayed Account Name Only CheckBox is Checked
Administration-2024-09-14 INFO TC_Sanity_DataCleanupPreference_Administration:601 - Click On First Name, Last Name And Phone Number CheckBox is Passed
Administration-2024-09-14 INFO TC_Sanity_DataCleanupPreference_Administration:610 - Displayed First Name, Last Name And Phone Number CheckBox is Checked
Administration-2024-09-14 INFO TC_Sanity_DataCleanupPreference_Administration:621 - Click On First Name, Last Name And Email CheckBox is Passed
Administration-2024-09-14 INFO TC_Sanity_DataCleanupPreference_Administration:630 - Displayed First Name, Last Name And Email CheckBox is Checked
Administration-2024-09-14 INFO TC_Sanity_DataCleanupPreference_Administration:641 - Click On All These Conditions Must Satisfy To Identify Duplicate RadioButton is Passed
Administration-2024-09-14 INFO TC_Sanity_DataCleanupPreference_Administration:650 - Displayed All These Conditions Must Satisfy To Identify Duplicate RadioButton Is Clicked
Administration-2024-09-14 INFO TC_Sanity_DataCleanupPreference_Administration:661 - Click On Create Dedupe Group By DropDown is Passed
Administration-2024-09-14 INFO TC_Sanity_DataCleanupPreference_Administration:670 - Click On Create Dedupe Group By Option is Passed
Administration-2024-09-14 INFO TC_Sanity_DataCleanupPreference_Administration:681 - Click On New Record Is Master Contact Record RadioButton is Passed
Administration-2024-09-14 INFO TC_Sanity_DataCleanupPreference_Administration:690 - Displayed New Record Is Master Contact Record RadioButton Is Clicked
Administration-2024-09-14 INFO TC_Sanity_DataCleanupPreference_Administration:702 - Click On Old Record Is Master Contact Record RadioButton is Passed
Administration-2024-09-14 INFO TC_Sanity_DataCleanupPreference_Administration:711 - Displayed Old Record Is Master Contact Record RadioButton Is Clicked
Administration-2024-09-14 INFO TC_Sanity_DataCleanupPreference_Administration:722 - Click On Contact With Most Recent Activity Is The Master Contact Record RadioButton is Passed
Administration-2024-09-14 INFO TC_Sanity_DataCleanupPreference_Administration:731 - Displayed Contact With Most Recent Activity Is The Master Contact Record RadioButton Is Clicked
Administration-2024-09-14 INFO TC_Sanity_DataCleanupPreference_Administration:742 - Click On Newest Contact Is The Master Record RadioButton is Passed
Administration-2024-09-14 INFO TC_Sanity_DataCleanupPreference_Administration:751 - Displayed Newest Contact Is The Master Record RadioButton Is Clicked
Administration-2024-09-14 INFO TC_Sanity_DataCleanupPreference_Administration:762 - Click On oldest Contact Is The Master Record RadioButton is Passed
Administration-2024-09-14 INFO TC_Sanity_DataCleanupPreference_Administration:771 - Displayed oldest Contact Is The Master Record RadioButton Is Clicked
Administration-2024-09-14 INFO TC_Sanity_DataCleanupPreference_Administration:782 - Click On Send Merged Contact For Routing Check box is Passed
Administration-2024-09-14 INFO TC_Sanity_DataCleanupPreference_Administration:791 - Displayed Send Merged Contact For Routing Check box Is Clicked
Administration-2024-09-14 INFO TC_Sanity_DataCleanupPreference_Administration:802 - Click On Save Button For Merge Duplicate Contacts is Passed
Administration-2024-09-14 INFO TC_Sanity_DataCleanupPreference_Administration:811 - Displayed Success Message is Passed
Administration-2024-09-14 INFO TC_Sanity_DataCleanupPreference_Administration:825 - UnChecked the Merge Leads Against Matching Contacts CheckBox is Passed
Administration-2024-09-14 INFO TC_Sanity_DataCleanupPreference_Administration:834 - Click On Merge Leads Against Matching Contacts CheckBox is Passed
Administration-2024-09-14 INFO TC_Sanity_DataCleanupPreference_Administration:843 - Displayed Merge Leads Against Matching Contacts CheckBox is Checked
Administration-2024-09-14 INFO TC_Sanity_DataCleanupPreference_Administration:890 - Click On Email Only CheckBox is Passed
Administration-2024-09-14 INFO TC_Sanity_DataCleanupPreference_Administration:899 - Displayed Email Only CheckBox is Checked
Administration-2024-09-14 INFO TC_Sanity_DataCleanupPreference_Administration:910 - Click On Email And Company Or Account Name CheckBox is Passed
Administration-2024-09-14 INFO TC_Sanity_DataCleanupPreference_Administration:919 - Displayed Email And Company Or Account Name CheckBox is Checked
Administration-2024-09-14 INFO TC_Sanity_DataCleanupPreference_Administration:930 - Click On FirstName, LastName And Company Or AccountName CheckBox is Passed
Administration-2024-09-14 INFO TC_Sanity_DataCleanupPreference_Administration:939 - Displayed FirstName, LastName And Company Or AccountName CheckBox is Checked
Administration-2024-09-14 INFO TC_Sanity_DataCleanupPreference_Administration:950 - Click On Account Name Only CheckBox is Passed
Administration-2024-09-14 INFO TC_Sanity_DataCleanupPreference_Administration:959 - Displayed Account Name Only CheckBox is Checked
Administration-2024-09-14 INFO TC_Sanity_DataCleanupPreference_Administration:970 - Click On FirstName, LastName And PhoneNumber CheckBox is Passed
Administration-2024-09-14 INFO TC_Sanity_DataCleanupPreference_Administration:979 - Displayed FirstName, LastName And PhoneNumber CheckBox is Checked
Administration-2024-09-14 INFO TC_Sanity_DataCleanupPreference_Administration:990 - Click On FirstName, LastName And Email CheckBox is Passed
Administration-2024-09-14 INFO TC_Sanity_DataCleanupPreference_Administration:999 - Displayed FirstName, LastName And Email CheckBox is Checked
Administration-2024-09-14 INFO TC_Sanity_DataCleanupPreference_Administration:1010 - Click On All These Conditions Must Satisfy To Identify Duplicate RadioButton is Passed
Administration-2024-09-14 INFO TC_Sanity_DataCleanupPreference_Administration:1019 - Displayed All These Conditions Must Satisfy To Identify Duplicate RadioButton Is Clicked
Administration-2024-09-14 INFO TC_Sanity_DataCleanupPreference_Administration:1030 - Click On New Contact Record Is The Master Record RadioButton is Passed
Administration-2024-09-14 INFO TC_Sanity_DataCleanupPreference_Administration:1039 - Displayed New Contact Record Is The Master Record RadioButton Is Clicked
Administration-2024-09-14 INFO TC_Sanity_DataCleanupPreference_Administration:1050 - Click On Existing Contact Owner Owns The Merged Record RadioButton is Passed
Administration-2024-09-14 INFO TC_Sanity_DataCleanupPreference_Administration:1059 - Displayed Existing Contact Owner Owns The Merged Record RadioButton Is Clicked
Administration-2024-09-14 INFO TC_Sanity_DataCleanupPreference_Administration:1070 - Click On Existing Lead Owner Owns The Merged Record RadioButton is Passed
Administration-2024-09-14 INFO TC_Sanity_DataCleanupPreference_Administration:1079 - Displayed Existing Lead Owner Owns The Merged Record RadioButton Is Clicked
Administration-2024-09-14 INFO TC_Sanity_DataCleanupPreference_Administration:1090 - Click On Old Contact Record Is The Master Record RadioButton is Passed
Administration-2024-09-14 INFO TC_Sanity_DataCleanupPreference_Administration:1099 - Displayed Old Contact Record Is The Master Record RadioButton Is Clicked
Administration-2024-09-14 INFO TC_Sanity_DataCleanupPreference_Administration:1110 - Click On Existing Contact Owner Owns The Merged Record RadioButton is Passed
Administration-2024-09-14 INFO TC_Sanity_DataCleanupPreference_Administration:1119 - Displayed Existing Contact Owner Owns The Merged Record RadioButton Is Clicked
Administration-2024-09-14 INFO TC_Sanity_DataCleanupPreference_Administration:1130 - Click On Existing Lead Owner Owns The Merged Record RadioButton is Passed
Administration-2024-09-14 INFO TC_Sanity_DataCleanupPreference_Administration:1139 - Displayed Existing Lead Owner Owns The Merged Record RadioButton Is Clicked
Administration-2024-09-14 INFO TC_Sanity_DataCleanupPreference_Administration:1150 - Click On Send Merged Contact For Routing CheckBox is Passed
Administration-2024-09-14 INFO TC_Sanity_DataCleanupPreference_Administration:1159 - Displayed Send Merged Contact For Routing CheckBox is Checked
Administration-2024-09-14 INFO TC_Sanity_DataCleanupPreference_Administration:1170 - Click On Save Button For Merge Leads Against Matching Contacts is Passed
Administration-2024-09-14 INFO TC_Sanity_DataCleanupPreference_Administration:1179 - Displayed Success Message is Passed
Administration-2024-09-14 INFO TC_Sanity_DataCleanupPreference_Administration:1193 - UnChecked the Convert Leads In To Contact If A Matching Account Is Found CheckBox is Passed
Administration-2024-09-14 INFO TC_Sanity_DataCleanupPreference_Administration:1202 - Click On Convert Leads In To Contact If A Matching Account Is Found CheckBox is Passed
Administration-2024-09-14 INFO TC_Sanity_DataCleanupPreference_Administration:1211 - Displayed Convert Leads In To Contact If A Matching Account Is Found CheckBox is Checked
Administration-2024-09-14 INFO TC_Sanity_DataCleanupPreference_Administration:1259 - Click On Existing Account Owner Owns The New Contact Record RadioButton is Passed
Administration-2024-09-14 INFO TC_Sanity_DataCleanupPreference_Administration:1268 - Displayed Existing Account Owner Owns The New Contact Record RadioButton Is Clicked
Administration-2024-09-14 INFO TC_Sanity_DataCleanupPreference_Administration:1279 - Click On Existing Leads Owner Owns The New Contact Record RadioButton is Passed
Administration-2024-09-14 INFO TC_Sanity_DataCleanupPreference_Administration:1288 - Displayed Existing Leads Owner Owns The New Contact Record RadioButton Is Clicked
Administration-2024-09-14 INFO TC_Sanity_DataCleanupPreference_Administration:1299 - Click On Save Button For Convert Leads InTo Contact If A Matching Account Is Found is Passed
Administration-2024-09-14 INFO TC_Sanity_DataCleanupPreference_Administration:1308 - Displayed Success Message is Passed
Administration-2024-09-14 INFO TC_Sanity_DataCleanupPreference_Administration:1322 - UnChecked the Convert Leads In To Contact And Account If A Matching Account Is Found CheckBox is Passed
Administration-2024-09-14 INFO TC_Sanity_DataCleanupPreference_Administration:1331 - Click On Convert Leads In To Contact And Account If A Matching Account Is Found CheckBox is Passed
Administration-2024-09-14 INFO TC_Sanity_DataCleanupPreference_Administration:1340 - Displayed Convert Leads In To Contact And Account If A Matching Account Is Found CheckBox is Checked
Administration-2024-09-14 INFO TC_Sanity_DataCleanupPreference_Administration:1387 - Click On SFDCA dmin Owns The New Contact And Account Record RadioButton is Passed
Administration-2024-09-14 INFO TC_Sanity_DataCleanupPreference_Administration:1396 - Displayed SFDCA dmin Owns The New Contact And Account Record RadioButton Is Clicked
Administration-2024-09-14 INFO TC_Sanity_DataCleanupPreference_Administration:1407 - Click On Existing Lead Owner Owns The New Contact And Account Record RadioButton is Passed
Administration-2024-09-14 INFO TC_Sanity_DataCleanupPreference_Administration:1416 - Displayed Existing Lead Owner Owns The New Contact And Account Record RadioButton Is Clicked
Administration-2024-09-14 INFO TC_Sanity_DataCleanupPreference_Administration:1427 - Click On Save Button For Convert leads into contact and account if no matching account is found is Passed
Administration-2024-09-14 INFO TC_Sanity_DataCleanupPreference_Administration:1436 - Displayed Success Message is Passed
Administration-2024-09-14 INFO TC_Sanity_DataCleanupPreference_Administration:1444 - //*******************************Detail Tab ************************
Administration-2024-09-14 INFO TC_Sanity_DataCleanupPreference_Administration:1448 - Click On Detail Tab is Passed
Administration-2024-09-14 INFO TC_Sanity_DataCleanupPreference_Administration:1463 - Not showing 'Undefined' for Last Updated On
Administration-2024-09-14 INFO TC_Sanity_DataCleanupPreference_Administration:1474 - Not showing 'Undefined' for Last Updated By
