Administration-2024-09-14 INFO BaseClass:123 - ======================================= INFORMATION ======================================
Administration-2024-09-14 INFO BaseClass:130 - Login Scenario Started for ADMIN-USER
Administration-2024-09-14 INFO BaseClass:131 - https://app.leadangel.com/index.html#/
Administration-2024-09-14 INFO BaseClass:132 - 1667
Administration-2024-09-14 INFO BaseClass:133 - ganesh@leadangel.com
Administration-2024-09-14 INFO BaseClass:135 - Entered ClientID
Administration-2024-09-14 INFO BaseClass:137 - Entered Email
Administration-2024-09-14 INFO BaseClass:139 - Entered Password
Administration-2024-09-14 INFO BaseClass:141 - Click on Submit
Administration-2024-09-14 INFO TC_Sanity_RoutingPreference_Administration:25 - Click on Administration is Passed
Administration-2024-09-14 INFO TC_Sanity_RoutingPreference_Administration:34 - Click On Preference is Passed
Administration-2024-09-14 INFO TC_Sanity_RoutingPreference_Administration:43 - Displyed Routing Preference Icon is Passed
Administration-2024-09-14 INFO TC_Sanity_RoutingPreference_Administration:53 - Click On Routing Preference Icon is Passed
Administration-2024-09-14 INFO TC_Sanity_RoutingPreference_Administration:62 - Displayed Routing Preference In Tabs Row is Passed
Administration-2024-09-14 INFO TC_Sanity_RoutingPreference_Administration:72 - Displayed Routing Preference In Left Side Menu is Passed
Administration-2024-09-14 INFO TC_Sanity_RoutingPreference_Administration:101 - UnChecked the Assign To Inactive Owners Manager CheckBox is Passed
Administration-2024-09-14 INFO TC_Sanity_RoutingPreference_Administration:110 - Click On Assign To Inactive Owners Manager CheckBox is Passed
Administration-2024-09-14 INFO TC_Sanity_RoutingPreference_Administration:119 - Displayed Assign To Inactive Owners Manager CheckBox is Checked
Administration-2024-09-14 INFO TC_Sanity_RoutingPreference_Administration:155 - UnChecked the Reassign Partner Leads CheckBox is Passed
Administration-2024-09-14 INFO TC_Sanity_RoutingPreference_Administration:164 - Click On Reassign Partner Leads CheckBox is Passed
Administration-2024-09-14 INFO TC_Sanity_RoutingPreference_Administration:173 - Displayed Reassign Partner Leads CheckBox is Checked
Administration-2024-09-14 INFO TC_Sanity_RoutingPreference_Administration:207 - Select Number Of Inactivity Days To Reassign Leads is Passed
Administration-2024-09-14 INFO TC_Sanity_RoutingPreference_Administration:217 - click on Label Name dropdown is Passed
Administration-2024-09-14 INFO TC_Sanity_RoutingPreference_Administration:226 - Click On Label Name Option is Passed
Administration-2024-09-14 INFO TC_Sanity_RoutingPreference_Administration:236 - Click On Save Button For Assignment Options is Passed
Administration-2024-09-14 INFO TC_Sanity_RoutingPreference_Administration:245 - Displayed Success Message is Passed
Administration-2024-09-14 INFO TC_Sanity_RoutingPreference_Administration:268 - ********Group Leads By********
Administration-2024-09-14 INFO TC_Sanity_RoutingPreference_Administration:274 - Clear the selected attribute For GroupLeadsBy is Passed
Administration-2024-09-14 INFO TC_Sanity_RoutingPreference_Administration:283 - Click On Custom Groups Save Button is Passed
Administration-2024-09-14 INFO TC_Sanity_RoutingPreference_Administration:292 - Click On Confirm Button is Passed
Administration-2024-09-14 INFO TC_Sanity_RoutingPreference_Administration:301 - Displayed Success Message is Passed
Administration-2024-09-14 INFO TC_Sanity_RoutingPreference_Administration:323 - Click On Dropdown For GroupLeadsBy is Passed
Administration-2024-09-14 INFO TC_Sanity_RoutingPreference_Administration:332 - Select Lead Attribute Option is Passed
Administration-2024-09-14 INFO TC_Sanity_RoutingPreference_Administration:341 - Click On Custom Groups Save Button is Passed
Administration-2024-09-14 INFO TC_Sanity_RoutingPreference_Administration:350 - Displayed Success Message is Passed
Administration-2024-09-14 INFO TC_Sanity_RoutingPreference_Administration:362 - Click On Dropdown For GroupLeadsBy is Passed
Administration-2024-09-14 INFO TC_Sanity_RoutingPreference_Administration:371 - Select Lead Attribute Option is Passed
Administration-2024-09-14 INFO TC_Sanity_RoutingPreference_Administration:380 - Click On Custom Groups Save Button is Passed
Administration-2024-09-14 INFO TC_Sanity_RoutingPreference_Administration:389 - Displayed Success Message is Passed
Administration-2024-09-14 INFO TC_Sanity_RoutingPreference_Administration:400 - Click On Dropdown For GroupLeadsBy is Passed
Administration-2024-09-14 INFO TC_Sanity_RoutingPreference_Administration:409 - Select Lead Attribute Option is Passed
Administration-2024-09-14 INFO TC_Sanity_RoutingPreference_Administration:418 - Click On Custom Groups Save Button is Passed
Administration-2024-09-14 INFO TC_Sanity_RoutingPreference_Administration:427 - Click On Confirm Button is Passed
Administration-2024-09-14 INFO TC_Sanity_RoutingPreference_Administration:436 - Displayed Success Message is Passed
Administration-2024-09-14 INFO TC_Sanity_RoutingPreference_Administration:485 - ********Group Contact by********
Administration-2024-09-14 INFO TC_Sanity_RoutingPreference_Administration:491 - Clear the selected attribute For GroupContactBy is Passed
Administration-2024-09-14 INFO TC_Sanity_RoutingPreference_Administration:500 - Click On Custom Groups Save Button is Passed
Administration-2024-09-14 INFO TC_Sanity_RoutingPreference_Administration:509 - Click On Confirm Button is Passed
Administration-2024-09-14 INFO TC_Sanity_RoutingPreference_Administration:518 - Displayed Success Message is Passed
Administration-2024-09-14 INFO TC_Sanity_RoutingPreference_Administration:540 - Click On Dropdown For GroupContactBy is Passed
Administration-2024-09-14 INFO TC_Sanity_RoutingPreference_Administration:549 - Select Contact Attribute Option is Passed
Administration-2024-09-14 INFO TC_Sanity_RoutingPreference_Administration:558 - Click On Custom Groups Save Button is Passed
Administration-2024-09-14 INFO TC_Sanity_RoutingPreference_Administration:567 - Displayed Success Message is Passed
Administration-2024-09-14 INFO TC_Sanity_RoutingPreference_Administration:579 - Click On Dropdown For GroupContactBy is Passed
Administration-2024-09-14 INFO TC_Sanity_RoutingPreference_Administration:588 - Select Contact Attribute Option is Passed
Administration-2024-09-14 INFO TC_Sanity_RoutingPreference_Administration:597 - Click On Custom Groups Save Button is Passed
Administration-2024-09-14 INFO TC_Sanity_RoutingPreference_Administration:617 - Click On Dropdown For GroupContactBy is Passed
Administration-2024-09-14 INFO TC_Sanity_RoutingPreference_Administration:626 - Select Contact Attribute Option is Passed
Administration-2024-09-14 INFO TC_Sanity_RoutingPreference_Administration:635 - Click On Custom Groups Save Button is Passed
Administration-2024-09-14 INFO TC_Sanity_RoutingPreference_Administration:644 - Click On Confirm Button is Passed
Administration-2024-09-14 INFO TC_Sanity_RoutingPreference_Administration:653 - Displayed Success Message is Passed
Administration-2024-09-14 INFO TC_Sanity_RoutingPreference_Administration:703 - ******** Group Account by ********
Administration-2024-09-14 INFO TC_Sanity_RoutingPreference_Administration:709 - Clear the selected attribute For GroupAccountBy is Passed
Administration-2024-09-14 INFO TC_Sanity_RoutingPreference_Administration:718 - Click On Custom Groups Save Button is Passed
Administration-2024-09-14 INFO TC_Sanity_RoutingPreference_Administration:727 - Click On Confirm Button is Passed
Administration-2024-09-14 INFO TC_Sanity_RoutingPreference_Administration:736 - Displayed Success Message is Passed
Administration-2024-09-14 INFO TC_Sanity_RoutingPreference_Administration:758 - Click On Dropdown For GroupAccountBy is Passed
Administration-2024-09-14 INFO TC_Sanity_RoutingPreference_Administration:767 - Select Account Attribute Option is Passed
Administration-2024-09-14 INFO TC_Sanity_RoutingPreference_Administration:776 - Click On Custom Groups Save Button is Passed
Administration-2024-09-14 INFO TC_Sanity_RoutingPreference_Administration:785 - Displayed Success Message is Passed
Administration-2024-09-14 INFO TC_Sanity_RoutingPreference_Administration:797 - Click On Dropdown For GroupAccountBy is Passed
Administration-2024-09-14 INFO TC_Sanity_RoutingPreference_Administration:806 - Select Account Attribute Option is Passed
Administration-2024-09-14 INFO TC_Sanity_RoutingPreference_Administration:815 - Click On Custom Groups Save Button is Passed
Administration-2024-09-14 INFO TC_Sanity_RoutingPreference_Administration:824 - Displayed Success Message is Passed
Administration-2024-09-14 INFO TC_Sanity_RoutingPreference_Administration:835 - Click On Dropdown For GroupAccountBy is Passed
Administration-2024-09-14 INFO TC_Sanity_RoutingPreference_Administration:844 - Select Account Attribute Option is Passed
Administration-2024-09-14 INFO TC_Sanity_RoutingPreference_Administration:853 - Click On Custom Groups Save Button is Passed
Administration-2024-09-14 INFO TC_Sanity_RoutingPreference_Administration:862 - Click On Confirm Button is Passed
Administration-2024-09-14 INFO TC_Sanity_RoutingPreference_Administration:871 - Displayed Success Message is Passed
Administration-2024-09-14 INFO TC_Sanity_RoutingPreference_Administration:920 - ******** Group Opportunity by ********
Administration-2024-09-14 INFO TC_Sanity_RoutingPreference_Administration:926 - Clear the selected attribute For GroupOpportunityBy is Passed
Administration-2024-09-14 INFO TC_Sanity_RoutingPreference_Administration:935 - Click On Custom Groups Save Button is Passed
Administration-2024-09-14 INFO TC_Sanity_RoutingPreference_Administration:944 - Click On Confirm Button is Passed
Administration-2024-09-14 INFO TC_Sanity_RoutingPreference_Administration:953 - Displayed Success Message is Passed
Administration-2024-09-14 INFO TC_Sanity_RoutingPreference_Administration:975 - Click On Dropdown For GroupOpportunityBy is Passed
Administration-2024-09-14 INFO TC_Sanity_RoutingPreference_Administration:984 - Select Opportunity Attribute Option is Passed
Administration-2024-09-14 INFO TC_Sanity_RoutingPreference_Administration:993 - Click On Custom Groups Save Button is Passed
Administration-2024-09-14 INFO TC_Sanity_RoutingPreference_Administration:1002 - Displayed Success Message is Passed
Administration-2024-09-14 INFO TC_Sanity_RoutingPreference_Administration:1014 - Click On Dropdown For GroupOpportunityBy is Passed
Administration-2024-09-14 INFO TC_Sanity_RoutingPreference_Administration:1023 - Select Opportunity Attribute Option is Passed
Administration-2024-09-14 INFO TC_Sanity_RoutingPreference_Administration:1032 - Click On Custom Groups Save Button is Passed
Administration-2024-09-14 INFO TC_Sanity_RoutingPreference_Administration:1041 - Displayed Success Message is Passed
Administration-2024-09-14 INFO TC_Sanity_RoutingPreference_Administration:1052 - Click On Dropdown For GroupOpportunityBy is Passed
Administration-2024-09-14 INFO TC_Sanity_RoutingPreference_Administration:1061 - Select Opportunity Attribute Option is Passed
Administration-2024-09-14 INFO TC_Sanity_RoutingPreference_Administration:1070 - Click On Custom Groups Save Button is Passed
Administration-2024-09-14 INFO TC_Sanity_RoutingPreference_Administration:1079 - Click On Confirm Button is Passed
Administration-2024-09-14 INFO TC_Sanity_RoutingPreference_Administration:1088 - Displayed Success Message is Passed
Administration-2024-09-14 INFO TC_Sanity_RoutingPreference_Administration:1137 - //******************************* Detail Tab ************************
Administration-2024-09-14 INFO TC_Sanity_RoutingPreference_Administration:1141 - Click On Detail Tab is Passed
