Administration-2024-09-14 INFO BaseClass:123 - ======================================= INFORMATION ======================================
Administration-2024-09-14 INFO BaseClass:130 - Login Scenario Started for ADMIN-USER
Administration-2024-09-14 INFO BaseClass:131 - https://app.leadangel.com/index.html#/
Administration-2024-09-14 INFO BaseClass:132 - 1667
Administration-2024-09-14 INFO BaseClass:133 - ganesh@leadangel.com
Administration-2024-09-14 INFO BaseClass:135 - Entered ClientID
Administration-2024-09-14 INFO BaseClass:137 - Entered Email
Administration-2024-09-14 INFO BaseClass:139 - Entered Password
Administration-2024-09-14 INFO BaseClass:141 - Click on Submit
Administration-2024-09-14 INFO TC_Sanity_Account_DataDictionaryIndex_Administration:32 - Click on Administration is Passed
Administration-2024-09-14 INFO TC_Sanity_Account_DataDictionaryIndex_Administration:41 - Click on DataDictionaryIndex is Passed
Administration-2024-09-14 INFO TC_Sanity_Account_DataDictionaryIndex_Administration:50 - Click on AccountBox is Passed
Administration-2024-09-14 INFO TC_Sanity_Account_DataDictionaryIndex_Administration:58 - **************************************** AccountAttributes Operation *******************************************
Administration-2024-09-14 INFO TC_Sanity_Account_DataDictionaryIndex_Administration:304 - Displayed Alert Message,So skipped AccountAttributes Opeartion
Administration-2024-09-14 INFO TC_Sanity_Account_DataDictionaryIndex_Administration:309 - **************************************** Account Activity Attributes Operation*******************************************
Administration-2024-09-14 INFO TC_Sanity_Account_DataDictionaryIndex_Administration:313 - Click On Dropdown for Account Activity Attributes is Passed
Administration-2024-09-14 INFO TC_Sanity_Account_DataDictionaryIndex_Administration:567 - Displayed Alert Message,So skipped Account Activity Attributes Opeartion
Administration-2024-09-14 INFO TC_Sanity_Account_DataDictionaryIndex_Administration:571 - //*********************************************** Detail Tab *******************************************
Administration-2024-09-14 INFO TC_Sanity_Account_DataDictionaryIndex_Administration:575 - Click On Detail Tab is Passed
Administration-2024-09-14 INFO TC_Sanity_Account_DataDictionaryIndex_Administration:589 - Not showing 'Undefined' for Last Updated On
Administration-2024-09-14 INFO TC_Sanity_Account_DataDictionaryIndex_Administration:600 - Not showing 'Undefined' for Last Updated By
