Administration-2024-09-16 INFO BaseClass:123 - ======================================= INFORMATION ======================================
Administration-2024-09-16 INFO BaseClass:130 - Login Scenario Started for ADMIN-USER
Administration-2024-09-16 INFO BaseClass:131 - https://app.leadangel.com/index.html#/
Administration-2024-09-16 INFO BaseClass:132 - 1667
Administration-2024-09-16 INFO BaseClass:133 - ganesh@leadangel.com
Administration-2024-09-16 INFO BaseClass:135 - Entered ClientID
Administration-2024-09-16 INFO BaseClass:137 - Entered Email
Administration-2024-09-16 INFO BaseClass:139 - Entered Password
Administration-2024-09-16 INFO BaseClass:141 - Click on Submit
Administration-2024-09-16 INFO TC_Sanity_Recaptcha_Administartion:36 - Click on Administration is Passed
Administration-2024-09-16 INFO TC_Sanity_Recaptcha_Administartion:45 - Click On WebToLead Dropdown is Passed
Administration-2024-09-16 INFO TC_Sanity_Recaptcha_Administartion:54 - Click On Recaptcha is Passed
Administration-2024-09-16 INFO TC_Sanity_Recaptcha_Administartion:61 - *********************************** Add New re-Captcha************************************
Administration-2024-09-16 INFO TC_Sanity_Recaptcha_Administartion:65 - Click On AddButton From Console is Passed
Administration-2024-09-16 INFO TC_Sanity_Recaptcha_Administartion:76 - Enter EnterKeyName is Passed!!!
Administration-2024-09-16 INFO TC_Sanity_Recaptcha_Administartion:85 - Enter Site Key Name is Passed
Administration-2024-09-16 INFO TC_Sanity_Recaptcha_Administartion:94 - Enter Security Key is Passed
Administration-2024-09-16 INFO TC_Sanity_Recaptcha_Administartion:104 - Click On Add Button is Passed
Administration-2024-09-16 INFO TC_Sanity_Recaptcha_Administartion:113 - Displayed 'Inserted Successfully' Message is Passed
Administration-2024-09-16 INFO TC_Sanity_Recaptcha_Administartion:121 - *********************************** Edit Operation************************************
Administration-2024-09-16 INFO TC_Sanity_Recaptcha_Administartion:125 - Click On Edit Button is Passed
Administration-2024-09-16 INFO TC_Sanity_Recaptcha_Administartion:134 - Edit Site Key is Passed
Administration-2024-09-16 INFO TC_Sanity_Recaptcha_Administartion:143 - Click On Update Button is Passed
Administration-2024-09-16 INFO TC_Sanity_Recaptcha_Administartion:152 - Displayed Update Success Message is Passed
Administration-2024-09-16 INFO TC_Sanity_Recaptcha_Administartion:161 - *********************************** Search Operation************************************
Administration-2024-09-16 INFO TC_Sanity_Recaptcha_Administartion:166 - Enter EnterKeyName is Passed!!!
Administration-2024-09-16 INFO TC_Sanity_Recaptcha_Administartion:175 - Displayed Text which is Entered in search box is Passed
Administration-2024-09-16 INFO TC_Sanity_Recaptcha_Administartion:184 - Click On Close Mark From The SearchBox is Passed
Administration-2024-09-16 INFO TC_Sanity_Recaptcha_Administartion:191 - *********************************** Visibility Icon Operation************************************
Administration-2024-09-16 INFO TC_Sanity_Recaptcha_Administartion:195 - Click On Site key Visibility Icon is Passed
Administration-2024-09-16 INFO TC_Sanity_Recaptcha_Administartion:204 - Displayed SiteKey in text formate is Passed
Administration-2024-09-16 INFO TC_Sanity_Recaptcha_Administartion:213 - Click again Site key Visibility Icon is Passed
Administration-2024-09-16 INFO TC_Sanity_Recaptcha_Administartion:222 - Displayed SiteKey in Doted symbol formate is Passed
Administration-2024-09-16 INFO TC_Sanity_Recaptcha_Administartion:229 - //*********************************************** Detail Tab *******************************************
Administration-2024-09-16 INFO TC_Sanity_Recaptcha_Administartion:233 - Click On Detail Tab is Passed
Administration-2024-09-16 INFO TC_Sanity_Recaptcha_Administartion:247 - Not showing 'Undefined' for Last Updated
Administration-2024-09-16 INFO TC_Sanity_Recaptcha_Administartion:258 - Not showing 'Undefined' for Last Updated By
Administration-2024-09-16 INFO TC_Sanity_Recaptcha_Administartion:263 - *********************************** Use Recaptch In Forms ************************************
Administration-2024-09-16 INFO TC_Sanity_Recaptcha_Administartion:267 - Context Click On Forms is Passed
Administration-2024-09-16 INFO TC_Sanity_Recaptcha_Administartion:276 - Click On NewOForms is Passed
Administration-2024-09-16 INFO TC_Sanity_Recaptcha_Administartion:285 - Enter AutoTestObject is PASSED!!
Administration-2024-09-16 INFO TC_Sanity_Recaptcha_Administartion:294 - Click On Save Button is PASSED!!
Administration-2024-09-16 INFO TC_Sanity_Recaptcha_Administartion:304 - Duplicate Object Found, Try to delete the Object NOW!!! then Creating New Object!!
Administration-2024-09-16 INFO TC_Sanity_Recaptcha_Administartion:308 - Click On Forms Dropdown is PASSED!!
Administration-2024-09-16 INFO TC_Sanity_Recaptcha_Administartion:317 - RightClick On AutoTestObject is PASSED!!
Administration-2024-09-16 INFO TC_Sanity_Recaptcha_Administartion:326 - Click On Delete button is Passed!!!
Administration-2024-09-16 INFO TC_Sanity_Recaptcha_Administartion:335 - Click Again Delete button is Passed!!!
Administration-2024-09-16 INFO TC_Sanity_Recaptcha_Administartion:391 - Context Click On Forms is Passed
Administration-2024-09-16 INFO TC_Sanity_Recaptcha_Administartion:400 - Click On NewForms is Passed
Administration-2024-09-16 INFO TC_Sanity_Recaptcha_Administartion:409 - Enter AutoTestObject Name is PASSED!!
Administration-2024-09-16 INFO TC_Sanity_Recaptcha_Administartion:418 - Click on Save Button is Passed
Administration-2024-09-16 INFO TC_Sanity_Recaptcha_Administartion:430 - Refreshing The Page!!
Administration-2024-09-16 INFO TC_Sanity_Recaptcha_Administartion:435 - Display FormsOverView Page is passed
Administration-2024-09-16 INFO TC_Sanity_Recaptcha_Administartion:440 - Click On Forms DropDown is passed
Administration-2024-09-16 INFO TC_Sanity_Recaptcha_Administartion:449 - Click On AutoTestObject is PASSED!!
Administration-2024-09-16 INFO TC_Sanity_Recaptcha_Administartion:460 - ===========================================SetUp Page Operation===========================================!
Administration-2024-09-16 INFO TC_Sanity_Recaptcha_Administartion:464 - Click On SetUp Button is PASSED!!
Administration-2024-09-16 INFO TC_Sanity_Recaptcha_Administartion:473 - Click On LeadRouter DropDown is PASSED!!
Administration-2024-09-16 INFO TC_Sanity_Recaptcha_Administartion:482 - Select LeadRouter Option is PASSED!!
Administration-2024-09-16 INFO TC_Sanity_Recaptcha_Administartion:492 - Enter Default Calender URL is PASSED!!
Administration-2024-09-16 INFO TC_Sanity_Recaptcha_Administartion:501 - Enter ThankYouPage URL is PASSED!!
Administration-2024-09-16 INFO TC_Sanity_Recaptcha_Administartion:510 - Click On Save Button For SetUpPage is PASSED!!
Administration-2024-09-16 INFO TC_Sanity_Recaptcha_Administartion:519 - Dislayed Success Message is PASSED!!
Administration-2024-09-16 INFO TC_Sanity_Recaptcha_Administartion:525 - ===========================================Web To Lead Form Operation===========================================!
Administration-2024-09-16 INFO TC_Sanity_Recaptcha_Administartion:529 - Click On WebToLeadForm is PASSED!!
Administration-2024-09-16 INFO TC_Sanity_Recaptcha_Administartion:535 - ********************* Re-Captcha operation *********************
Administration-2024-09-16 INFO TC_Sanity_Recaptcha_Administartion:539 - Click On CheckBox IncludeReCaptcha is PASSED!!
Administration-2024-09-16 INFO TC_Sanity_Recaptcha_Administartion:548 - Click On DropDown ReCaptcha is PASSED!!
Administration-2024-09-16 INFO TC_Sanity_Recaptcha_Administartion:557 - Select Reacaptcha Option is PASSED!!
Administration-2024-09-16 INFO TC_Sanity_Recaptcha_Administartion:566 - Click On Generate Button is PASSED!!
Administration-2024-09-16 INFO TC_Sanity_Recaptcha_Administartion:575 - Click On Copy Button is PASSED!!
Administration-2024-09-16 INFO TC_Sanity_Recaptcha_Administartion:584 - Dislay CodeCopied Successfully Message is PASSED!!
Administration-2024-09-16 INFO TC_Sanity_Recaptcha_Administartion:593 - Click On Close Button is PASSED!!
Administration-2024-09-16 INFO TC_Sanity_Recaptcha_Administartion:600 - =================================== Go back to Recaptcha =======================================
Administration-2024-09-16 INFO TC_Sanity_Recaptcha_Administartion:602 - ************************* Delete Operation **************************
Administration-2024-09-16 INFO TC_Sanity_Recaptcha_Administartion:606 - Click On Recaptcha is Passed
Administration-2024-09-16 INFO TC_Sanity_Recaptcha_Administartion:615 - Click On Delete Icon is Passed
Administration-2024-09-16 INFO TC_Sanity_Recaptcha_Administartion:624 - Click On Delete Button is Passed
Administration-2024-09-16 INFO TC_Sanity_Recaptcha_Administartion:633 - Displayed Cannot Delete Error Message is Passed
Administration-2024-09-16 INFO TC_Sanity_Recaptcha_Administartion:641 - *********************************** Edit Operation after Used Recaptcha in Forms************************************
Administration-2024-09-16 INFO TC_Sanity_Recaptcha_Administartion:645 - Click On Edit Button is Passed
Administration-2024-09-16 INFO TC_Sanity_Recaptcha_Administartion:654 - Edit Site Key is Passed
Administration-2024-09-16 INFO TC_Sanity_Recaptcha_Administartion:663 - Click On Update Button is Passed
Administration-2024-09-16 INFO TC_Sanity_Recaptcha_Administartion:672 - Displayed Cannot Edit Error Message is Passed
Administration-2024-09-16 INFO TC_Sanity_Recaptcha_Administartion:680 - *********************************** UnUsed Recaptcha in Forms and Perform delete Operation************************************
Administration-2024-09-16 INFO TC_Sanity_Recaptcha_Administartion:684 - Click On AutoTestObject is Passed
Administration-2024-09-16 INFO TC_Sanity_Recaptcha_Administartion:693 - Click On WebToLeadForm is PASSED!!
Administration-2024-09-16 INFO TC_Sanity_Recaptcha_Administartion:699 - ********************* Re-Captcha operation *********************
Administration-2024-09-16 INFO TC_Sanity_Recaptcha_Administartion:703 - Click On DropDown ReCaptcha is PASSED!!
Administration-2024-09-16 INFO TC_Sanity_Recaptcha_Administartion:712 - Select Reacaptcha Option is PASSED!!
Administration-2024-09-16 INFO TC_Sanity_Recaptcha_Administartion:721 - Click On Generate Button is PASSED!!
Administration-2024-09-16 INFO TC_Sanity_Recaptcha_Administartion:730 - Click On Copy Button is PASSED!!
Administration-2024-09-16 INFO TC_Sanity_Recaptcha_Administartion:739 - Dislay CodeCopied Successfully Message is PASSED!!
Administration-2024-09-16 INFO TC_Sanity_Recaptcha_Administartion:748 - Click On Close Button is PASSED!!
Administration-2024-09-16 INFO TC_Sanity_Recaptcha_Administartion:755 - ================================= Go back to Recaptcha ===================================
Administration-2024-09-16 INFO TC_Sanity_Recaptcha_Administartion:757 - ************************* Delete Operation **************************
Administration-2024-09-16 INFO TC_Sanity_Recaptcha_Administartion:761 - Click On Recaptcha is Passed
Administration-2024-09-16 INFO TC_Sanity_Recaptcha_Administartion:770 - Click On Delete Icon is Passed
Administration-2024-09-16 INFO TC_Sanity_Recaptcha_Administartion:779 - Click On Delete Button is Passed
Administration-2024-09-16 INFO TC_Sanity_Recaptcha_Administartion:788 - Displayed DeleteSuccess Message is Passed
