LeadManagement-2024-09-10 main INFO BaseClass:118 - ======================================= INFORMATION ======================================
LeadManagement-2024-09-10 main INFO BaseClass:125 - Login Scenario Started for ADMIN-USER
LeadManagement-2024-09-10 main INFO BaseClass:126 - https://app.leadangel.com/index.html#/
LeadManagement-2024-09-10 main INFO BaseClass:127 - 1667
LeadManagement-2024-09-10 main INFO BaseClass:128 - ganesh@leadangel.com
LeadManagement-2024-09-10 main INFO BaseClass:130 - Entered ClientID
LeadManagement-2024-09-10 main INFO BaseClass:132 - Entered Email
LeadManagement-2024-09-10 main INFO BaseClass:134 - Entered Password
LeadManagement-2024-09-10 main INFO BaseClass:136 - Click on Submit
LeadManagement-2024-09-10 main INFO TC_CrudOperation_AccountList:34 - Click on Lead Management is Passed
LeadManagement-2024-09-10 main INFO TC_CrudOperation_AccountList:43 - Click on Data Dictionary is Passed
LeadManagement-2024-09-10 main INFO TC_CrudOperation_AccountList:52 - Right Click on AccountList is Passed
LeadManagement-2024-09-10 main INFO TC_CrudOperation_AccountList:61 - Click on New Account list is PASSED!!
LeadManagement-2024-09-10 main INFO TC_CrudOperation_AccountList:69 - //===============================CREATE OBJECT SCENARIO START========================================!
LeadManagement-2024-09-10 main INFO TC_CrudOperation_AccountList:72 - Enter AutoTestObject Name is PASSED!!
LeadManagement-2024-09-10 main INFO TC_CrudOperation_AccountList:81 - Enter Description is Passed
LeadManagement-2024-09-10 main INFO TC_CrudOperation_AccountList:90 - Clicked on Save Button is Passed
LeadManagement-2024-09-10 main INFO TC_CrudOperation_AccountList:234 - Refreshing The Page!!
LeadManagement-2024-09-10 main INFO TC_CrudOperation_AccountList:267 - Click On AccountList Attribute is passed
LeadManagement-2024-09-10 main INFO TC_CrudOperation_AccountList:275 - //================================================DND  Account List Operation===============================================
LeadManagement-2024-09-10 main INFO TC_CrudOperation_AccountList:279 - Drag and Drop AccountList is Passed
LeadManagement-2024-09-10 main INFO TC_CrudOperation_AccountList:290 - Select In option in Account Name is PASSED!!
LeadManagement-2024-09-10 main INFO TC_CrudOperation_AccountList:299 - Click on Add Button is PASSED!!
LeadManagement-2024-09-10 main INFO TC_CrudOperation_AccountList:308 - Select One Account is PASSED!!
LeadManagement-2024-09-10 main INFO TC_CrudOperation_AccountList:316 - Click on Save button is PASSED!!
LeadManagement-2024-09-10 main INFO TC_CrudOperation_AccountList:323 - //=======================================APPROVE SCENARIO START======================================//
LeadManagement-2024-09-10 main INFO TC_CrudOperation_AccountList:327 - Right Click On AutoTestObject is PASSED!!
LeadManagement-2024-09-10 main INFO TC_CrudOperation_AccountList:336 - Click On Approve Button AutoTestObject is PASSED!!
LeadManagement-2024-09-10 main INFO TC_CrudOperation_AccountList:344 - Click agian Approve button is passed
LeadManagement-2024-09-10 main INFO TC_CrudOperation_AccountList:348 - Display Approved button is PASSED!
LeadManagement-2024-09-10 main INFO TC_CrudOperation_AccountList:355 - //================================================ENTERING DETAILS PAGE===============================================
LeadManagement-2024-09-10 main INFO TC_CrudOperation_AccountList:359 - Enter Details Page is Passed!!!
LeadManagement-2024-09-10 main INFO TC_CrudOperation_AccountList:367 - Click On Description Edit button is Passed
LeadManagement-2024-09-10 main INFO TC_CrudOperation_AccountList:370 - Enter Description is passed
LeadManagement-2024-09-10 main INFO TC_CrudOperation_AccountList:373 - Click On Description Save button is Passed
LeadManagement-2024-09-10 main INFO TC_CrudOperation_AccountList:377 - Display 'No Record Found' is PASSED!!!
LeadManagement-2024-09-10 main INFO TC_CrudOperation_AccountList:385 - //*********************************************** Make Use of this Object In LeadRouter(LeadManagement) *******************************************
LeadManagement-2024-09-10 main INFO TC_CrudOperation_AccountList:389 - Click on leadRouting is PASSED!!
LeadManagement-2024-09-10 main INFO TC_CrudOperation_AccountList:398 - Right click on leadRouter is PASSED!!
LeadManagement-2024-09-10 main INFO TC_CrudOperation_AccountList:407 - Click on New Lead Router is Passed
LeadManagement-2024-09-10 main INFO TC_CrudOperation_AccountList:414 - //===============================CREATE OBJECT SCENARIO START========================================!
LeadManagement-2024-09-10 main INFO TC_CrudOperation_AccountList:418 - Enter Object name is PASSED!!
LeadManagement-2024-09-10 main INFO TC_CrudOperation_AccountList:427 - Enter data in Description is Passed
LeadManagement-2024-09-10 main INFO TC_CrudOperation_AccountList:436 - Click on Save Button is Passed
LeadManagement-2024-09-10 main INFO TC_CrudOperation_AccountList:445 - Duplicate Object Found, Try to delete the Object NOW!!! then Creating New Object!!
LeadManagement-2024-09-10 main INFO TC_CrudOperation_AccountList:449 - Click on Lead Router Dropdown is passed
LeadManagement-2024-09-10 main INFO TC_CrudOperation_AccountList:458 - RightClick On AutoTestObject is PASSED!!
LeadManagement-2024-09-10 main INFO TC_CrudOperation_AccountList:466 - Click On Delete button is Passed!!!
LeadManagement-2024-09-10 main INFO TC_CrudOperation_AccountList:475 - Click Again Delete button is Passed!!!
LeadManagement-2024-09-10 main INFO TC_CrudOperation_AccountList:532 - Right Click on LeadRouter is PASSED!!
LeadManagement-2024-09-10 main INFO TC_CrudOperation_AccountList:541 - Click on New Lead Router is PASSED!!
LeadManagement-2024-09-10 main INFO TC_CrudOperation_AccountList:550 - Enter Object Name is PASSED!!
LeadManagement-2024-09-10 main INFO TC_CrudOperation_AccountList:559 - Enter Description is Passed
LeadManagement-2024-09-10 main INFO TC_CrudOperation_AccountList:568 - Click on Save Button is Passed
LeadManagement-2024-09-10 main INFO TC_CrudOperation_AccountList:581 - Refreshing The Page!!
LeadManagement-2024-09-10 main INFO TC_CrudOperation_AccountList:586 - Displayed LeadRouter Overview page
LeadManagement-2024-09-10 main INFO TC_CrudOperation_AccountList:591 - Click on Lead Router Dropdown is passed
LeadManagement-2024-09-10 main INFO TC_CrudOperation_AccountList:600 - Click On AutoTestObject is PASSED!!
LeadManagement-2024-09-10 main INFO TC_CrudOperation_AccountList:614 - Click On DNDdiagram DropDown is Passed!!
LeadManagement-2024-09-10 main INFO TC_CrudOperation_AccountList:624 - Minimize the Panner is Passed!!
LeadManagement-2024-09-10 main INFO TC_CrudOperation_AccountList:631 - *************************************** Decision Block DND ****************************************
LeadManagement-2024-09-10 main INFO TC_CrudOperation_AccountList:635 - Drag And Drop Decision block is Passed!!
LeadManagement-2024-09-10 main INFO TC_CrudOperation_AccountList:644 - Connect StartBlock To DecisionBlock is Passed!!
LeadManagement-2024-09-10 main INFO TC_CrudOperation_AccountList:650 - ***************************************Assignment Block DND****************************************
LeadManagement-2024-09-10 main INFO TC_CrudOperation_AccountList:654 - Drag And Drop AssignmentBlock1 is Passed!!
LeadManagement-2024-09-10 main INFO TC_CrudOperation_AccountList:663 - Connect Decision Block To assignmentBlock1 is Passed!!
LeadManagement-2024-09-10 main INFO TC_CrudOperation_AccountList:669 - ***************************************Decision block Operation***************************************
LeadManagement-2024-09-10 main INFO TC_CrudOperation_AccountList:673 - Double Click On DecisionBlock is Passed !!
LeadManagement-2024-09-10 main INFO TC_CrudOperation_AccountList:682 - Select AutoTestObject is Passed !!
LeadManagement-2024-09-10 main INFO TC_CrudOperation_AccountList:691 - Click On AddButton is Passed !!
LeadManagement-2024-09-10 main INFO TC_CrudOperation_AccountList:700 - Click On Save Button For DecisionBlock is Passed !!
LeadManagement-2024-09-10 main INFO TC_CrudOperation_AccountList:709 - true
LeadManagement-2024-09-10 main INFO TC_CrudOperation_AccountList:710 - Decision Block Border Color is Verified and Passed
LeadManagement-2024-09-10 main INFO TC_CrudOperation_AccountList:717 - *********************************************Assignment block1 Operation********************************************
LeadManagement-2024-09-10 main INFO TC_CrudOperation_AccountList:721 - Double Click On Assignment Block is Passed !!
LeadManagement-2024-09-10 main INFO TC_CrudOperation_AccountList:730 - Click On DropDown AssignmentBlock is Passed !!
LeadManagement-2024-09-10 main INFO TC_CrudOperation_AccountList:739 - Select WeightedSalesTeam In AssignmentBlock is Passed !!
LeadManagement-2024-09-10 main INFO TC_CrudOperation_AccountList:748 - Click On DropDown2 AssignmentBlock is Passed !!
LeadManagement-2024-09-10 main INFO TC_CrudOperation_AccountList:757 - Select SalesRepValue In AssignmentBlock is Passed !!
LeadManagement-2024-09-10 main INFO TC_CrudOperation_AccountList:766 - Click On Save Button For AssignmentBlock is Passed
LeadManagement-2024-09-10 main INFO TC_CrudOperation_AccountList:775 - true
LeadManagement-2024-09-10 main INFO TC_CrudOperation_AccountList:776 - AssignmentBlock Border Colour is Verified and Passed!!
LeadManagement-2024-09-10 main INFO TC_CrudOperation_AccountList:783 - //==============================  ENTERING DETAILS PAGE ==============================
LeadManagement-2024-09-10 main INFO TC_CrudOperation_AccountList:787 - Enter Details Page is Passed!!!
LeadManagement-2024-09-10 main INFO TC_CrudOperation_AccountList:796 - Click On DefaultLeadOwner DropDown is Passed!!
LeadManagement-2024-09-10 main INFO TC_CrudOperation_AccountList:805 - Select Option is Passed!!
LeadManagement-2024-09-10 main INFO TC_CrudOperation_AccountList:814 - Click On ClickOnCheckBox is Passed!!
LeadManagement-2024-09-10 main INFO TC_CrudOperation_AccountList:823 - Display Success is Passed!!
LeadManagement-2024-09-10 main INFO TC_CrudOperation_AccountList:830 - //===============================================APPROVE SCENARIO START========================================//
LeadManagement-2024-09-10 main INFO TC_CrudOperation_AccountList:834 - Right Click On AutoTestObject is PASSED!!
LeadManagement-2024-09-10 main INFO TC_CrudOperation_AccountList:843 - Click on Approve Button is PASSED!!
LeadManagement-2024-09-10 main INFO TC_CrudOperation_AccountList:852 - Click again Approve Button is PASSED!!
LeadManagement-2024-09-10 main INFO TC_CrudOperation_AccountList:861 - Displayed Success Message is PASSED!
LeadManagement-2024-09-10 main INFO TC_CrudOperation_AccountList:867 - ======================================= Go back To AccountList Object ==================================
LeadManagement-2024-09-10 main INFO TC_CrudOperation_AccountList:871 - Click on Data Dictionary is Passed
LeadManagement-2024-09-10 main INFO TC_CrudOperation_AccountList:880 - Click on Account list dropdown is passed
LeadManagement-2024-09-10 main INFO TC_CrudOperation_AccountList:889 - Click On AutoTestObject is PASSED!!
LeadManagement-2024-09-10 main INFO TC_CrudOperation_AccountList:895 - ===================== Used By Operation in Details Page =====================
LeadManagement-2024-09-10 main INFO TC_CrudOperation_AccountList:899 - Click On Detail button is PASSED!
LeadManagement-2024-09-10 main INFO TC_CrudOperation_AccountList:908 - Click On UsedBy Dropdown is Passed
LeadManagement-2024-09-10 main INFO TC_CrudOperation_AccountList:919 - Fetch used by router name is Passed
LeadManagement-2024-09-10 main INFO TC_CrudOperation_AccountList:925 - ********************** Verifying whether Used object can delete or not *********************
LeadManagement-2024-09-10 main INFO TC_CrudOperation_AccountList:929 - Click On Approved Button is Passed
LeadManagement-2024-09-10 main INFO TC_CrudOperation_AccountList:938 - Click On Delete button is Passed
LeadManagement-2024-09-10 main INFO TC_CrudOperation_AccountList:947 - Click Again Delete Button is Passed
LeadManagement-2024-09-10 main INFO TC_CrudOperation_AccountList:956 - Get Text From Error Message is Passed
LeadManagement-2024-09-10 main INFO TC_CrudOperation_AccountList:965 - Displayed 'Cannot delete,It is Used' Error message is Passed
LeadManagement-2024-09-10 main INFO TC_CrudOperation_AccountList:973 - ********* Verify that the 'Used By' object module name and the left menu title are Same Or Not, Once clicking the 'Used By' Router name ************
LeadManagement-2024-09-10 main INFO TC_CrudOperation_AccountList:977 - Click On details button is PASSED!!
LeadManagement-2024-09-10 main INFO TC_CrudOperation_AccountList:989 - Get Menu Title From Left tree Menu is Passed
LeadManagement-2024-09-10 main INFO TC_CrudOperation_AccountList:998 - Click Used By Router Name is PASSED!!
LeadManagement-2024-09-10 main INFO TC_CrudOperation_AccountList:1008 - Get Menu Title From Left tree Menu is Passed
LeadManagement-2024-09-10 main INFO TC_CrudOperation_AccountList:1017 - Lead Management
LeadManagement-2024-09-10 main INFO TC_CrudOperation_AccountList:1018 - Lead Management
LeadManagement-2024-09-10 main INFO TC_CrudOperation_AccountList:1019 - Left menu titlt is same before and after clicking UsedBy object name is Passed
LeadManagement-2024-09-10 main INFO TC_CrudOperation_AccountList:1031 - Get Object Name From Details tab : AutoTestObject
LeadManagement-2024-09-10 main INFO TC_CrudOperation_AccountList:1040 - AutoTest Object Name matched with the name from Details tab is Passed
LeadManagement-2024-09-10 main INFO TC_CrudOperation_AccountList:1048 - //=========================================== Go Back to Main Object ===================================
LeadManagement-2024-09-10 main INFO TC_CrudOperation_AccountList:1050 - //========================================EDIT SCENARIO START=======================================
LeadManagement-2024-09-10 main INFO TC_CrudOperation_AccountList:1054 - Right Click On AutoTestObject is PASSED!!
LeadManagement-2024-09-10 main INFO TC_CrudOperation_AccountList:1063 - Click On Edit AutoTestObject is PASSED!!!
LeadManagement-2024-09-10 main INFO TC_CrudOperation_AccountList:1072 - Click on Add Button is PASSED!!
LeadManagement-2024-09-10 main INFO TC_CrudOperation_AccountList:1081 - Select One Account is PASSED!!
LeadManagement-2024-09-10 main INFO TC_CrudOperation_AccountList:1088 - Click on Save Button is PASSED!!
LeadManagement-2024-09-10 main INFO TC_CrudOperation_AccountList:1095 - ===========================================Approve After Edit===================================
LeadManagement-2024-09-10 main INFO TC_CrudOperation_AccountList:1098 - Click on Approve Button After EDIT is passed
LeadManagement-2024-09-10 main INFO TC_CrudOperation_AccountList:1101 - Click Again Approve button is passed
LeadManagement-2024-09-10 main INFO TC_CrudOperation_AccountList:1105 - Display Approved is PASSED!
LeadManagement-2024-09-10 main INFO TC_CrudOperation_AccountList:1112 - //======================================RENAME SCENARIO START=============================================//
LeadManagement-2024-09-10 main INFO TC_CrudOperation_AccountList:1116 - Right Click On AutoTestObject is PASSED!!
LeadManagement-2024-09-10 main INFO TC_CrudOperation_AccountList:1125 - Click on Rename Object is PASSED!!
LeadManagement-2024-09-10 main INFO TC_CrudOperation_AccountList:1134 - Input on Rename AutoTestObject is Passed!!!
LeadManagement-2024-09-10 main INFO TC_CrudOperation_AccountList:1143 - Click Rename Button is  PASSED!!!
LeadManagement-2024-09-10 main INFO TC_CrudOperation_AccountList:1151 - Duplicate Object Found, Deleting Object NOW
LeadManagement-2024-09-10 main INFO TC_CrudOperation_AccountList:1154 - Display RenameAutoTest Object
LeadManagement-2024-09-10 main INFO TC_CrudOperation_AccountList:1158 - Right Click On RenamedAutoTestObject is PASSED!!!
LeadManagement-2024-09-10 main INFO TC_CrudOperation_AccountList:1167 - Click On Delete Button in AutoTestObject is Passed!!!
LeadManagement-2024-09-10 main INFO TC_CrudOperation_AccountList:1176 - Click On Delete Button in AutoTestObject is Passed!!!
LeadManagement-2024-09-10 main INFO TC_CrudOperation_AccountList:1186 - Displayed 'Cannot Delete' Error Message
LeadManagement-2024-09-10 main INFO TC_CrudOperation_AccountList:1190 - Right Click On RenameAutoTestObject is PASSED!!
LeadManagement-2024-09-10 main INFO TC_CrudOperation_AccountList:1199 - Click on Rename Object is PASSED!!
LeadManagement-2024-09-10 main INFO TC_CrudOperation_AccountList:1210 - Enter Rename is Passed!!!
LeadManagement-2024-09-10 main INFO TC_CrudOperation_AccountList:1219 - Click Rename Button is PASSED!!!
LeadManagement-2024-09-10 main INFO TC_CrudOperation_AccountList:1314 - Right Click On AutoTestObject is PASSED!!
LeadManagement-2024-09-10 main INFO TC_CrudOperation_AccountList:1323 - Click On Rename AutoTestObject is Passed!!!
LeadManagement-2024-09-10 main INFO TC_CrudOperation_AccountList:1332 - Input on Rename AutoTestObject is passed!!!
LeadManagement-2024-09-10 main INFO TC_CrudOperation_AccountList:1341 - Click on Rename Button AutoTestObject is Passed!!!
LeadManagement-2024-09-10 main INFO TC_CrudOperation_AccountList:1354 - Renamed AutoTest Object is Displayed
LeadManagement-2024-09-10 main INFO TC_CrudOperation_AccountList:1363 - //===================================CLONE SCENARIO START================================================//
LeadManagement-2024-09-10 main INFO TC_CrudOperation_AccountList:1447 - Right Click On RenamedAutoTestObject is PASSED!!!
LeadManagement-2024-09-10 main INFO TC_CrudOperation_AccountList:1456 - Click On Clone in RenamedAutoTestObject is PASSED!!!
LeadManagement-2024-09-10 main INFO TC_CrudOperation_AccountList:1465 - Click On Clone Button in RenamedAutoTestObject is PASSED!!!
LeadManagement-2024-09-10 main INFO TC_CrudOperation_AccountList:1474 - Display clocned RenamedAutoTestObject is PASSED!!!
LeadManagement-2024-09-10 main INFO TC_CrudOperation_AccountList:1482 - //===============================Approve Cloned Object========================================!
LeadManagement-2024-09-10 main INFO TC_CrudOperation_AccountList:1486 - Right Click On ClonedAutoTestObject is PASSED!!!
LeadManagement-2024-09-10 main INFO TC_CrudOperation_AccountList:1495 - Click on Approve Button is PASSED!!
LeadManagement-2024-09-10 main INFO TC_CrudOperation_AccountList:1504 - Click again Approve Button is PASSED!!
LeadManagement-2024-09-10 main INFO TC_CrudOperation_AccountList:1513 - Displayed Success Message is PASSED!
LeadManagement-2024-09-10 main INFO TC_CrudOperation_AccountList:1520 - //===============================DELETE CLONED OBJECT SCENARIO START========================================!
LeadManagement-2024-09-10 main INFO TC_CrudOperation_AccountList:1524 - Right Click On ClonedAutoTestObject is PASSED!!
LeadManagement-2024-09-10 main INFO TC_CrudOperation_AccountList:1533 - Click On Delete Button in Clone AutoTestObject is Passed!!!
LeadManagement-2024-09-10 main INFO TC_CrudOperation_AccountList:1542 - Click On Delete Button in Clone AutoTestObject is Passed!!!
LeadManagement-2024-09-10 main INFO TC_CrudOperation_AccountList:1551 - Display Cloned AutoTestObject Deleted successfully is PASSED!!!
LeadManagement-2024-09-10 main INFO TC_CrudOperation_AccountList:1559 - //===============================MOVE OBJECT SCENARIO START========================================
LeadManagement-2024-09-10 main INFO TC_CrudOperation_AccountList:1564 - Right Click On RenamedAutoTestObject is Passed!!!
LeadManagement-2024-09-10 main INFO TC_CrudOperation_AccountList:1573 - Click On Move Renamed AutoTestObject is Passed!!!
LeadManagement-2024-09-10 main INFO TC_CrudOperation_AccountList:1582 - Select Folder to move the Autotest object is Passed !!!
LeadManagement-2024-09-10 main INFO TC_CrudOperation_AccountList:1632 - Click On Move Button is Passed!!!
LeadManagement-2024-09-10 main INFO TC_CrudOperation_AccountList:1639 - ******************************* Move Back the AutoTestobject to the Main folder *****************************
LeadManagement-2024-09-10 main INFO TC_CrudOperation_AccountList:1643 - Right Click On RenamedAutoTestObject is Passed!!!
LeadManagement-2024-09-10 main INFO TC_CrudOperation_AccountList:1652 - Click On Move Renamed AutoTestObject is Passed!!!
LeadManagement-2024-09-10 main INFO TC_CrudOperation_AccountList:1661 - Select Main Folder is Passed!!!
LeadManagement-2024-09-10 main INFO TC_CrudOperation_AccountList:1670 - Click On Move Button is Passed!!!
