LeadManagement-2024-09-11 main INFO BaseClass:118 - ======================================= INFORMATION ======================================
LeadManagement-2024-09-11 main INFO BaseClass:125 - Login Scenario Started for ADMIN-USER
LeadManagement-2024-09-11 main INFO BaseClass:126 - https://app.leadangel.com/index.html#/
LeadManagement-2024-09-11 main INFO BaseClass:127 - 1667
LeadManagement-2024-09-11 main INFO BaseClass:128 - ganesh@leadangel.com
LeadManagement-2024-09-11 main INFO BaseClass:130 - Entered ClientID
LeadManagement-2024-09-11 main INFO BaseClass:132 - Entered Email
LeadManagement-2024-09-11 main INFO BaseClass:134 - Entered Password
LeadManagement-2024-09-11 main INFO BaseClass:136 - Click on Submit
LeadManagement-2024-09-11 main INFO TC_Sanity_CRMaccountFilter_Leadamanagement:45 - Click on Lead Management is Passed
LeadManagement-2024-09-11 main INFO TC_Sanity_CRMaccountFilter_Leadamanagement:54 - Click on Data Dictionary is Passed
LeadManagement-2024-09-11 main INFO TC_Sanity_CRMaccountFilter_Leadamanagement:63 - Right Click on CRM Account Filter is Passed
LeadManagement-2024-09-11 main INFO TC_Sanity_CRMaccountFilter_Leadamanagement:72 - Click on New CRM Account Filter is Passed
LeadManagement-2024-09-11 main INFO TC_Sanity_CRMaccountFilter_Leadamanagement:78 - //===============================CREATE OBJECT SCENARIO START========================================!
LeadManagement-2024-09-11 main INFO TC_Sanity_CRMaccountFilter_Leadamanagement:82 - Enter AutoTestName is PASSED!!
LeadManagement-2024-09-11 main INFO TC_Sanity_CRMaccountFilter_Leadamanagement:91 - Enter Description is Passed
LeadManagement-2024-09-11 main INFO TC_Sanity_CRMaccountFilter_Leadamanagement:100 - Click on Save Button CRM Account Filter is Passed
LeadManagement-2024-09-11 main INFO TC_Sanity_CRMaccountFilter_Leadamanagement:244 - Refreshing The Page!!
LeadManagement-2024-09-11 main INFO TC_Sanity_CRMaccountFilter_Leadamanagement:277 - Click on AccountOwner is passed
LeadManagement-2024-09-11 main INFO TC_Sanity_CRMaccountFilter_Leadamanagement:284 - //===================================== DRAG&DROP ABOUTME ATTRIBUTE =====================================//
LeadManagement-2024-09-11 main INFO TC_Sanity_CRMaccountFilter_Leadamanagement:288 - DragAndDrop AboutMe is Passed
LeadManagement-2024-09-11 main INFO TC_Sanity_CRMaccountFilter_Leadamanagement:297 - Click on DropDown AboutMe is Passed
LeadManagement-2024-09-11 main INFO TC_Sanity_CRMaccountFilter_Leadamanagement:313 - Select contains is Passed
LeadManagement-2024-09-11 main INFO TC_Sanity_CRMaccountFilter_Leadamanagement:322 - Displayed Select Box is not red
LeadManagement-2024-09-11 main INFO TC_Sanity_CRMaccountFilter_Leadamanagement:334 - Input on AboutMe is PASSED!!
LeadManagement-2024-09-11 main INFO TC_Sanity_CRMaccountFilter_Leadamanagement:343 - Displayed Select Box is not red
LeadManagement-2024-09-11 main INFO TC_Sanity_CRMaccountFilter_Leadamanagement:313 - Select does not contain is Passed
LeadManagement-2024-09-11 main INFO TC_Sanity_CRMaccountFilter_Leadamanagement:322 - Displayed Select Box is not red
LeadManagement-2024-09-11 main INFO TC_Sanity_CRMaccountFilter_Leadamanagement:334 - Input on AboutMe is PASSED!!
LeadManagement-2024-09-11 main INFO TC_Sanity_CRMaccountFilter_Leadamanagement:343 - Displayed Select Box is not red
LeadManagement-2024-09-11 main INFO TC_Sanity_CRMaccountFilter_Leadamanagement:313 - Select starts with is Passed
LeadManagement-2024-09-11 main INFO TC_Sanity_CRMaccountFilter_Leadamanagement:322 - Displayed Select Box is not red
LeadManagement-2024-09-11 main INFO TC_Sanity_CRMaccountFilter_Leadamanagement:334 - Input on AboutMe is PASSED!!
LeadManagement-2024-09-11 main INFO TC_Sanity_CRMaccountFilter_Leadamanagement:343 - Displayed Select Box is not red
LeadManagement-2024-09-11 main INFO TC_Sanity_CRMaccountFilter_Leadamanagement:313 - Select does not start with is Passed
LeadManagement-2024-09-11 main INFO TC_Sanity_CRMaccountFilter_Leadamanagement:322 - Displayed Select Box is not red
LeadManagement-2024-09-11 main INFO TC_Sanity_CRMaccountFilter_Leadamanagement:334 - Input on AboutMe is PASSED!!
LeadManagement-2024-09-11 main INFO TC_Sanity_CRMaccountFilter_Leadamanagement:343 - Displayed Select Box is not red
LeadManagement-2024-09-11 main INFO TC_Sanity_CRMaccountFilter_Leadamanagement:313 - Select is empty is Passed
LeadManagement-2024-09-11 main INFO TC_Sanity_CRMaccountFilter_Leadamanagement:322 - Displayed Select Box is not red
LeadManagement-2024-09-11 main INFO TC_Sanity_CRMaccountFilter_Leadamanagement:313 - Select is not empty is Passed
LeadManagement-2024-09-11 main INFO TC_Sanity_CRMaccountFilter_Leadamanagement:322 - Displayed Select Box is not red
LeadManagement-2024-09-11 main INFO TC_Sanity_CRMaccountFilter_Leadamanagement:313 - Select in is Passed
LeadManagement-2024-09-11 main INFO TC_Sanity_CRMaccountFilter_Leadamanagement:322 - Displayed Select Box is not red
LeadManagement-2024-09-11 main INFO TC_Sanity_CRMaccountFilter_Leadamanagement:359 - Click on Add Button is PASSED!!
LeadManagement-2024-09-11 main INFO TC_Sanity_CRMaccountFilter_Leadamanagement:368 - Selected One Account is PASSED!!
LeadManagement-2024-09-11 main INFO TC_Sanity_CRMaccountFilter_Leadamanagement:376 - Click on Save button PASSED!!
LeadManagement-2024-09-11 main INFO TC_Sanity_CRMaccountFilter_Leadamanagement:385 - Displayed Input Box is not red
LeadManagement-2024-09-11 main INFO TC_Sanity_CRMaccountFilter_Leadamanagement:313 - Select not in is Passed
LeadManagement-2024-09-11 main INFO TC_Sanity_CRMaccountFilter_Leadamanagement:322 - Displayed Select Box is not red
LeadManagement-2024-09-11 main INFO TC_Sanity_CRMaccountFilter_Leadamanagement:359 - Click on Add Button is PASSED!!
LeadManagement-2024-09-11 main INFO TC_Sanity_CRMaccountFilter_Leadamanagement:368 - Selected One Account is PASSED!!
LeadManagement-2024-09-11 main INFO TC_Sanity_CRMaccountFilter_Leadamanagement:376 - Click on Save button PASSED!!
LeadManagement-2024-09-11 main INFO TC_Sanity_CRMaccountFilter_Leadamanagement:385 - Displayed Input Box is not red
LeadManagement-2024-09-11 main INFO TC_Sanity_CRMaccountFilter_Leadamanagement:396 - //======================================= DRAG&DROP LONGITUDE ATTRIBUTE ==================================//
LeadManagement-2024-09-11 main INFO TC_Sanity_CRMaccountFilter_Leadamanagement:400 - DragAndDrop Longitude is PASSED!!
LeadManagement-2024-09-11 main INFO TC_Sanity_CRMaccountFilter_Leadamanagement:411 - Click on DropDown Longitude is Passed
LeadManagement-2024-09-11 main INFO TC_Sanity_CRMaccountFilter_Leadamanagement:425 - Select is empty is Passed
LeadManagement-2024-09-11 main INFO TC_Sanity_CRMaccountFilter_Leadamanagement:434 - Displayed Select Box is not red
LeadManagement-2024-09-11 main INFO TC_Sanity_CRMaccountFilter_Leadamanagement:425 - Select is not empty is Passed
LeadManagement-2024-09-11 main INFO TC_Sanity_CRMaccountFilter_Leadamanagement:434 - Displayed Select Box is not red
LeadManagement-2024-09-11 main INFO TC_Sanity_CRMaccountFilter_Leadamanagement:425 - Select in is Passed
LeadManagement-2024-09-11 main INFO TC_Sanity_CRMaccountFilter_Leadamanagement:434 - Displayed Select Box is not red
LeadManagement-2024-09-11 main INFO TC_Sanity_CRMaccountFilter_Leadamanagement:448 - Click on Add Button is PASSED!!
LeadManagement-2024-09-11 main INFO TC_Sanity_CRMaccountFilter_Leadamanagement:457 - Enter free text is PASSED!!
LeadManagement-2024-09-11 main INFO TC_Sanity_CRMaccountFilter_Leadamanagement:465 - Click on Save button is PASSED!!
LeadManagement-2024-09-11 main INFO TC_Sanity_CRMaccountFilter_Leadamanagement:474 - Dispalyed Input Box is not red
LeadManagement-2024-09-11 main INFO TC_Sanity_CRMaccountFilter_Leadamanagement:425 - Select not in is Passed
LeadManagement-2024-09-11 main INFO TC_Sanity_CRMaccountFilter_Leadamanagement:434 - Displayed Select Box is not red
LeadManagement-2024-09-11 main INFO TC_Sanity_CRMaccountFilter_Leadamanagement:448 - Click on Add Button is PASSED!!
LeadManagement-2024-09-11 main INFO TC_Sanity_CRMaccountFilter_Leadamanagement:457 - Enter free text is PASSED!!
LeadManagement-2024-09-11 main INFO TC_Sanity_CRMaccountFilter_Leadamanagement:465 - Click on Save button is PASSED!!
LeadManagement-2024-09-11 main INFO TC_Sanity_CRMaccountFilter_Leadamanagement:474 - Dispalyed Input Box is not red
LeadManagement-2024-09-11 main INFO TC_Sanity_CRMaccountFilter_Leadamanagement:425 - Select is greater than is Passed
LeadManagement-2024-09-11 main INFO TC_Sanity_CRMaccountFilter_Leadamanagement:434 - Displayed Select Box is not red
LeadManagement-2024-09-11 main INFO TC_Sanity_CRMaccountFilter_Leadamanagement:489 - Input on Longitude is PASSED!!
LeadManagement-2024-09-11 main INFO TC_Sanity_CRMaccountFilter_Leadamanagement:498 - Dispalyed Input Box is not red
LeadManagement-2024-09-11 main INFO TC_Sanity_CRMaccountFilter_Leadamanagement:425 - Select is smaller than is Passed
LeadManagement-2024-09-11 main INFO TC_Sanity_CRMaccountFilter_Leadamanagement:434 - Displayed Select Box is not red
LeadManagement-2024-09-11 main INFO TC_Sanity_CRMaccountFilter_Leadamanagement:489 - Input on Longitude is PASSED!!
LeadManagement-2024-09-11 main INFO TC_Sanity_CRMaccountFilter_Leadamanagement:498 - Dispalyed Input Box is not red
LeadManagement-2024-09-11 main INFO TC_Sanity_CRMaccountFilter_Leadamanagement:425 - Select between is Passed
LeadManagement-2024-09-11 main INFO TC_Sanity_CRMaccountFilter_Leadamanagement:434 - Displayed Select Box is not red
LeadManagement-2024-09-11 main INFO TC_Sanity_CRMaccountFilter_Leadamanagement:512 - Longitude Input Box For Between Box1 is PASSED!!
LeadManagement-2024-09-11 main INFO TC_Sanity_CRMaccountFilter_Leadamanagement:521 - Dispalyed Input Box1 is not red
LeadManagement-2024-09-11 main INFO TC_Sanity_CRMaccountFilter_Leadamanagement:532 - Longitude Input Box For Between Box2 is PASSED!!
LeadManagement-2024-09-11 main INFO TC_Sanity_CRMaccountFilter_Leadamanagement:541 - Dispalyed Input Box2 is not red
LeadManagement-2024-09-11 main INFO TC_Sanity_CRMaccountFilter_Leadamanagement:425 - Select is at least is Passed
LeadManagement-2024-09-11 main INFO TC_Sanity_CRMaccountFilter_Leadamanagement:434 - Displayed Select Box is not red
LeadManagement-2024-09-11 main INFO TC_Sanity_CRMaccountFilter_Leadamanagement:489 - Input on Longitude is PASSED!!
LeadManagement-2024-09-11 main INFO TC_Sanity_CRMaccountFilter_Leadamanagement:498 - Dispalyed Input Box is not red
LeadManagement-2024-09-11 main INFO TC_Sanity_CRMaccountFilter_Leadamanagement:425 - Select is at most is Passed
LeadManagement-2024-09-11 main INFO TC_Sanity_CRMaccountFilter_Leadamanagement:434 - Displayed Select Box is not red
LeadManagement-2024-09-11 main INFO TC_Sanity_CRMaccountFilter_Leadamanagement:489 - Input on Longitude is PASSED!!
LeadManagement-2024-09-11 main INFO TC_Sanity_CRMaccountFilter_Leadamanagement:498 - Dispalyed Input Box is not red
LeadManagement-2024-09-11 main INFO TC_Sanity_CRMaccountFilter_Leadamanagement:552 - //========================================= DRAG&DROP ACTIVE ATTRIBUTE===================================//
LeadManagement-2024-09-11 main INFO TC_Sanity_CRMaccountFilter_Leadamanagement:556 - Drag And Drop Active is Passed
LeadManagement-2024-09-11 main INFO TC_Sanity_CRMaccountFilter_Leadamanagement:567 - Click on DropDown ActiveBox1 is Passed
LeadManagement-2024-09-11 main INFO TC_Sanity_CRMaccountFilter_Leadamanagement:582 - Select is is Passed
LeadManagement-2024-09-11 main INFO TC_Sanity_CRMaccountFilter_Leadamanagement:591 - Dispalyed Select Box is not red
LeadManagement-2024-09-11 main INFO TC_Sanity_CRMaccountFilter_Leadamanagement:603 - Click on DropDown ActiveBox2 is Passed
LeadManagement-2024-09-11 main INFO TC_Sanity_CRMaccountFilter_Leadamanagement:619 - Select True is Passed
LeadManagement-2024-09-11 main INFO TC_Sanity_CRMaccountFilter_Leadamanagement:628 - Dispalyed Select Box2 is not red
LeadManagement-2024-09-11 main INFO TC_Sanity_CRMaccountFilter_Leadamanagement:619 - Select False is Passed
LeadManagement-2024-09-11 main INFO TC_Sanity_CRMaccountFilter_Leadamanagement:628 - Dispalyed Select Box2 is not red
LeadManagement-2024-09-11 main INFO TC_Sanity_CRMaccountFilter_Leadamanagement:582 - Select is not is Passed
LeadManagement-2024-09-11 main INFO TC_Sanity_CRMaccountFilter_Leadamanagement:591 - Dispalyed Select Box is not red
LeadManagement-2024-09-11 main INFO TC_Sanity_CRMaccountFilter_Leadamanagement:603 - Click on DropDown ActiveBox2 is Passed
LeadManagement-2024-09-11 main INFO TC_Sanity_CRMaccountFilter_Leadamanagement:619 - Select True is Passed
LeadManagement-2024-09-11 main INFO TC_Sanity_CRMaccountFilter_Leadamanagement:628 - Dispalyed Select Box2 is not red
LeadManagement-2024-09-11 main INFO TC_Sanity_CRMaccountFilter_Leadamanagement:619 - Select False is Passed
LeadManagement-2024-09-11 main INFO TC_Sanity_CRMaccountFilter_Leadamanagement:628 - Dispalyed Select Box2 is not red
LeadManagement-2024-09-11 main INFO TC_Sanity_CRMaccountFilter_Leadamanagement:638 - //======================================== DRAG&DROP CRETED DATE ATTRIBUTE ==================================//
LeadManagement-2024-09-11 main INFO TC_Sanity_CRMaccountFilter_Leadamanagement:642 - DragAndDrop Created Date is PASSED!!
LeadManagement-2024-09-11 main INFO TC_Sanity_CRMaccountFilter_Leadamanagement:653 - Click on DropDown CreateDateFirstBox is Passed
LeadManagement-2024-09-11 main INFO TC_Sanity_CRMaccountFilter_Leadamanagement:668 - Select before is Passed
LeadManagement-2024-09-11 main INFO TC_Sanity_CRMaccountFilter_Leadamanagement:677 - Dispalyed Select Box is not red
LeadManagement-2024-09-11 main INFO TC_Sanity_CRMaccountFilter_Leadamanagement:690 - Click On Calendar CreatedDate Button is PASSED!!
LeadManagement-2024-09-11 main INFO TC_Sanity_CRMaccountFilter_Leadamanagement:699 - Click On Date is Passed
LeadManagement-2024-09-11 main INFO TC_Sanity_CRMaccountFilter_Leadamanagement:708 - Dispalyed Input Box is not red
LeadManagement-2024-09-11 main INFO TC_Sanity_CRMaccountFilter_Leadamanagement:668 - Select after is Passed
LeadManagement-2024-09-11 main INFO TC_Sanity_CRMaccountFilter_Leadamanagement:677 - Dispalyed Select Box is not red
LeadManagement-2024-09-11 main INFO TC_Sanity_CRMaccountFilter_Leadamanagement:690 - Click On Calendar CreatedDate Button is PASSED!!
LeadManagement-2024-09-11 main INFO TC_Sanity_CRMaccountFilter_Leadamanagement:699 - Click On Date is Passed
LeadManagement-2024-09-11 main INFO TC_Sanity_CRMaccountFilter_Leadamanagement:708 - Dispalyed Input Box is not red
LeadManagement-2024-09-11 main INFO TC_Sanity_CRMaccountFilter_Leadamanagement:668 - Select on or before is Passed
LeadManagement-2024-09-11 main INFO TC_Sanity_CRMaccountFilter_Leadamanagement:677 - Dispalyed Select Box is not red
LeadManagement-2024-09-11 main INFO TC_Sanity_CRMaccountFilter_Leadamanagement:690 - Click On Calendar CreatedDate Button is PASSED!!
LeadManagement-2024-09-11 main INFO TC_Sanity_CRMaccountFilter_Leadamanagement:699 - Click On Date is Passed
LeadManagement-2024-09-11 main INFO TC_Sanity_CRMaccountFilter_Leadamanagement:708 - Dispalyed Input Box is not red
LeadManagement-2024-09-11 main INFO TC_Sanity_CRMaccountFilter_Leadamanagement:668 - Select on or after is Passed
LeadManagement-2024-09-11 main INFO TC_Sanity_CRMaccountFilter_Leadamanagement:677 - Dispalyed Select Box is not red
LeadManagement-2024-09-11 main INFO TC_Sanity_CRMaccountFilter_Leadamanagement:690 - Click On Calendar CreatedDate Button is PASSED!!
LeadManagement-2024-09-11 main INFO TC_Sanity_CRMaccountFilter_Leadamanagement:699 - Click On Date is Passed
LeadManagement-2024-09-11 main INFO TC_Sanity_CRMaccountFilter_Leadamanagement:708 - Dispalyed Input Box is not red
LeadManagement-2024-09-11 main INFO TC_Sanity_CRMaccountFilter_Leadamanagement:668 - Select in past is Passed
LeadManagement-2024-09-11 main INFO TC_Sanity_CRMaccountFilter_Leadamanagement:677 - Dispalyed Select Box is not red
LeadManagement-2024-09-11 main INFO TC_Sanity_CRMaccountFilter_Leadamanagement:722 - CreatedDate Input Box For Box2 is Passed
LeadManagement-2024-09-11 main INFO TC_Sanity_CRMaccountFilter_Leadamanagement:731 - Dispalyed Input Box is not red
LeadManagement-2024-09-11 main INFO TC_Sanity_CRMaccountFilter_Leadamanagement:741 - Click on DropDown CreateDate2forInPast is Passed
LeadManagement-2024-09-11 main INFO TC_Sanity_CRMaccountFilter_Leadamanagement:758 - Select Hours is Passed
LeadManagement-2024-09-11 main INFO TC_Sanity_CRMaccountFilter_Leadamanagement:767 - Dispalyed Select Box is not red
LeadManagement-2024-09-11 main INFO TC_Sanity_CRMaccountFilter_Leadamanagement:758 - Select Days is Passed
LeadManagement-2024-09-11 main INFO TC_Sanity_CRMaccountFilter_Leadamanagement:767 - Dispalyed Select Box is not red
LeadManagement-2024-09-11 main INFO TC_Sanity_CRMaccountFilter_Leadamanagement:758 - Select Weeks is Passed
LeadManagement-2024-09-11 main INFO TC_Sanity_CRMaccountFilter_Leadamanagement:767 - Dispalyed Select Box is not red
LeadManagement-2024-09-11 main INFO TC_Sanity_CRMaccountFilter_Leadamanagement:668 - Select in past before is Passed
LeadManagement-2024-09-11 main INFO TC_Sanity_CRMaccountFilter_Leadamanagement:677 - Dispalyed Select Box is not red
LeadManagement-2024-09-11 main INFO TC_Sanity_CRMaccountFilter_Leadamanagement:722 - CreatedDate Input Box For Box2 is Passed
LeadManagement-2024-09-11 main INFO TC_Sanity_CRMaccountFilter_Leadamanagement:731 - Dispalyed Input Box is not red
LeadManagement-2024-09-11 main INFO TC_Sanity_CRMaccountFilter_Leadamanagement:741 - Click on DropDown CreateDate2forInPast is Passed
LeadManagement-2024-09-11 main INFO TC_Sanity_CRMaccountFilter_Leadamanagement:758 - Select Hours is Passed
LeadManagement-2024-09-11 main INFO TC_Sanity_CRMaccountFilter_Leadamanagement:767 - Dispalyed Select Box is not red
LeadManagement-2024-09-11 main INFO TC_Sanity_CRMaccountFilter_Leadamanagement:758 - Select Days is Passed
LeadManagement-2024-09-11 main INFO TC_Sanity_CRMaccountFilter_Leadamanagement:767 - Dispalyed Select Box is not red
LeadManagement-2024-09-11 main INFO TC_Sanity_CRMaccountFilter_Leadamanagement:758 - Select Weeks is Passed
LeadManagement-2024-09-11 main INFO TC_Sanity_CRMaccountFilter_Leadamanagement:767 - Dispalyed Select Box is not red
LeadManagement-2024-09-11 main INFO TC_Sanity_CRMaccountFilter_Leadamanagement:668 - Select in future is Passed
LeadManagement-2024-09-11 main INFO TC_Sanity_CRMaccountFilter_Leadamanagement:677 - Dispalyed Select Box is not red
LeadManagement-2024-09-11 main INFO TC_Sanity_CRMaccountFilter_Leadamanagement:722 - CreatedDate Input Box For Box2 is Passed
LeadManagement-2024-09-11 main INFO TC_Sanity_CRMaccountFilter_Leadamanagement:731 - Dispalyed Input Box is not red
LeadManagement-2024-09-11 main INFO TC_Sanity_CRMaccountFilter_Leadamanagement:741 - Click on DropDown CreateDate2forInPast is Passed
LeadManagement-2024-09-11 main INFO TC_Sanity_CRMaccountFilter_Leadamanagement:758 - Select Hours is Passed
LeadManagement-2024-09-11 main INFO TC_Sanity_CRMaccountFilter_Leadamanagement:767 - Dispalyed Select Box is not red
LeadManagement-2024-09-11 main INFO TC_Sanity_CRMaccountFilter_Leadamanagement:758 - Select Days is Passed
LeadManagement-2024-09-11 main INFO TC_Sanity_CRMaccountFilter_Leadamanagement:767 - Dispalyed Select Box is not red
LeadManagement-2024-09-11 main INFO TC_Sanity_CRMaccountFilter_Leadamanagement:758 - Select Weeks is Passed
LeadManagement-2024-09-11 main INFO TC_Sanity_CRMaccountFilter_Leadamanagement:767 - Dispalyed Select Box is not red
LeadManagement-2024-09-11 main INFO TC_Sanity_CRMaccountFilter_Leadamanagement:668 - Select in future after is Passed
LeadManagement-2024-09-11 main INFO TC_Sanity_CRMaccountFilter_Leadamanagement:677 - Dispalyed Select Box is not red
LeadManagement-2024-09-11 main INFO TC_Sanity_CRMaccountFilter_Leadamanagement:722 - CreatedDate Input Box For Box2 is Passed
LeadManagement-2024-09-11 main INFO TC_Sanity_CRMaccountFilter_Leadamanagement:731 - Dispalyed Input Box is not red
LeadManagement-2024-09-11 main INFO TC_Sanity_CRMaccountFilter_Leadamanagement:741 - Click on DropDown CreateDate2forInPast is Passed
LeadManagement-2024-09-11 main INFO TC_Sanity_CRMaccountFilter_Leadamanagement:758 - Select Hours is Passed
LeadManagement-2024-09-11 main INFO TC_Sanity_CRMaccountFilter_Leadamanagement:767 - Dispalyed Select Box is not red
LeadManagement-2024-09-11 main INFO TC_Sanity_CRMaccountFilter_Leadamanagement:758 - Select Days is Passed
LeadManagement-2024-09-11 main INFO TC_Sanity_CRMaccountFilter_Leadamanagement:767 - Dispalyed Select Box is not red
LeadManagement-2024-09-11 main INFO TC_Sanity_CRMaccountFilter_Leadamanagement:758 - Select Weeks is Passed
LeadManagement-2024-09-11 main INFO TC_Sanity_CRMaccountFilter_Leadamanagement:767 - Dispalyed Select Box is not red
LeadManagement-2024-09-11 main INFO TC_Sanity_CRMaccountFilter_Leadamanagement:668 - Select between is Passed
LeadManagement-2024-09-11 main INFO TC_Sanity_CRMaccountFilter_Leadamanagement:677 - Dispalyed Select Box is not red
LeadManagement-2024-09-11 main INFO TC_Sanity_CRMaccountFilter_Leadamanagement:781 - Click On CreatedDate Calendar Button Box1 is PASSED!!
LeadManagement-2024-09-11 main INFO TC_Sanity_CRMaccountFilter_Leadamanagement:790 - Click On Date is Passed
LeadManagement-2024-09-11 main INFO TC_Sanity_CRMaccountFilter_Leadamanagement:799 - Dispalyed Input Box1 is not red
LeadManagement-2024-09-11 main INFO TC_Sanity_CRMaccountFilter_Leadamanagement:809 - Click On CreatedDate Calendar Button Box2 is PASSED!!
LeadManagement-2024-09-11 main INFO TC_Sanity_CRMaccountFilter_Leadamanagement:818 - Click On Date is Passed
LeadManagement-2024-09-11 main INFO TC_Sanity_CRMaccountFilter_Leadamanagement:827 - Dispalyed Input Box2 is not red
LeadManagement-2024-09-11 main INFO TC_Sanity_CRMaccountFilter_Leadamanagement:668 - Select in time frame is Passed
LeadManagement-2024-09-11 main INFO TC_Sanity_CRMaccountFilter_Leadamanagement:677 - Dispalyed Select Box is not red
LeadManagement-2024-09-11 main INFO TC_Sanity_CRMaccountFilter_Leadamanagement:842 - Click on DropDown CreateDate for InTimeFrame is Passed
LeadManagement-2024-09-11 main INFO TC_Sanity_CRMaccountFilter_Leadamanagement:859 - Select Today is Passed
LeadManagement-2024-09-11 main INFO TC_Sanity_CRMaccountFilter_Leadamanagement:868 - Dispalyed Select Box is not red
LeadManagement-2024-09-11 main INFO TC_Sanity_CRMaccountFilter_Leadamanagement:859 - Select Yesterday is Passed
LeadManagement-2024-09-11 main INFO TC_Sanity_CRMaccountFilter_Leadamanagement:868 - Dispalyed Select Box is not red
LeadManagement-2024-09-11 main INFO TC_Sanity_CRMaccountFilter_Leadamanagement:859 - Select This Week S S is Passed
LeadManagement-2024-09-11 main INFO TC_Sanity_CRMaccountFilter_Leadamanagement:868 - Dispalyed Select Box is not red
LeadManagement-2024-09-11 main INFO TC_Sanity_CRMaccountFilter_Leadamanagement:859 - Select This Week M F is Passed
LeadManagement-2024-09-11 main INFO TC_Sanity_CRMaccountFilter_Leadamanagement:868 - Dispalyed Select Box is not red
LeadManagement-2024-09-11 main INFO TC_Sanity_CRMaccountFilter_Leadamanagement:859 - Select Last Week S S is Passed
LeadManagement-2024-09-11 main INFO TC_Sanity_CRMaccountFilter_Leadamanagement:868 - Dispalyed Select Box is not red
LeadManagement-2024-09-11 main INFO TC_Sanity_CRMaccountFilter_Leadamanagement:859 - Select Last Week M F is Passed
LeadManagement-2024-09-11 main INFO TC_Sanity_CRMaccountFilter_Leadamanagement:868 - Dispalyed Select Box is not red
LeadManagement-2024-09-11 main INFO TC_Sanity_CRMaccountFilter_Leadamanagement:859 - Select This Month is Passed
LeadManagement-2024-09-11 main INFO TC_Sanity_CRMaccountFilter_Leadamanagement:868 - Dispalyed Select Box is not red
LeadManagement-2024-09-11 main INFO TC_Sanity_CRMaccountFilter_Leadamanagement:859 - Select Last Month is Passed
LeadManagement-2024-09-11 main INFO TC_Sanity_CRMaccountFilter_Leadamanagement:868 - Dispalyed Select Box is not red
LeadManagement-2024-09-11 main INFO TC_Sanity_CRMaccountFilter_Leadamanagement:859 - Select This Calendar Quarter is Passed
LeadManagement-2024-09-11 main INFO TC_Sanity_CRMaccountFilter_Leadamanagement:868 - Dispalyed Select Box is not red
LeadManagement-2024-09-11 main INFO TC_Sanity_CRMaccountFilter_Leadamanagement:859 - Select Last Calendar Quarter is Passed
LeadManagement-2024-09-11 main INFO TC_Sanity_CRMaccountFilter_Leadamanagement:868 - Dispalyed Select Box is not red
LeadManagement-2024-09-11 main INFO TC_Sanity_CRMaccountFilter_Leadamanagement:859 - Select This Calendar Year is Passed
LeadManagement-2024-09-11 main INFO TC_Sanity_CRMaccountFilter_Leadamanagement:868 - Dispalyed Select Box is not red
LeadManagement-2024-09-11 main INFO TC_Sanity_CRMaccountFilter_Leadamanagement:859 - Select Last Calendar Year is Passed
LeadManagement-2024-09-11 main INFO TC_Sanity_CRMaccountFilter_Leadamanagement:868 - Dispalyed Select Box is not red
LeadManagement-2024-09-11 main INFO TC_Sanity_CRMaccountFilter_Leadamanagement:668 - Select is is Passed
LeadManagement-2024-09-11 main INFO TC_Sanity_CRMaccountFilter_Leadamanagement:677 - Dispalyed Select Box is not red
LeadManagement-2024-09-11 main INFO TC_Sanity_CRMaccountFilter_Leadamanagement:690 - Click On Calendar CreatedDate Button is PASSED!!
LeadManagement-2024-09-11 main INFO TC_Sanity_CRMaccountFilter_Leadamanagement:699 - Click On Date is Passed
LeadManagement-2024-09-11 main INFO TC_Sanity_CRMaccountFilter_Leadamanagement:708 - Dispalyed Input Box is not red
LeadManagement-2024-09-11 main INFO TC_Sanity_CRMaccountFilter_Leadamanagement:668 - Select is today is Passed
LeadManagement-2024-09-11 main INFO TC_Sanity_CRMaccountFilter_Leadamanagement:677 - Dispalyed Select Box is not red
LeadManagement-2024-09-11 main INFO TC_Sanity_CRMaccountFilter_Leadamanagement:668 - Select is not is Passed
LeadManagement-2024-09-11 main INFO TC_Sanity_CRMaccountFilter_Leadamanagement:677 - Dispalyed Select Box is not red
LeadManagement-2024-09-11 main INFO TC_Sanity_CRMaccountFilter_Leadamanagement:690 - Click On Calendar CreatedDate Button is PASSED!!
LeadManagement-2024-09-11 main INFO TC_Sanity_CRMaccountFilter_Leadamanagement:699 - Click On Date is Passed
LeadManagement-2024-09-11 main INFO TC_Sanity_CRMaccountFilter_Leadamanagement:708 - Dispalyed Input Box is not red
LeadManagement-2024-09-11 main INFO TC_Sanity_CRMaccountFilter_Leadamanagement:668 - Select is empty is Passed
LeadManagement-2024-09-11 main INFO TC_Sanity_CRMaccountFilter_Leadamanagement:677 - Dispalyed Select Box is not red
LeadManagement-2024-09-11 main INFO TC_Sanity_CRMaccountFilter_Leadamanagement:668 - Select is not empty is Passed
LeadManagement-2024-09-11 main INFO TC_Sanity_CRMaccountFilter_Leadamanagement:677 - Dispalyed Select Box is not red
LeadManagement-2024-09-11 main INFO TC_Sanity_CRMaccountFilter_Leadamanagement:885 - //===================================== DRAG&DROP Billing City ATTRIBUTE =====================================//
LeadManagement-2024-09-11 main INFO TC_Sanity_CRMaccountFilter_Leadamanagement:889 - Click on Smart Account Attributes is passed
LeadManagement-2024-09-11 main INFO TC_Sanity_CRMaccountFilter_Leadamanagement:898 - DragAndDrop BillingCity is PASSED!!
LeadManagement-2024-09-11 main INFO TC_Sanity_CRMaccountFilter_Leadamanagement:909 - Select In Option is PASSED!!
LeadManagement-2024-09-11 main INFO TC_Sanity_CRMaccountFilter_Leadamanagement:918 - Dispalyed Select Box is not red
LeadManagement-2024-09-11 main INFO TC_Sanity_CRMaccountFilter_Leadamanagement:928 - Click on Add button For BillingCity is PASSED!!
LeadManagement-2024-09-11 main INFO TC_Sanity_CRMaccountFilter_Leadamanagement:937 - Selected One Account is PASSED!!
LeadManagement-2024-09-11 main INFO TC_Sanity_CRMaccountFilter_Leadamanagement:945 - Click on Save button is PASSED!!
LeadManagement-2024-09-11 main INFO TC_Sanity_CRMaccountFilter_Leadamanagement:954 - Dispalyed Input Box is not red
LeadManagement-2024-09-11 main INFO TC_Sanity_CRMaccountFilter_Leadamanagement:961 - *********************** Search Box and refresh Button Operation **************************
LeadManagement-2024-09-11 main INFO TC_Sanity_CRMaccountFilter_Leadamanagement:966 - Get Text from first drag and drop box is Passed
LeadManagement-2024-09-11 main INFO TC_Sanity_CRMaccountFilter_Leadamanagement:975 - Enter Text in search box is Passed
LeadManagement-2024-09-11 main INFO TC_Sanity_CRMaccountFilter_Leadamanagement:984 - Displayed text in toolist, which is entered in search box is Passed
LeadManagement-2024-09-11 main INFO TC_Sanity_CRMaccountFilter_Leadamanagement:993 - Click On Close Button is Passed
LeadManagement-2024-09-11 main INFO TC_Sanity_CRMaccountFilter_Leadamanagement:1002 - Click On Refresh Button is Passed
LeadManagement-2024-09-11 main INFO TC_Sanity_CRMaccountFilter_Leadamanagement:1011 - Click on AccountOwner is passed
LeadManagement-2024-09-11 main INFO TC_Sanity_CRMaccountFilter_Leadamanagement:1021 - Click on DefaultFilter Button is Passed
LeadManagement-2024-09-11 main INFO TC_Sanity_CRMaccountFilter_Leadamanagement:1030 - Select Custom Filter Option is Passed
LeadManagement-2024-09-11 main INFO TC_Sanity_CRMaccountFilter_Leadamanagement:1039 - Input For CutomFilter is Passed
LeadManagement-2024-09-11 main INFO TC_Sanity_CRMaccountFilter_Leadamanagement:1048 - Click on CollapseAll is Passed
LeadManagement-2024-09-11 main INFO TC_Sanity_CRMaccountFilter_Leadamanagement:1057 - Click on ExpandAll is Passed
LeadManagement-2024-09-11 main INFO TC_Sanity_CRMaccountFilter_Leadamanagement:1064 - //================================================ENTERING DETAILS PAGE===============================================
LeadManagement-2024-09-11 main INFO TC_Sanity_CRMaccountFilter_Leadamanagement:1068 - Click on Details Page is Passed!!!
LeadManagement-2024-09-11 main INFO TC_Sanity_CRMaccountFilter_Leadamanagement:1076 - Click On Description Edit button is Passed
LeadManagement-2024-09-11 main INFO TC_Sanity_CRMaccountFilter_Leadamanagement:1079 - Enter description is Passed
LeadManagement-2024-09-11 main INFO TC_Sanity_CRMaccountFilter_Leadamanagement:1082 - Click On Description Save button is Passed
LeadManagement-2024-09-11 main INFO TC_Sanity_CRMaccountFilter_Leadamanagement:1086 - Click On Copy Button is PASSED!!
LeadManagement-2024-09-11 main INFO TC_Sanity_CRMaccountFilter_Leadamanagement:1095 - Displayed Copied Success Message is PASSED!!
LeadManagement-2024-09-11 main INFO TC_Sanity_CRMaccountFilter_Leadamanagement:1103 - ==================================== Approve ==================================
LeadManagement-2024-09-11 main INFO TC_Sanity_CRMaccountFilter_Leadamanagement:1107 - Click On draftbox is PASSED!
LeadManagement-2024-09-11 main INFO TC_Sanity_CRMaccountFilter_Leadamanagement:1115 - Click on Approve Button After EDIT is passed
LeadManagement-2024-09-11 main INFO TC_Sanity_CRMaccountFilter_Leadamanagement:1118 - Click Again Approve button is passed
LeadManagement-2024-09-11 main INFO TC_Sanity_CRMaccountFilter_Leadamanagement:1122 - Display Approved button is PASSED!
LeadManagement-2024-09-11 main INFO TC_Sanity_CRMaccountFilter_Leadamanagement:1128 - //========================================Delete Craft scenario=======================================
LeadManagement-2024-09-11 main INFO TC_Sanity_CRMaccountFilter_Leadamanagement:1132 - RightClick On AutoTestObject is PASSED!!
LeadManagement-2024-09-11 main INFO TC_Sanity_CRMaccountFilter_Leadamanagement:1141 - Click On Edit AutoTestObject is PASSED!!!
LeadManagement-2024-09-11 main INFO TC_Sanity_CRMaccountFilter_Leadamanagement:1150 - Click On DeleteCraft buton is PASSED!!!
LeadManagement-2024-09-11 main INFO TC_Sanity_CRMaccountFilter_Leadamanagement:1160 - Dispalying Verified Sign is PASSED!!!
LeadManagement-2024-09-11 main INFO TC_Sanity_CRMaccountFilter_Leadamanagement:1169 - //==================================== OverView Page Opeartion  ==================================
LeadManagement-2024-09-11 main INFO TC_Sanity_CRMaccountFilter_Leadamanagement:1173 - Click On CRMAccountFilter Feature is Passed
LeadManagement-2024-09-11 main INFO TC_Sanity_CRMaccountFilter_Leadamanagement:1182 - Display CRMAccountFilter OverView Page is Passed
LeadManagement-2024-09-11 main INFO TC_Sanity_CRMaccountFilter_Leadamanagement:1191 - ***************** Column Header Check Box Operation ******************
LeadManagement-2024-09-11 main INFO TC_Sanity_CRMaccountFilter_Leadamanagement:1192 - Displayed Column Header Checkbox Is Not Disabled 
LeadManagement-2024-09-11 main INFO TC_Sanity_CRMaccountFilter_Leadamanagement:1197 - Click On ColumnHeader CheckBox is Passed
LeadManagement-2024-09-11 main INFO TC_Sanity_CRMaccountFilter_Leadamanagement:1206 - Displayed ColumnHeader CheckBox Is Checked is Passed
LeadManagement-2024-09-11 main INFO TC_Sanity_CRMaccountFilter_Leadamanagement:1217 - Displayed AutTestObject CheckBox Is Checked is Passed
LeadManagement-2024-09-11 main INFO TC_Sanity_CRMaccountFilter_Leadamanagement:1230 - Displayed Delete Button is Enabled is Passed
LeadManagement-2024-09-11 main INFO TC_Sanity_CRMaccountFilter_Leadamanagement:1240 - Uncheck the ColumnHeader CheckBox is Passed
LeadManagement-2024-09-11 main INFO TC_Sanity_CRMaccountFilter_Leadamanagement:1250 - Displayed AutTestObject CheckBox Is Not Checked is Passed
LeadManagement-2024-09-11 main INFO TC_Sanity_CRMaccountFilter_Leadamanagement:1263 - Displayed Delete Button is Disable is Passed
LeadManagement-2024-09-11 main INFO TC_Sanity_CRMaccountFilter_Leadamanagement:1270 - ********************** Filter Operation *************************
LeadManagement-2024-09-11 main INFO TC_Sanity_CRMaccountFilter_Leadamanagement:1274 - Enter Text In FilterBox is Passed
LeadManagement-2024-09-11 main INFO TC_Sanity_CRMaccountFilter_Leadamanagement:1283 - Displayed AutoTestObject is Passed
LeadManagement-2024-09-11 main INFO TC_Sanity_CRMaccountFilter_Leadamanagement:1292 - Displayed AutoTestObject CheckBox
LeadManagement-2024-09-11 main INFO TC_Sanity_CRMaccountFilter_Leadamanagement:1295 - Displayed AutoTestObject Is Not Used is Passed
LeadManagement-2024-09-11 main INFO TC_Sanity_CRMaccountFilter_Leadamanagement:1317 - Clear Test From The FilterBox is Passed
LeadManagement-2024-09-11 main INFO TC_Sanity_CRMaccountFilter_Leadamanagement:1324 - ********************** Delete AutoTestObject Operation *************************
LeadManagement-2024-09-11 main INFO TC_Sanity_CRMaccountFilter_Leadamanagement:1328 - Click On AutTestObject CheckBox is Passed
LeadManagement-2024-09-11 main INFO TC_Sanity_CRMaccountFilter_Leadamanagement:1337 - Displayed AutTestObject CheckBox Is Checked is Passed
LeadManagement-2024-09-11 main INFO TC_Sanity_CRMaccountFilter_Leadamanagement:1347 - Click On Delete Button is Passed
LeadManagement-2024-09-11 main INFO TC_Sanity_CRMaccountFilter_Leadamanagement:1356 - Click Again Delete Button is Passed
LeadManagement-2024-09-11 main INFO TC_Sanity_CRMaccountFilter_Leadamanagement:1365 - Display Deleted success message is Passed
