LeadManagement-2024-09-10 main INFO BaseClass:118 - ======================================= INFORMATION ======================================
LeadManagement-2024-09-10 main INFO BaseClass:125 - Login Scenario Started for ADMIN-USER
LeadManagement-2024-09-10 main INFO BaseClass:126 - https://app.leadangel.com/index.html#/
LeadManagement-2024-09-10 main INFO BaseClass:127 - 1667
LeadManagement-2024-09-10 main INFO BaseClass:128 - ganesh@leadangel.com
LeadManagement-2024-09-10 main INFO BaseClass:130 - Entered ClientID
LeadManagement-2024-09-10 main INFO BaseClass:132 - Entered Email
LeadManagement-2024-09-10 main INFO BaseClass:134 - Entered Password
LeadManagement-2024-09-10 main INFO BaseClass:136 - Click on Submit
LeadManagement-2024-09-10 main INFO TC_Sanity_AEtoSDR_LeadManagement:40 - Click on Lead Management is Passed
LeadManagement-2024-09-10 main INFO TC_Sanity_AEtoSDR_LeadManagement:49 - Click on Sales Team is Passed
LeadManagement-2024-09-10 main INFO TC_Sanity_AEtoSDR_LeadManagement:58 - Right Click on AE to SDR is Passed
LeadManagement-2024-09-10 main INFO TC_Sanity_AEtoSDR_LeadManagement:67 - Click on New AE to SDR is Passed
LeadManagement-2024-09-10 main INFO TC_Sanity_AEtoSDR_LeadManagement:73 - //===============================CREATE OBJECT SCENARIO START========================================!
LeadManagement-2024-09-10 main INFO TC_Sanity_AEtoSDR_LeadManagement:77 - Enter AutoTestObject Name is PASSED!!
LeadManagement-2024-09-10 main INFO TC_Sanity_AEtoSDR_LeadManagement:86 - Enter Description is Passed
LeadManagement-2024-09-10 main INFO TC_Sanity_AEtoSDR_LeadManagement:95 - Click on Save Button AEtoSDR is Passed
LeadManagement-2024-09-10 main INFO TC_Sanity_AEtoSDR_LeadManagement:104 - Duplicate Object Found, Try to delete the Object NOW!!! then Creating New Object!!
LeadManagement-2024-09-10 main INFO TC_Sanity_AEtoSDR_LeadManagement:108 - Click on AeToSDR Dropdown is passed
LeadManagement-2024-09-10 main INFO TC_Sanity_AEtoSDR_LeadManagement:117 - RightClick On AutoTestObject is PASSED!!
LeadManagement-2024-09-10 main INFO TC_Sanity_AEtoSDR_LeadManagement:126 - Click On Delete button is Passed!!!
LeadManagement-2024-09-10 main INFO TC_Sanity_AEtoSDR_LeadManagement:135 - Click Again Delete button is Passed!!!
LeadManagement-2024-09-10 main INFO TC_Sanity_AEtoSDR_LeadManagement:191 - Right Click on AE to SDR is Passed
LeadManagement-2024-09-10 main INFO TC_Sanity_AEtoSDR_LeadManagement:200 - Click on New AE to SDR is PASSED!!
LeadManagement-2024-09-10 main INFO TC_Sanity_AEtoSDR_LeadManagement:209 - Enter Object Name is PASSED!!
LeadManagement-2024-09-10 main INFO TC_Sanity_AEtoSDR_LeadManagement:218 - Enter Description is Passed
LeadManagement-2024-09-10 main INFO TC_Sanity_AEtoSDR_LeadManagement:227 - Click on Save Button is Passed
LeadManagement-2024-09-10 main INFO TC_Sanity_AEtoSDR_LeadManagement:239 - Refreshing The Page!!
LeadManagement-2024-09-10 main INFO TC_Sanity_AEtoSDR_LeadManagement:244 - Display AEtoSDR OverView
LeadManagement-2024-09-10 main INFO TC_Sanity_AEtoSDR_LeadManagement:248 - Click on AEtoSDR dropDown is passed
LeadManagement-2024-09-10 main INFO TC_Sanity_AEtoSDR_LeadManagement:257 - Click On AutoTestObject is PASSED!!
LeadManagement-2024-09-10 main INFO TC_Sanity_AEtoSDR_LeadManagement:268 - ================================================= Drag And Drop AE ===============================================
LeadManagement-2024-09-10 main INFO TC_Sanity_AEtoSDR_LeadManagement:272 - DND Account Executive is PASSED!!
LeadManagement-2024-09-10 main INFO TC_Sanity_AEtoSDR_LeadManagement:283 - Click On AccountExicutive Box is PASSED!!
LeadManagement-2024-09-10 main INFO TC_Sanity_AEtoSDR_LeadManagement:297 - Click On AccountExicutive Box is PASSED!!
LeadManagement-2024-09-10 main INFO TC_Sanity_AEtoSDR_LeadManagement:307 - Account Executive Automated Processis PASSED!!
LeadManagement-2024-09-10 main INFO TC_Sanity_AEtoSDR_LeadManagement:313 - Click On SDRmapping Box is PASSED!!
LeadManagement-2024-09-10 main INFO TC_Sanity_AEtoSDR_LeadManagement:327 - Click On SDRmapping Box is PASSED!!
LeadManagement-2024-09-10 main INFO TC_Sanity_AEtoSDR_LeadManagement:327 - Click On SDRmapping Box is PASSED!!
LeadManagement-2024-09-10 main INFO TC_Sanity_AEtoSDR_LeadManagement:344 - SDR mapping Data.com Cleanis PASSED!!
LeadManagement-2024-09-10 main INFO TC_Sanity_AEtoSDR_LeadManagement:350 - Click on Approve Button is passed
LeadManagement-2024-09-10 main INFO TC_Sanity_AEtoSDR_LeadManagement:353 - Click Again Approve button is passed
LeadManagement-2024-09-10 main INFO TC_Sanity_AEtoSDR_LeadManagement:357 - Display Approved button is PASSED!
LeadManagement-2024-09-10 main INFO TC_Sanity_AEtoSDR_LeadManagement:366 - Click On EditButton is PASSED!
LeadManagement-2024-09-10 main INFO TC_Sanity_AEtoSDR_LeadManagement:372 - *********************************************
LeadManagement-2024-09-10 main INFO TC_Sanity_AEtoSDR_LeadManagement:327 - Click On SDRmapping Box is PASSED!!
LeadManagement-2024-09-10 main INFO TC_Sanity_AEtoSDR_LeadManagement:344 - SDR mapping Integration Useris PASSED!!
LeadManagement-2024-09-10 main INFO TC_Sanity_AEtoSDR_LeadManagement:350 - Click on Approve Button is passed
LeadManagement-2024-09-10 main INFO TC_Sanity_AEtoSDR_LeadManagement:353 - Click Again Approve button is passed
LeadManagement-2024-09-10 main INFO TC_Sanity_AEtoSDR_LeadManagement:357 - Display Approved button is PASSED!
LeadManagement-2024-09-10 main INFO TC_Sanity_AEtoSDR_LeadManagement:366 - Click On EditButton is PASSED!
LeadManagement-2024-09-10 main INFO TC_Sanity_AEtoSDR_LeadManagement:372 - *********************************************
LeadManagement-2024-09-10 main INFO TC_Sanity_AEtoSDR_LeadManagement:297 - Click On AccountExicutive Box is PASSED!!
LeadManagement-2024-09-10 main INFO TC_Sanity_AEtoSDR_LeadManagement:307 - Account Executive Data.com Cleanis PASSED!!
LeadManagement-2024-09-10 main INFO TC_Sanity_AEtoSDR_LeadManagement:313 - Click On SDRmapping Box is PASSED!!
LeadManagement-2024-09-10 main INFO TC_Sanity_AEtoSDR_LeadManagement:327 - Click On SDRmapping Box is PASSED!!
LeadManagement-2024-09-10 main INFO TC_Sanity_AEtoSDR_LeadManagement:344 - SDR mapping Automated Processis PASSED!!
LeadManagement-2024-09-10 main INFO TC_Sanity_AEtoSDR_LeadManagement:350 - Click on Approve Button is passed
LeadManagement-2024-09-10 main INFO TC_Sanity_AEtoSDR_LeadManagement:353 - Click Again Approve button is passed
LeadManagement-2024-09-10 main INFO TC_Sanity_AEtoSDR_LeadManagement:357 - Display Approved button is PASSED!
LeadManagement-2024-09-10 main INFO TC_Sanity_AEtoSDR_LeadManagement:366 - Click On EditButton is PASSED!
LeadManagement-2024-09-10 main INFO TC_Sanity_AEtoSDR_LeadManagement:372 - *********************************************
LeadManagement-2024-09-10 main INFO TC_Sanity_AEtoSDR_LeadManagement:327 - Click On SDRmapping Box is PASSED!!
LeadManagement-2024-09-10 main INFO TC_Sanity_AEtoSDR_LeadManagement:327 - Click On SDRmapping Box is PASSED!!
LeadManagement-2024-09-10 main INFO TC_Sanity_AEtoSDR_LeadManagement:344 - SDR mapping Integration Useris PASSED!!
LeadManagement-2024-09-10 main INFO TC_Sanity_AEtoSDR_LeadManagement:350 - Click on Approve Button is passed
LeadManagement-2024-09-10 main INFO TC_Sanity_AEtoSDR_LeadManagement:353 - Click Again Approve button is passed
LeadManagement-2024-09-10 main INFO TC_Sanity_AEtoSDR_LeadManagement:357 - Display Approved button is PASSED!
LeadManagement-2024-09-10 main INFO TC_Sanity_AEtoSDR_LeadManagement:366 - Click On EditButton is PASSED!
LeadManagement-2024-09-10 main INFO TC_Sanity_AEtoSDR_LeadManagement:372 - *********************************************
LeadManagement-2024-09-10 main INFO TC_Sanity_AEtoSDR_LeadManagement:297 - Click On AccountExicutive Box is PASSED!!
LeadManagement-2024-09-10 main INFO TC_Sanity_AEtoSDR_LeadManagement:307 - Account Executive Integration Useris PASSED!!
LeadManagement-2024-09-10 main INFO TC_Sanity_AEtoSDR_LeadManagement:313 - Click On SDRmapping Box is PASSED!!
LeadManagement-2024-09-10 main INFO TC_Sanity_AEtoSDR_LeadManagement:327 - Click On SDRmapping Box is PASSED!!
LeadManagement-2024-09-10 main INFO TC_Sanity_AEtoSDR_LeadManagement:344 - SDR mapping Automated Processis PASSED!!
LeadManagement-2024-09-10 main INFO TC_Sanity_AEtoSDR_LeadManagement:350 - Click on Approve Button is passed
LeadManagement-2024-09-10 main INFO TC_Sanity_AEtoSDR_LeadManagement:353 - Click Again Approve button is passed
LeadManagement-2024-09-10 main INFO TC_Sanity_AEtoSDR_LeadManagement:357 - Display Approved button is PASSED!
LeadManagement-2024-09-10 main INFO TC_Sanity_AEtoSDR_LeadManagement:366 - Click On EditButton is PASSED!
LeadManagement-2024-09-10 main INFO TC_Sanity_AEtoSDR_LeadManagement:372 - *********************************************
LeadManagement-2024-09-10 main INFO TC_Sanity_AEtoSDR_LeadManagement:327 - Click On SDRmapping Box is PASSED!!
LeadManagement-2024-09-10 main INFO TC_Sanity_AEtoSDR_LeadManagement:344 - SDR mapping Data.com Cleanis PASSED!!
LeadManagement-2024-09-10 main INFO TC_Sanity_AEtoSDR_LeadManagement:350 - Click on Approve Button is passed
LeadManagement-2024-09-10 main INFO TC_Sanity_AEtoSDR_LeadManagement:353 - Click Again Approve button is passed
LeadManagement-2024-09-10 main INFO TC_Sanity_AEtoSDR_LeadManagement:357 - Display Approved button is PASSED!
LeadManagement-2024-09-10 main INFO TC_Sanity_AEtoSDR_LeadManagement:366 - Click On EditButton is PASSED!
LeadManagement-2024-09-10 main INFO TC_Sanity_AEtoSDR_LeadManagement:372 - *********************************************
LeadManagement-2024-09-10 main INFO TC_Sanity_AEtoSDR_LeadManagement:327 - Click On SDRmapping Box is PASSED!!
LeadManagement-2024-09-10 main INFO TC_Sanity_AEtoSDR_LeadManagement:379 - Click on CollapseAll is Passed
LeadManagement-2024-09-10 main INFO TC_Sanity_AEtoSDR_LeadManagement:388 - Click on ExpandAll is Passed
LeadManagement-2024-09-10 main INFO TC_Sanity_AEtoSDR_LeadManagement:394 - //====================================ENTERING DETAILS PAGE======================================
LeadManagement-2024-09-10 main INFO TC_Sanity_AEtoSDR_LeadManagement:398 - Click On Detail is PASSED!
LeadManagement-2024-09-10 main INFO TC_Sanity_AEtoSDR_LeadManagement:407 - Click On Edit Button On DetailsPage is PASSED!
LeadManagement-2024-09-10 main INFO TC_Sanity_AEtoSDR_LeadManagement:414 - Click On Description Edit button is Passed
LeadManagement-2024-09-10 main INFO TC_Sanity_AEtoSDR_LeadManagement:417 - Enter text in Description box is Passed
LeadManagement-2024-09-10 main INFO TC_Sanity_AEtoSDR_LeadManagement:420 - Click On Description Save button is Passed
LeadManagement-2024-09-10 main INFO TC_Sanity_AEtoSDR_LeadManagement:424 - Click On Copy Button is PASSED!!
LeadManagement-2024-09-10 main INFO TC_Sanity_AEtoSDR_LeadManagement:433 - Displayed Copied Success Message is PASSED!!
LeadManagement-2024-09-10 main INFO TC_Sanity_AEtoSDR_LeadManagement:442 - ===========================================Approve Scenario===================================
LeadManagement-2024-09-10 main INFO TC_Sanity_AEtoSDR_LeadManagement:446 - Click On Draft Button is PASSED!
LeadManagement-2024-09-10 main INFO TC_Sanity_AEtoSDR_LeadManagement:454 - Click on Approve Button is passed
LeadManagement-2024-09-10 main INFO TC_Sanity_AEtoSDR_LeadManagement:457 - Click Again Approve button is passed
LeadManagement-2024-09-10 main INFO TC_Sanity_AEtoSDR_LeadManagement:461 - Display Approved button is PASSED!
LeadManagement-2024-09-10 main INFO TC_Sanity_AEtoSDR_LeadManagement:469 - //==============================Delete Draft scenario================================
LeadManagement-2024-09-10 main INFO TC_Sanity_AEtoSDR_LeadManagement:473 - RightClick On AutoTestObject is PASSED!!
LeadManagement-2024-09-10 main INFO TC_Sanity_AEtoSDR_LeadManagement:482 - Click On Edit AutoTestObject is PASSED!!!
LeadManagement-2024-09-10 main INFO TC_Sanity_AEtoSDR_LeadManagement:491 - Click On Delete Draft buton is PASSED!!!
LeadManagement-2024-09-10 main INFO TC_Sanity_AEtoSDR_LeadManagement:501 - Dispalying Verified Sign is PASSED!!!
LeadManagement-2024-09-10 main INFO TC_Sanity_AEtoSDR_LeadManagement:511 - //==================================== OverView Page Opeartion  ==================================
LeadManagement-2024-09-10 main INFO TC_Sanity_AEtoSDR_LeadManagement:515 - Click On AEtoSDR Feature is Passed
LeadManagement-2024-09-10 main INFO TC_Sanity_AEtoSDR_LeadManagement:524 - Display AEtoSDR OverView Page is Passed
LeadManagement-2024-09-10 main INFO TC_Sanity_AEtoSDR_LeadManagement:533 - ***************** Column Header Check Box Operation ******************
LeadManagement-2024-09-10 main INFO TC_Sanity_AEtoSDR_LeadManagement:534 - Displayed Column Header Checkbox Is Not Disabled 
LeadManagement-2024-09-10 main INFO TC_Sanity_AEtoSDR_LeadManagement:539 - Click On ColumnHeader CheckBox is Passed
LeadManagement-2024-09-10 main INFO TC_Sanity_AEtoSDR_LeadManagement:548 - Displayed ColumnHeader CheckBox Is Checked is Passed
LeadManagement-2024-09-10 main INFO TC_Sanity_AEtoSDR_LeadManagement:559 - Displayed AutTestObject CheckBox Is Checked is Passed
LeadManagement-2024-09-10 main INFO TC_Sanity_AEtoSDR_LeadManagement:572 - Displayed Delete Button is Enabled is Passed
LeadManagement-2024-09-10 main INFO TC_Sanity_AEtoSDR_LeadManagement:582 - Uncheck the ColumnHeader CheckBox is Passed
LeadManagement-2024-09-10 main INFO TC_Sanity_AEtoSDR_LeadManagement:592 - Displayed AutTestObject CheckBox Is Not Checked is Passed
LeadManagement-2024-09-10 main INFO TC_Sanity_AEtoSDR_LeadManagement:605 - Displayed Delete Button is Disable is Passed
LeadManagement-2024-09-10 main INFO TC_Sanity_AEtoSDR_LeadManagement:612 - ********************** Filter Operation *************************
LeadManagement-2024-09-10 main INFO TC_Sanity_AEtoSDR_LeadManagement:616 - Enter Text In FilterBox is Passed
LeadManagement-2024-09-10 main INFO TC_Sanity_AEtoSDR_LeadManagement:625 - Displayed AutoTestObject is Passed
LeadManagement-2024-09-10 main INFO TC_Sanity_AEtoSDR_LeadManagement:634 - Displayed AutoTestObject CheckBox
LeadManagement-2024-09-10 main INFO TC_Sanity_AEtoSDR_LeadManagement:637 - Displayed AutoTestObject Is Not Used is Passed
LeadManagement-2024-09-10 main INFO TC_Sanity_AEtoSDR_LeadManagement:659 - Clear Test From The FilterBox is Passed
LeadManagement-2024-09-10 main INFO TC_Sanity_AEtoSDR_LeadManagement:666 - ********************** Delete AutoTestObject Operation *************************
LeadManagement-2024-09-10 main INFO TC_Sanity_AEtoSDR_LeadManagement:670 - Click On AutTestObject CheckBox is Passed
LeadManagement-2024-09-10 main INFO TC_Sanity_AEtoSDR_LeadManagement:679 - Displayed AutTestObject CheckBox Is Checked is Passed
LeadManagement-2024-09-10 main INFO TC_Sanity_AEtoSDR_LeadManagement:689 - Click On Delete Button is Passed
LeadManagement-2024-09-10 main INFO TC_Sanity_AEtoSDR_LeadManagement:698 - Click Again Delete Button is Passed
LeadManagement-2024-09-10 main INFO TC_Sanity_AEtoSDR_LeadManagement:707 - Display Deleted success message is Passed
