ContactManagement-2024-09-12 main INFO BaseClass:123 - ======================================= INFORMATION ======================================
ContactManagement-2024-09-12 main INFO BaseClass:129 - Login Scenario Started for ADMIN-USER
ContactManagement-2024-09-12 main INFO BaseClass:130 - https://app.leadangel.com/index.html#/
ContactManagement-2024-09-12 main INFO BaseClass:131 - 1667
ContactManagement-2024-09-12 main INFO BaseClass:132 - ganesh@leadangel.com
ContactManagement-2024-09-12 main INFO BaseClass:134 - Entered ClientID
ContactManagement-2024-09-12 main INFO BaseClass:136 - Entered Email
ContactManagement-2024-09-12 main INFO BaseClass:138 - Entered Password
ContactManagement-2024-09-12 main INFO BaseClass:140 - Click on Submit
ContactManagement-2024-09-12 main INFO TC_Sanity_ContactRouter_ContactManagement:49 - Click on ContactManagement is Passed
ContactManagement-2024-09-12 main INFO TC_Sanity_ContactRouter_ContactManagement:58 - RightClick On ContactRouter is Passed
ContactManagement-2024-09-12 main INFO TC_Sanity_ContactRouter_ContactManagement:67 - Click on New ContactRouter is Passed
ContactManagement-2024-09-12 main INFO TC_Sanity_ContactRouter_ContactManagement:74 - //===============================CREATE OBJECT SCENARIO START========================================!
ContactManagement-2024-09-12 main INFO TC_Sanity_ContactRouter_ContactManagement:78 - Enter Object Name is PASSED!!
ContactManagement-2024-09-12 main INFO TC_Sanity_ContactRouter_ContactManagement:87 - Enter Description is Passed
ContactManagement-2024-09-12 main INFO TC_Sanity_ContactRouter_ContactManagement:96 - Click on Save Button is Passed
ContactManagement-2024-09-12 main INFO TC_Sanity_ContactRouter_ContactManagement:105 - Duplicate Object Found, Try to delete the Object NOW!!! then Creating New Object!!
ContactManagement-2024-09-12 main INFO TC_Sanity_ContactRouter_ContactManagement:109 - Click on ContactRouter DropDown is passed
ContactManagement-2024-09-12 main INFO TC_Sanity_ContactRouter_ContactManagement:118 - RightClick On AutoTestObject is PASSED!!
ContactManagement-2024-09-12 main INFO TC_Sanity_ContactRouter_ContactManagement:126 - Click On Delete button is Passed!!!
ContactManagement-2024-09-12 main INFO TC_Sanity_ContactRouter_ContactManagement:135 - Click Again Delete button is Passed!!!
ContactManagement-2024-09-12 main INFO TC_Sanity_ContactRouter_ContactManagement:191 - RightClick On ContactRouter is Passed
ContactManagement-2024-09-12 main INFO TC_Sanity_ContactRouter_ContactManagement:200 - Click on New Contact Router is PASSED!!
ContactManagement-2024-09-12 main INFO TC_Sanity_ContactRouter_ContactManagement:209 - Enter Object Name is PASSED!!
ContactManagement-2024-09-12 main INFO TC_Sanity_ContactRouter_ContactManagement:218 - Enter Description is Passed
ContactManagement-2024-09-12 main INFO TC_Sanity_ContactRouter_ContactManagement:227 - Click on Save Button is Passed
ContactManagement-2024-09-12 main INFO TC_Sanity_ContactRouter_ContactManagement:240 - Refreshing The Page!!
ContactManagement-2024-09-12 main INFO TC_Sanity_ContactRouter_ContactManagement:245 - Displayed ContactRouter Overview page
ContactManagement-2024-09-12 main INFO TC_Sanity_ContactRouter_ContactManagement:250 - Click on ContactRouter DropDown is passed
ContactManagement-2024-09-12 main INFO TC_Sanity_ContactRouter_ContactManagement:259 - Click On AutoTestObject is PASSED!!
ContactManagement-2024-09-12 main INFO TC_Sanity_ContactRouter_ContactManagement:273 - Click On DNDdiagram DropDown is Passed!!
ContactManagement-2024-09-12 main INFO TC_Sanity_ContactRouter_ContactManagement:283 - Minimize the Panner is Passed!!
ContactManagement-2024-09-12 main INFO TC_Sanity_ContactRouter_ContactManagement:291 - *************************************** Decision Block DND ****************************************
ContactManagement-2024-09-12 main INFO TC_Sanity_ContactRouter_ContactManagement:295 - Drag And Drop Decision block is Passed!!
ContactManagement-2024-09-12 main INFO TC_Sanity_ContactRouter_ContactManagement:304 - Connect StartBlock To DecisionBlock is Passed!!
ContactManagement-2024-09-12 main INFO TC_Sanity_ContactRouter_ContactManagement:311 - *************************************** Action Block DND ****************************************
ContactManagement-2024-09-12 main INFO TC_Sanity_ContactRouter_ContactManagement:315 - Drag And Drop ActionBlock is Passed!!
ContactManagement-2024-09-12 main INFO TC_Sanity_ContactRouter_ContactManagement:324 - Connect DecisionBlock(No) To Action Block is Passed!!
ContactManagement-2024-09-12 main INFO TC_Sanity_ContactRouter_ContactManagement:331 - ********************************************* Update Data Value DND ****************************************************
ContactManagement-2024-09-12 main INFO TC_Sanity_ContactRouter_ContactManagement:335 - Drag And Drop Update Data Value is Passed!!
ContactManagement-2024-09-12 main INFO TC_Sanity_ContactRouter_ContactManagement:344 - Connect ActionBlock To UpdateDataValue Block is Passed!!
ContactManagement-2024-09-12 main INFO TC_Sanity_ContactRouter_ContactManagement:351 - *************************************** UpdateToCRM DND ****************************************
ContactManagement-2024-09-12 main INFO TC_Sanity_ContactRouter_ContactManagement:355 - Drag And Drop UpdateToCRM is Passed!!
ContactManagement-2024-09-12 main INFO TC_Sanity_ContactRouter_ContactManagement:364 - Connect Update Data Value Block To Update To CRM Block is Passed!!
ContactManagement-2024-09-12 main INFO TC_Sanity_ContactRouter_ContactManagement:371 - *************************************** Assignment Block DND And Random Split DND ****************************************
ContactManagement-2024-09-12 main INFO TC_Sanity_ContactRouter_ContactManagement:375 - Drag And Drop AssignmentBlock is Passed!!
ContactManagement-2024-09-12 main INFO TC_Sanity_ContactRouter_ContactManagement:384 - Drag And Drop RandomSplit is Passed!!
ContactManagement-2024-09-12 main INFO TC_Sanity_ContactRouter_ContactManagement:394 - Connect UpdateToCRM To RandomSplit is Passed!!
ContactManagement-2024-09-12 main INFO TC_Sanity_ContactRouter_ContactManagement:403 - Connect RandomSlitA To AssignmentBlock is Passed!!
ContactManagement-2024-09-12 main INFO TC_Sanity_ContactRouter_ContactManagement:412 - Connect RandomSlitB To ActionBlock is Passed!!
ContactManagement-2024-09-12 main INFO TC_Sanity_ContactRouter_ContactManagement:421 - Connect RandomSlitC_To_UpdateDataValue is Passed!!
ContactManagement-2024-09-12 main INFO TC_Sanity_ContactRouter_ContactManagement:430 - Connect DecisionBlock(YES) To AssignmentBlock is Passed!!
ContactManagement-2024-09-12 main INFO TC_Sanity_ContactRouter_ContactManagement:438 - ***************************************Decision block Operation***************************************
ContactManagement-2024-09-12 main INFO TC_Sanity_ContactRouter_ContactManagement:442 - Double Click On DecisionBlock is Passed !!
ContactManagement-2024-09-12 main INFO TC_Sanity_ContactRouter_ContactManagement:451 - Enter Description is Passed !!
ContactManagement-2024-09-12 main INFO TC_Sanity_ContactRouter_ContactManagement:460 - Click On Data dictionary option is Passed !!
ContactManagement-2024-09-12 main INFO TC_Sanity_ContactRouter_ContactManagement:469 - Click On AddButton is Passed !!
ContactManagement-2024-09-12 main INFO TC_Sanity_ContactRouter_ContactManagement:478 - Click On CustomFilter is Passed !!
ContactManagement-2024-09-12 main INFO TC_Sanity_ContactRouter_ContactManagement:487 - Enter CustomFilter is Passed !!
ContactManagement-2024-09-12 main INFO TC_Sanity_ContactRouter_ContactManagement:497 - Object Name Before Click NewTab Link: Test@18May24
ContactManagement-2024-09-12 main INFO TC_Sanity_ContactRouter_ContactManagement:501 - Click On Open In New Tab Link is Passed !!
ContactManagement-2024-09-12 main INFO TC_Sanity_ContactRouter_ContactManagement:517 - Object Name After Click NewTab Link: Test@18May24
ContactManagement-2024-09-12 main INFO TC_Sanity_ContactRouter_ContactManagement:521 - Open in New tab link is properly redirected is Passed !!
ContactManagement-2024-09-12 main INFO TC_Sanity_ContactRouter_ContactManagement:535 - Swicth back to parent window is Passed !!
ContactManagement-2024-09-12 main INFO TC_Sanity_ContactRouter_ContactManagement:545 - Click On Save Button is Passed !!
ContactManagement-2024-09-12 main INFO TC_Sanity_ContactRouter_ContactManagement:554 - true
ContactManagement-2024-09-12 main INFO TC_Sanity_ContactRouter_ContactManagement:555 - Decision Block Border Color is Verified and Passed
ContactManagement-2024-09-12 main INFO TC_Sanity_ContactRouter_ContactManagement:564 - *********************************************ActionBlock Operation********************************************
ContactManagement-2024-09-12 main INFO TC_Sanity_ContactRouter_ContactManagement:568 - Double Click On Action Block is Passed !!
ContactManagement-2024-09-12 main INFO TC_Sanity_ContactRouter_ContactManagement:577 - Enter Description is Passed !!
ContactManagement-2024-09-12 main INFO TC_Sanity_ContactRouter_ContactManagement:586 - Select On Call Webhook Option is Passed
ContactManagement-2024-09-12 main INFO TC_Sanity_ContactRouter_ContactManagement:595 - Select On Second ListBox is Passed
ContactManagement-2024-09-12 main INFO TC_Sanity_ContactRouter_ContactManagement:604 - Object Name Before Click NewTab Link: Webhook-Contact
ContactManagement-2024-09-12 main INFO TC_Sanity_ContactRouter_ContactManagement:608 - Click On Open In New Tab Link is Passed !!
ContactManagement-2024-09-12 main INFO TC_Sanity_ContactRouter_ContactManagement:624 - Object Name After Click NewTab Link: Webhook-Contact
ContactManagement-2024-09-12 main INFO TC_Sanity_ContactRouter_ContactManagement:628 - Open in New tab link is properly redirected is Passed !!
ContactManagement-2024-09-12 main INFO TC_Sanity_ContactRouter_ContactManagement:642 - Swicth back to parent window is Passed !!
ContactManagement-2024-09-12 main INFO TC_Sanity_ContactRouter_ContactManagement:652 - Click On Continue Processing radio button is Passed
ContactManagement-2024-09-12 main INFO TC_Sanity_ContactRouter_ContactManagement:661 - Click On Save Button is Passed
ContactManagement-2024-09-12 main INFO TC_Sanity_ContactRouter_ContactManagement:670 - true
ContactManagement-2024-09-12 main INFO TC_Sanity_ContactRouter_ContactManagement:671 - Action Block Border Color is Verified and Passed
ContactManagement-2024-09-12 main INFO TC_Sanity_ContactRouter_ContactManagement:681 - Double Click On Action Block is Passed !!
ContactManagement-2024-09-12 main INFO TC_Sanity_ContactRouter_ContactManagement:690 - Click On StopProcessing radio button is Passed
ContactManagement-2024-09-12 main INFO TC_Sanity_ContactRouter_ContactManagement:700 - Click On Save Button is Passed
ContactManagement-2024-09-12 main INFO TC_Sanity_ContactRouter_ContactManagement:709 - true
ContactManagement-2024-09-12 main INFO TC_Sanity_ContactRouter_ContactManagement:710 - Action Block Border Color is Verified and Passed
ContactManagement-2024-09-12 main INFO TC_Sanity_ContactRouter_ContactManagement:720 - Double Click On Action Block is Passed !!
ContactManagement-2024-09-12 main INFO TC_Sanity_ContactRouter_ContactManagement:729 - Select On Wait Option is Passed
ContactManagement-2024-09-12 main INFO TC_Sanity_ContactRouter_ContactManagement:738 - Select the Second ListBox dropdown is Passed
ContactManagement-2024-09-12 main INFO TC_Sanity_ContactRouter_ContactManagement:747 - Object Name Before Click NewTab Link: AutoTestObject_Rename
ContactManagement-2024-09-12 main INFO TC_Sanity_ContactRouter_ContactManagement:751 - Click On Open In New Tab Link is Passed !!
ContactManagement-2024-09-12 main INFO TC_Sanity_ContactRouter_ContactManagement:767 - Object Name After Click NewTab Link: AutoTestObject_Rename
ContactManagement-2024-09-12 main INFO TC_Sanity_ContactRouter_ContactManagement:771 - Open in New tab link is properly redirected is Passed !!
ContactManagement-2024-09-12 main INFO TC_Sanity_ContactRouter_ContactManagement:785 - Swicth back to parent window is Passed !!
ContactManagement-2024-09-12 main INFO TC_Sanity_ContactRouter_ContactManagement:795 - Click On Save Button is Passed
ContactManagement-2024-09-12 main INFO TC_Sanity_ContactRouter_ContactManagement:804 - true
ContactManagement-2024-09-12 main INFO TC_Sanity_ContactRouter_ContactManagement:805 - Action Block Border Color is Verified and Passed
ContactManagement-2024-09-12 main INFO TC_Sanity_ContactRouter_ContactManagement:814 - *********************************************Update Data Value  Operation****************************************************
ContactManagement-2024-09-12 main INFO TC_Sanity_ContactRouter_ContactManagement:818 - Double Click On UpdateDataValue Block is Passed !!
ContactManagement-2024-09-12 main INFO TC_Sanity_ContactRouter_ContactManagement:827 - Enter Description is Passed !!
ContactManagement-2024-09-12 main INFO TC_Sanity_ContactRouter_ContactManagement:836 - Click On AddField Button  is Passed !!
ContactManagement-2024-09-12 main INFO TC_Sanity_ContactRouter_ContactManagement:847 - First ListBox Dropdown is Passed !!
ContactManagement-2024-09-12 main INFO TC_Sanity_ContactRouter_ContactManagement:859 - Select OtherLatitude is Passed !!
ContactManagement-2024-09-12 main INFO TC_Sanity_ContactRouter_ContactManagement:893 - Select Second ListBox is Passed !!
ContactManagement-2024-09-12 main INFO TC_Sanity_ContactRouter_ContactManagement:905 - Select Set to (Text/Number/Date) is Passed
ContactManagement-2024-09-12 main INFO TC_Sanity_ContactRouter_ContactManagement:917 - Enter Number For Other Latitude is Passed !!
ContactManagement-2024-09-12 main INFO TC_Sanity_ContactRouter_ContactManagement:926 - Click On Save Button is Passed !!
ContactManagement-2024-09-12 main INFO TC_Sanity_ContactRouter_ContactManagement:935 - true
ContactManagement-2024-09-12 main INFO TC_Sanity_ContactRouter_ContactManagement:936 - UpdateDataValue BorderColor is Verified and Passed !!
ContactManagement-2024-09-12 main INFO TC_Sanity_ContactRouter_ContactManagement:946 - Double Click On UpdateDataValue Block is Passed !!
ContactManagement-2024-09-12 main INFO TC_Sanity_ContactRouter_ContactManagement:893 - Select Second ListBox is Passed !!
ContactManagement-2024-09-12 main INFO TC_Sanity_ContactRouter_ContactManagement:905 - Select Lookup with Contact is Passed
ContactManagement-2024-09-12 main INFO TC_Sanity_ContactRouter_ContactManagement:1049 - Select Third ListBox dropdown is Passed
ContactManagement-2024-09-12 main INFO TC_Sanity_ContactRouter_ContactManagement:1062 - Select Contact ID is Passed
ContactManagement-2024-09-12 main INFO TC_Sanity_ContactRouter_ContactManagement:1071 - Click On Save Button is Passed !!
ContactManagement-2024-09-12 main INFO TC_Sanity_ContactRouter_ContactManagement:1080 - true
ContactManagement-2024-09-12 main INFO TC_Sanity_ContactRouter_ContactManagement:1081 - UpdateDataValue BorderColor is Verified and Passed !!
ContactManagement-2024-09-12 main INFO TC_Sanity_ContactRouter_ContactManagement:1091 - Double Click On UpdateDataValue Block is Passed !!
ContactManagement-2024-09-12 main INFO TC_Sanity_ContactRouter_ContactManagement:893 - Select Second ListBox is Passed !!
ContactManagement-2024-09-12 main INFO TC_Sanity_ContactRouter_ContactManagement:905 - Select Lookup with Account is Passed
ContactManagement-2024-09-12 main INFO TC_Sanity_ContactRouter_ContactManagement:1049 - Select Third ListBox dropdown is Passed
ContactManagement-2024-09-12 main INFO TC_Sanity_ContactRouter_ContactManagement:1062 - Select Account ID is Passed
ContactManagement-2024-09-12 main INFO TC_Sanity_ContactRouter_ContactManagement:1071 - Click On Save Button is Passed !!
ContactManagement-2024-09-12 main INFO TC_Sanity_ContactRouter_ContactManagement:1080 - true
ContactManagement-2024-09-12 main INFO TC_Sanity_ContactRouter_ContactManagement:1081 - UpdateDataValue BorderColor is Verified and Passed !!
ContactManagement-2024-09-12 main INFO TC_Sanity_ContactRouter_ContactManagement:1091 - Double Click On UpdateDataValue Block is Passed !!
ContactManagement-2024-09-12 main INFO TC_Sanity_ContactRouter_ContactManagement:893 - Select Second ListBox is Passed !!
ContactManagement-2024-09-12 main INFO TC_Sanity_ContactRouter_ContactManagement:905 - Select Lookup with Contact Owner is Passed
ContactManagement-2024-09-12 main INFO TC_Sanity_ContactRouter_ContactManagement:1049 - Select Third ListBox dropdown is Passed
ContactManagement-2024-09-12 main INFO TC_Sanity_ContactRouter_ContactManagement:1062 - Select ID is Passed
ContactManagement-2024-09-12 main INFO TC_Sanity_ContactRouter_ContactManagement:1071 - Click On Save Button is Passed !!
ContactManagement-2024-09-12 main INFO TC_Sanity_ContactRouter_ContactManagement:1080 - true
ContactManagement-2024-09-12 main INFO TC_Sanity_ContactRouter_ContactManagement:1081 - UpdateDataValue BorderColor is Verified and Passed !!
ContactManagement-2024-09-12 main INFO TC_Sanity_ContactRouter_ContactManagement:1091 - Double Click On UpdateDataValue Block is Passed !!
ContactManagement-2024-09-12 main INFO TC_Sanity_ContactRouter_ContactManagement:893 - Select Second ListBox is Passed !!
ContactManagement-2024-09-12 main INFO TC_Sanity_ContactRouter_ContactManagement:905 - Select Use Formula to Update is Passed
ContactManagement-2024-09-12 main INFO TC_Sanity_ContactRouter_ContactManagement:1106 - Click On Insert Button Third ListBox is Passed
ContactManagement-2024-09-12 main INFO TC_Sanity_ContactRouter_ContactManagement:1115 - Click On Select Object DropDown is Passed
ContactManagement-2024-09-12 main INFO TC_Sanity_ContactRouter_ContactManagement:1126 - Select Account In Object DropDown is Passed
ContactManagement-2024-09-12 main INFO TC_Sanity_ContactRouter_ContactManagement:1158 - Click On SelectField DropDown is Passed
ContactManagement-2024-09-12 main INFO TC_Sanity_ContactRouter_ContactManagement:1167 - Click User Name In SelectField is Passed
ContactManagement-2024-09-12 main INFO TC_Sanity_ContactRouter_ContactManagement:1176 - Click On Incert Button for Incert Value Popup is Passed !!
ContactManagement-2024-09-12 main INFO TC_Sanity_ContactRouter_ContactManagement:1185 - Click On Save Button is Passed !!
ContactManagement-2024-09-12 main INFO TC_Sanity_ContactRouter_ContactManagement:1194 - true
ContactManagement-2024-09-12 main INFO TC_Sanity_ContactRouter_ContactManagement:1195 - UpdateDataValue BorderColor is Verified and Passed !!
ContactManagement-2024-09-12 main INFO TC_Sanity_ContactRouter_ContactManagement:1205 - Double Click On UpdateDataValue Block is Passed !!
ContactManagement-2024-09-12 main INFO TC_Sanity_ContactRouter_ContactManagement:1106 - Click On Insert Button Third ListBox is Passed
ContactManagement-2024-09-12 main INFO TC_Sanity_ContactRouter_ContactManagement:1115 - Click On Select Object DropDown is Passed
ContactManagement-2024-09-12 main INFO TC_Sanity_ContactRouter_ContactManagement:1137 - Select Contact In Object DropDown is Passed
ContactManagement-2024-09-12 main INFO TC_Sanity_ContactRouter_ContactManagement:1158 - Click On SelectField DropDown is Passed
ContactManagement-2024-09-12 main INFO TC_Sanity_ContactRouter_ContactManagement:1167 - Click User Name In SelectField is Passed
ContactManagement-2024-09-12 main INFO TC_Sanity_ContactRouter_ContactManagement:1176 - Click On Incert Button for Incert Value Popup is Passed !!
ContactManagement-2024-09-12 main INFO TC_Sanity_ContactRouter_ContactManagement:1185 - Click On Save Button is Passed !!
ContactManagement-2024-09-12 main INFO TC_Sanity_ContactRouter_ContactManagement:1194 - true
ContactManagement-2024-09-12 main INFO TC_Sanity_ContactRouter_ContactManagement:1195 - UpdateDataValue BorderColor is Verified and Passed !!
ContactManagement-2024-09-12 main INFO TC_Sanity_ContactRouter_ContactManagement:1205 - Double Click On UpdateDataValue Block is Passed !!
ContactManagement-2024-09-12 main INFO TC_Sanity_ContactRouter_ContactManagement:1106 - Click On Insert Button Third ListBox is Passed
ContactManagement-2024-09-12 main INFO TC_Sanity_ContactRouter_ContactManagement:1115 - Click On Select Object DropDown is Passed
ContactManagement-2024-09-12 main INFO TC_Sanity_ContactRouter_ContactManagement:1148 - Select Contact Owner In Object DropDown is Passed
ContactManagement-2024-09-12 main INFO TC_Sanity_ContactRouter_ContactManagement:1158 - Click On SelectField DropDown is Passed
ContactManagement-2024-09-12 main INFO TC_Sanity_ContactRouter_ContactManagement:1167 - Click User Name In SelectField is Passed
ContactManagement-2024-09-12 main INFO TC_Sanity_ContactRouter_ContactManagement:1176 - Click On Incert Button for Incert Value Popup is Passed !!
ContactManagement-2024-09-12 main INFO TC_Sanity_ContactRouter_ContactManagement:1185 - Click On Save Button is Passed !!
ContactManagement-2024-09-12 main INFO TC_Sanity_ContactRouter_ContactManagement:1194 - true
ContactManagement-2024-09-12 main INFO TC_Sanity_ContactRouter_ContactManagement:1195 - UpdateDataValue BorderColor is Verified and Passed !!
ContactManagement-2024-09-12 main INFO TC_Sanity_ContactRouter_ContactManagement:1205 - Double Click On UpdateDataValue Block is Passed !!
ContactManagement-2024-09-12 main INFO TC_Sanity_ContactRouter_ContactManagement:847 - First ListBox Dropdown is Passed !!
ContactManagement-2024-09-12 main INFO TC_Sanity_ContactRouter_ContactManagement:870 - Select AccountID is Passed !!
ContactManagement-2024-09-12 main INFO TC_Sanity_ContactRouter_ContactManagement:893 - Select Second ListBox is Passed !!
ContactManagement-2024-09-12 main INFO TC_Sanity_ContactRouter_ContactManagement:905 - Select Set to (Text/Number/Date) is Passed
ContactManagement-2024-09-12 main INFO TC_Sanity_ContactRouter_ContactManagement:957 - Enter Number For AccountID is Passed !!
ContactManagement-2024-09-12 main INFO TC_Sanity_ContactRouter_ContactManagement:966 - Click On Save Button is Passed !!
ContactManagement-2024-09-12 main INFO TC_Sanity_ContactRouter_ContactManagement:975 - true
ContactManagement-2024-09-12 main INFO TC_Sanity_ContactRouter_ContactManagement:976 - UpdateDataValue BorderColor is Verified and Passed !!
ContactManagement-2024-09-12 main INFO TC_Sanity_ContactRouter_ContactManagement:986 - Double Click On UpdateDataValue Block is Passed !!
ContactManagement-2024-09-12 main INFO TC_Sanity_ContactRouter_ContactManagement:893 - Select Second ListBox is Passed !!
ContactManagement-2024-09-12 main INFO TC_Sanity_ContactRouter_ContactManagement:905 - Select Lookup with Contact is Passed
ContactManagement-2024-09-12 main INFO TC_Sanity_ContactRouter_ContactManagement:1049 - Select Third ListBox dropdown is Passed
ContactManagement-2024-09-12 main INFO TC_Sanity_ContactRouter_ContactManagement:1062 - Select Contact ID is Passed
ContactManagement-2024-09-12 main INFO TC_Sanity_ContactRouter_ContactManagement:1071 - Click On Save Button is Passed !!
ContactManagement-2024-09-12 main INFO TC_Sanity_ContactRouter_ContactManagement:1080 - true
ContactManagement-2024-09-12 main INFO TC_Sanity_ContactRouter_ContactManagement:1081 - UpdateDataValue BorderColor is Verified and Passed !!
ContactManagement-2024-09-12 main INFO TC_Sanity_ContactRouter_ContactManagement:1091 - Double Click On UpdateDataValue Block is Passed !!
ContactManagement-2024-09-12 main INFO TC_Sanity_ContactRouter_ContactManagement:893 - Select Second ListBox is Passed !!
ContactManagement-2024-09-12 main INFO TC_Sanity_ContactRouter_ContactManagement:905 - Select Lookup with Account is Passed
ContactManagement-2024-09-12 main INFO TC_Sanity_ContactRouter_ContactManagement:1049 - Select Third ListBox dropdown is Passed
ContactManagement-2024-09-12 main INFO TC_Sanity_ContactRouter_ContactManagement:1062 - Select Account ID is Passed
ContactManagement-2024-09-12 main INFO TC_Sanity_ContactRouter_ContactManagement:1071 - Click On Save Button is Passed !!
ContactManagement-2024-09-12 main INFO TC_Sanity_ContactRouter_ContactManagement:1080 - true
ContactManagement-2024-09-12 main INFO TC_Sanity_ContactRouter_ContactManagement:1081 - UpdateDataValue BorderColor is Verified and Passed !!
ContactManagement-2024-09-12 main INFO TC_Sanity_ContactRouter_ContactManagement:1091 - Double Click On UpdateDataValue Block is Passed !!
ContactManagement-2024-09-12 main INFO TC_Sanity_ContactRouter_ContactManagement:893 - Select Second ListBox is Passed !!
ContactManagement-2024-09-12 main INFO TC_Sanity_ContactRouter_ContactManagement:905 - Select Lookup with Contact Owner is Passed
ContactManagement-2024-09-12 main INFO TC_Sanity_ContactRouter_ContactManagement:1049 - Select Third ListBox dropdown is Passed
ContactManagement-2024-09-12 main INFO TC_Sanity_ContactRouter_ContactManagement:1062 - Select ID is Passed
ContactManagement-2024-09-12 main INFO TC_Sanity_ContactRouter_ContactManagement:1071 - Click On Save Button is Passed !!
ContactManagement-2024-09-12 main INFO TC_Sanity_ContactRouter_ContactManagement:1080 - true
ContactManagement-2024-09-12 main INFO TC_Sanity_ContactRouter_ContactManagement:1081 - UpdateDataValue BorderColor is Verified and Passed !!
ContactManagement-2024-09-12 main INFO TC_Sanity_ContactRouter_ContactManagement:1091 - Double Click On UpdateDataValue Block is Passed !!
ContactManagement-2024-09-12 main INFO TC_Sanity_ContactRouter_ContactManagement:893 - Select Second ListBox is Passed !!
ContactManagement-2024-09-12 main INFO TC_Sanity_ContactRouter_ContactManagement:905 - Select Use Formula to Update is Passed
ContactManagement-2024-09-12 main INFO TC_Sanity_ContactRouter_ContactManagement:1106 - Click On Insert Button Third ListBox is Passed
ContactManagement-2024-09-12 main INFO TC_Sanity_ContactRouter_ContactManagement:1115 - Click On Select Object DropDown is Passed
ContactManagement-2024-09-12 main INFO TC_Sanity_ContactRouter_ContactManagement:1126 - Select Account In Object DropDown is Passed
ContactManagement-2024-09-12 main INFO TC_Sanity_ContactRouter_ContactManagement:1158 - Click On SelectField DropDown is Passed
ContactManagement-2024-09-12 main INFO TC_Sanity_ContactRouter_ContactManagement:1167 - Click User Name In SelectField is Passed
ContactManagement-2024-09-12 main INFO TC_Sanity_ContactRouter_ContactManagement:1176 - Click On Incert Button for Incert Value Popup is Passed !!
ContactManagement-2024-09-12 main INFO TC_Sanity_ContactRouter_ContactManagement:1185 - Click On Save Button is Passed !!
ContactManagement-2024-09-12 main INFO TC_Sanity_ContactRouter_ContactManagement:1194 - true
ContactManagement-2024-09-12 main INFO TC_Sanity_ContactRouter_ContactManagement:1195 - UpdateDataValue BorderColor is Verified and Passed !!
ContactManagement-2024-09-12 main INFO TC_Sanity_ContactRouter_ContactManagement:1205 - Double Click On UpdateDataValue Block is Passed !!
ContactManagement-2024-09-12 main INFO TC_Sanity_ContactRouter_ContactManagement:1106 - Click On Insert Button Third ListBox is Passed
ContactManagement-2024-09-12 main INFO TC_Sanity_ContactRouter_ContactManagement:1115 - Click On Select Object DropDown is Passed
ContactManagement-2024-09-12 main INFO TC_Sanity_ContactRouter_ContactManagement:1137 - Select Contact In Object DropDown is Passed
ContactManagement-2024-09-12 main INFO TC_Sanity_ContactRouter_ContactManagement:1158 - Click On SelectField DropDown is Passed
ContactManagement-2024-09-12 main INFO TC_Sanity_ContactRouter_ContactManagement:1167 - Click User Name In SelectField is Passed
ContactManagement-2024-09-12 main INFO TC_Sanity_ContactRouter_ContactManagement:1176 - Click On Incert Button for Incert Value Popup is Passed !!
ContactManagement-2024-09-12 main INFO TC_Sanity_ContactRouter_ContactManagement:1185 - Click On Save Button is Passed !!
ContactManagement-2024-09-12 main INFO TC_Sanity_ContactRouter_ContactManagement:1194 - true
ContactManagement-2024-09-12 main INFO TC_Sanity_ContactRouter_ContactManagement:1195 - UpdateDataValue BorderColor is Verified and Passed !!
ContactManagement-2024-09-12 main INFO TC_Sanity_ContactRouter_ContactManagement:1205 - Double Click On UpdateDataValue Block is Passed !!
ContactManagement-2024-09-12 main INFO TC_Sanity_ContactRouter_ContactManagement:1106 - Click On Insert Button Third ListBox is Passed
ContactManagement-2024-09-12 main INFO TC_Sanity_ContactRouter_ContactManagement:1115 - Click On Select Object DropDown is Passed
ContactManagement-2024-09-12 main INFO TC_Sanity_ContactRouter_ContactManagement:1148 - Select Contact Owner In Object DropDown is Passed
ContactManagement-2024-09-12 main INFO TC_Sanity_ContactRouter_ContactManagement:1158 - Click On SelectField DropDown is Passed
ContactManagement-2024-09-12 main INFO TC_Sanity_ContactRouter_ContactManagement:1167 - Click User Name In SelectField is Passed
ContactManagement-2024-09-12 main INFO TC_Sanity_ContactRouter_ContactManagement:1176 - Click On Incert Button for Incert Value Popup is Passed !!
ContactManagement-2024-09-12 main INFO TC_Sanity_ContactRouter_ContactManagement:1185 - Click On Save Button is Passed !!
ContactManagement-2024-09-12 main INFO TC_Sanity_ContactRouter_ContactManagement:1194 - true
ContactManagement-2024-09-12 main INFO TC_Sanity_ContactRouter_ContactManagement:1195 - UpdateDataValue BorderColor is Verified and Passed !!
ContactManagement-2024-09-12 main INFO TC_Sanity_ContactRouter_ContactManagement:1205 - Double Click On UpdateDataValue Block is Passed !!
ContactManagement-2024-09-12 main INFO TC_Sanity_ContactRouter_ContactManagement:847 - First ListBox Dropdown is Passed !!
ContactManagement-2024-09-12 main INFO TC_Sanity_ContactRouter_ContactManagement:881 - Select CreatedDate is Passed !!
ContactManagement-2024-09-12 main INFO TC_Sanity_ContactRouter_ContactManagement:893 - Select Second ListBox is Passed !!
ContactManagement-2024-09-12 main INFO TC_Sanity_ContactRouter_ContactManagement:905 - Select Set to (Text/Number/Date) is Passed
ContactManagement-2024-09-12 main INFO TC_Sanity_ContactRouter_ContactManagement:997 - Click On CreatedDate Calendar Button is PASSED!!
ContactManagement-2024-09-12 main INFO TC_Sanity_ContactRouter_ContactManagement:1006 - Click On Date is Passed
ContactManagement-2024-09-12 main INFO TC_Sanity_ContactRouter_ContactManagement:1015 - Click On Save Button is Passed !!
ContactManagement-2024-09-12 main INFO TC_Sanity_ContactRouter_ContactManagement:1024 - true
ContactManagement-2024-09-12 main INFO TC_Sanity_ContactRouter_ContactManagement:1025 - UpdateDataValue BorderColor is Verified and Passed !!
ContactManagement-2024-09-12 main INFO TC_Sanity_ContactRouter_ContactManagement:1035 - Double Click On UpdateDataValue Block is Passed !!
ContactManagement-2024-09-12 main INFO TC_Sanity_ContactRouter_ContactManagement:893 - Select Second ListBox is Passed !!
ContactManagement-2024-09-12 main INFO TC_Sanity_ContactRouter_ContactManagement:905 - Select Lookup with Contact is Passed
ContactManagement-2024-09-12 main INFO TC_Sanity_ContactRouter_ContactManagement:1049 - Select Third ListBox dropdown is Passed
ContactManagement-2024-09-12 main INFO TC_Sanity_ContactRouter_ContactManagement:1062 - Select Contact ID is Passed
ContactManagement-2024-09-12 main INFO TC_Sanity_ContactRouter_ContactManagement:1071 - Click On Save Button is Passed !!
ContactManagement-2024-09-12 main INFO TC_Sanity_ContactRouter_ContactManagement:1080 - true
ContactManagement-2024-09-12 main INFO TC_Sanity_ContactRouter_ContactManagement:1081 - UpdateDataValue BorderColor is Verified and Passed !!
ContactManagement-2024-09-12 main INFO TC_Sanity_ContactRouter_ContactManagement:1091 - Double Click On UpdateDataValue Block is Passed !!
ContactManagement-2024-09-12 main INFO TC_Sanity_ContactRouter_ContactManagement:893 - Select Second ListBox is Passed !!
ContactManagement-2024-09-12 main INFO TC_Sanity_ContactRouter_ContactManagement:905 - Select Lookup with Account is Passed
ContactManagement-2024-09-12 main INFO TC_Sanity_ContactRouter_ContactManagement:1049 - Select Third ListBox dropdown is Passed
ContactManagement-2024-09-12 main INFO TC_Sanity_ContactRouter_ContactManagement:1062 - Select Account ID is Passed
ContactManagement-2024-09-12 main INFO TC_Sanity_ContactRouter_ContactManagement:1071 - Click On Save Button is Passed !!
ContactManagement-2024-09-12 main INFO TC_Sanity_ContactRouter_ContactManagement:1080 - true
ContactManagement-2024-09-12 main INFO TC_Sanity_ContactRouter_ContactManagement:1081 - UpdateDataValue BorderColor is Verified and Passed !!
ContactManagement-2024-09-12 main INFO TC_Sanity_ContactRouter_ContactManagement:1091 - Double Click On UpdateDataValue Block is Passed !!
ContactManagement-2024-09-12 main INFO TC_Sanity_ContactRouter_ContactManagement:893 - Select Second ListBox is Passed !!
ContactManagement-2024-09-12 main INFO TC_Sanity_ContactRouter_ContactManagement:905 - Select Lookup with Contact Owner is Passed
ContactManagement-2024-09-12 main INFO TC_Sanity_ContactRouter_ContactManagement:1049 - Select Third ListBox dropdown is Passed
ContactManagement-2024-09-12 main INFO TC_Sanity_ContactRouter_ContactManagement:1062 - Select ID is Passed
ContactManagement-2024-09-12 main INFO TC_Sanity_ContactRouter_ContactManagement:1071 - Click On Save Button is Passed !!
ContactManagement-2024-09-12 main INFO TC_Sanity_ContactRouter_ContactManagement:1080 - true
ContactManagement-2024-09-12 main INFO TC_Sanity_ContactRouter_ContactManagement:1081 - UpdateDataValue BorderColor is Verified and Passed !!
ContactManagement-2024-09-12 main INFO TC_Sanity_ContactRouter_ContactManagement:1091 - Double Click On UpdateDataValue Block is Passed !!
ContactManagement-2024-09-12 main INFO TC_Sanity_ContactRouter_ContactManagement:893 - Select Second ListBox is Passed !!
ContactManagement-2024-09-12 main INFO TC_Sanity_ContactRouter_ContactManagement:905 - Select Use Formula to Update is Passed
ContactManagement-2024-09-12 main INFO TC_Sanity_ContactRouter_ContactManagement:1106 - Click On Insert Button Third ListBox is Passed
ContactManagement-2024-09-12 main INFO TC_Sanity_ContactRouter_ContactManagement:1115 - Click On Select Object DropDown is Passed
ContactManagement-2024-09-12 main INFO TC_Sanity_ContactRouter_ContactManagement:1126 - Select Account In Object DropDown is Passed
ContactManagement-2024-09-12 main INFO TC_Sanity_ContactRouter_ContactManagement:1158 - Click On SelectField DropDown is Passed
ContactManagement-2024-09-12 main INFO TC_Sanity_ContactRouter_ContactManagement:1167 - Click User Name In SelectField is Passed
ContactManagement-2024-09-12 main INFO TC_Sanity_ContactRouter_ContactManagement:1176 - Click On Incert Button for Incert Value Popup is Passed !!
ContactManagement-2024-09-12 main INFO TC_Sanity_ContactRouter_ContactManagement:1185 - Click On Save Button is Passed !!
ContactManagement-2024-09-12 main INFO TC_Sanity_ContactRouter_ContactManagement:1194 - true
ContactManagement-2024-09-12 main INFO TC_Sanity_ContactRouter_ContactManagement:1195 - UpdateDataValue BorderColor is Verified and Passed !!
ContactManagement-2024-09-12 main INFO TC_Sanity_ContactRouter_ContactManagement:1205 - Double Click On UpdateDataValue Block is Passed !!
ContactManagement-2024-09-12 main INFO TC_Sanity_ContactRouter_ContactManagement:1106 - Click On Insert Button Third ListBox is Passed
ContactManagement-2024-09-12 main INFO TC_Sanity_ContactRouter_ContactManagement:1115 - Click On Select Object DropDown is Passed
ContactManagement-2024-09-12 main INFO TC_Sanity_ContactRouter_ContactManagement:1137 - Select Contact In Object DropDown is Passed
ContactManagement-2024-09-12 main INFO TC_Sanity_ContactRouter_ContactManagement:1158 - Click On SelectField DropDown is Passed
ContactManagement-2024-09-12 main INFO TC_Sanity_ContactRouter_ContactManagement:1167 - Click User Name In SelectField is Passed
ContactManagement-2024-09-12 main INFO TC_Sanity_ContactRouter_ContactManagement:1176 - Click On Incert Button for Incert Value Popup is Passed !!
ContactManagement-2024-09-12 main INFO TC_Sanity_ContactRouter_ContactManagement:1185 - Click On Save Button is Passed !!
ContactManagement-2024-09-12 main INFO TC_Sanity_ContactRouter_ContactManagement:1194 - true
ContactManagement-2024-09-12 main INFO TC_Sanity_ContactRouter_ContactManagement:1195 - UpdateDataValue BorderColor is Verified and Passed !!
ContactManagement-2024-09-12 main INFO TC_Sanity_ContactRouter_ContactManagement:1205 - Double Click On UpdateDataValue Block is Passed !!
ContactManagement-2024-09-12 main INFO TC_Sanity_ContactRouter_ContactManagement:1106 - Click On Insert Button Third ListBox is Passed
ContactManagement-2024-09-12 main INFO TC_Sanity_ContactRouter_ContactManagement:1115 - Click On Select Object DropDown is Passed
ContactManagement-2024-09-12 main INFO TC_Sanity_ContactRouter_ContactManagement:1148 - Select Contact Owner In Object DropDown is Passed
ContactManagement-2024-09-12 main INFO TC_Sanity_ContactRouter_ContactManagement:1158 - Click On SelectField DropDown is Passed
ContactManagement-2024-09-12 main INFO TC_Sanity_ContactRouter_ContactManagement:1167 - Click User Name In SelectField is Passed
ContactManagement-2024-09-12 main INFO TC_Sanity_ContactRouter_ContactManagement:1176 - Click On Incert Button for Incert Value Popup is Passed !!
ContactManagement-2024-09-12 main INFO TC_Sanity_ContactRouter_ContactManagement:1185 - Click On Save Button is Passed !!
ContactManagement-2024-09-12 main INFO TC_Sanity_ContactRouter_ContactManagement:1194 - true
ContactManagement-2024-09-12 main INFO TC_Sanity_ContactRouter_ContactManagement:1195 - UpdateDataValue BorderColor is Verified and Passed !!
ContactManagement-2024-09-12 main INFO TC_Sanity_ContactRouter_ContactManagement:1205 - Double Click On UpdateDataValue Block is Passed !!
ContactManagement-2024-09-12 main INFO TC_Sanity_ContactRouter_ContactManagement:847 - First ListBox Dropdown is Passed !!
ContactManagement-2024-09-12 main INFO TC_Sanity_ContactRouter_ContactManagement:1220 - Select Deleted option is Passed !!
ContactManagement-2024-09-12 main INFO TC_Sanity_ContactRouter_ContactManagement:1229 - Select Second ListBox is Passed !!
ContactManagement-2024-09-12 main INFO TC_Sanity_ContactRouter_ContactManagement:1238 - Select True For Deleted Option is Passed !!
ContactManagement-2024-09-12 main INFO TC_Sanity_ContactRouter_ContactManagement:1247 - Select Second ListBox is Passed !!
ContactManagement-2024-09-12 main INFO TC_Sanity_ContactRouter_ContactManagement:1256 - Select False For Deleted Option is Passed !!
ContactManagement-2024-09-12 main INFO TC_Sanity_ContactRouter_ContactManagement:1265 - Click On Save Button is Passed !!
ContactManagement-2024-09-12 main INFO TC_Sanity_ContactRouter_ContactManagement:1274 - true
ContactManagement-2024-09-12 main INFO TC_Sanity_ContactRouter_ContactManagement:1275 - UpdateDataValue BorderColor is Verified and  Passed !!
ContactManagement-2024-09-12 main INFO TC_Sanity_ContactRouter_ContactManagement:1285 - Double Click On UpdateDataValue Block is Passed !!
ContactManagement-2024-09-12 main INFO TC_Sanity_ContactRouter_ContactManagement:1296 - Click on CollapseAll is Passed
ContactManagement-2024-09-12 main INFO TC_Sanity_ContactRouter_ContactManagement:1305 - Click on ExpandAll is Passed
ContactManagement-2024-09-12 main INFO TC_Sanity_ContactRouter_ContactManagement:1314 - Click On Save Button is Passed !!
ContactManagement-2024-09-12 main INFO TC_Sanity_ContactRouter_ContactManagement:1323 - true
ContactManagement-2024-09-12 main INFO TC_Sanity_ContactRouter_ContactManagement:1324 - UpdateDataValue BorderColor is Verified and Passed !!
ContactManagement-2024-09-12 main INFO TC_Sanity_ContactRouter_ContactManagement:1332 - ********************************************* Assignment block Operation ****************************************************
ContactManagement-2024-09-12 main INFO TC_Sanity_ContactRouter_ContactManagement:1336 - Double Click On Assignment Block is Passed !!
ContactManagement-2024-09-12 main INFO TC_Sanity_ContactRouter_ContactManagement:1345 - Enter Description of Assignment block is Passed !!
ContactManagement-2024-09-12 main INFO TC_Sanity_ContactRouter_ContactManagement:1354 - Click Route To Latest Owner In The Custom Group CheckBox is Passed !!
ContactManagement-2024-09-12 main INFO TC_Sanity_ContactRouter_ContactManagement:1363 - Displayed Route To Latest Owner In The Custom Group CheckBox Is Checked!!
ContactManagement-2024-09-12 main INFO TC_Sanity_ContactRouter_ContactManagement:1373 - Click TriggerProcessOrFlowBuilder CheckBox is Passed !!
ContactManagement-2024-09-12 main INFO TC_Sanity_ContactRouter_ContactManagement:1382 - Displayed Trigger Process Or Flow Builder CheckBox Is Checked!!
ContactManagement-2024-09-12 main INFO TC_Sanity_ContactRouter_ContactManagement:1392 - Enter TextTriggerProcessOrFlowBuilder is Passed !!
ContactManagement-2024-09-12 main INFO TC_Sanity_ContactRouter_ContactManagement:1401 - Click SendNotificationEmail CheckBox is Passed !!
ContactManagement-2024-09-12 main INFO TC_Sanity_ContactRouter_ContactManagement:1410 - Displayed Send Notification Email CheckBox Is Checked!!
ContactManagement-2024-09-12 main INFO TC_Sanity_ContactRouter_ContactManagement:1420 - Click SendNotificationEmail DropDown is Passed !!
ContactManagement-2024-09-12 main INFO TC_Sanity_ContactRouter_ContactManagement:1429 - Object Name Before Click NewTab Link: FContact
ContactManagement-2024-09-12 main INFO TC_Sanity_ContactRouter_ContactManagement:1433 - Click On Open In New Tab Link is Passed !!
ContactManagement-2024-09-12 main INFO TC_Sanity_ContactRouter_ContactManagement:1450 - Click On Detail Page is Passed !!
ContactManagement-2024-09-12 main INFO TC_Sanity_ContactRouter_ContactManagement:1458 - Object Name After Click NewTab Link: Contact: FContact
ContactManagement-2024-09-12 main INFO TC_Sanity_ContactRouter_ContactManagement:1476 - Swicth back to parent window is Passed !!
ContactManagement-2024-09-12 main INFO TC_Sanity_ContactRouter_ContactManagement:1486 - Click Slack Notification CheckBox is Passed !!
ContactManagement-2024-09-12 main INFO TC_Sanity_ContactRouter_ContactManagement:1495 - Displayed Slack Notification CheckBox Is Checked!!
ContactManagement-2024-09-12 main INFO TC_Sanity_ContactRouter_ContactManagement:1505 - Click Slack Notification Dropdown is Passed !!
ContactManagement-2024-09-12 main INFO TC_Sanity_ContactRouter_ContactManagement:1514 - Object Name Before Click NewTab Link: Contact check prod issue
ContactManagement-2024-09-12 main INFO TC_Sanity_ContactRouter_ContactManagement:1518 - Click On Open In New Tab Link is Passed !!
ContactManagement-2024-09-12 main INFO TC_Sanity_ContactRouter_ContactManagement:1535 - Click On Detail Page is Passed !!
ContactManagement-2024-09-12 main INFO TC_Sanity_ContactRouter_ContactManagement:1543 - Object Name After Click NewTab Link: Contact: Contact check prod issue
ContactManagement-2024-09-12 main INFO TC_Sanity_ContactRouter_ContactManagement:1561 - Swicth back to parent window is Passed !!
ContactManagement-2024-09-12 main INFO TC_Sanity_ContactRouter_ContactManagement:1572 - Click CreateTaskForTheNewOwner CheckBox is Passed !!
ContactManagement-2024-09-12 main INFO TC_Sanity_ContactRouter_ContactManagement:1581 - Displayed Create Task For The New Owner CheckBox Is Checked!!
ContactManagement-2024-09-12 main INFO TC_Sanity_ContactRouter_ContactManagement:1591 - Click CreateTaskForTheNewOwner DropDown is Passed !!
ContactManagement-2024-09-12 main INFO TC_Sanity_ContactRouter_ContactManagement:1601 - Object Name Before Click NewTab Link: AutoTestObject_Rename
ContactManagement-2024-09-12 main INFO TC_Sanity_ContactRouter_ContactManagement:1605 - Click On Open In New Tab Link is Passed !!
ContactManagement-2024-09-12 main INFO TC_Sanity_ContactRouter_ContactManagement:1621 - Object Name After Click NewTab Link: AutoTestObject_Rename
ContactManagement-2024-09-12 main INFO TC_Sanity_ContactRouter_ContactManagement:1625 - Open in New tab link is properly redirected is Passed !!
ContactManagement-2024-09-12 main INFO TC_Sanity_ContactRouter_ContactManagement:1639 - Swicth back to parent window is Passed !!
ContactManagement-2024-09-12 main INFO TC_Sanity_ContactRouter_ContactManagement:1649 - Click On DropDown AssignmentBlock is Passed !!
ContactManagement-2024-09-12 main INFO TC_Sanity_ContactRouter_ContactManagement:1686 - Select Assign Based on a Lookup Field in the Parent Account is Passed
ContactManagement-2024-09-12 main INFO TC_Sanity_ContactRouter_ContactManagement:1697 - Click Assign Based First DropDown is Passed !!
ContactManagement-2024-09-12 main INFO TC_Sanity_ContactRouter_ContactManagement:1706 - Select SendNotificationEmail Option is Passed !!
ContactManagement-2024-09-12 main INFO TC_Sanity_ContactRouter_ContactManagement:1715 - Click Assign Based Second DropDown is Passed !!
ContactManagement-2024-09-12 main INFO TC_Sanity_ContactRouter_ContactManagement:1724 - Select SendNotificationEmail Option is Passed !!
ContactManagement-2024-09-12 main INFO TC_Sanity_ContactRouter_ContactManagement:1733 - Click Prefer Historical Sales Person CheckBox is Passed !!
ContactManagement-2024-09-12 main INFO TC_Sanity_ContactRouter_ContactManagement:1742 - Click AssignOnlyToUsersIfAvailableOnIntegratedCalendar CheckBox is Passed !!
ContactManagement-2024-09-12 main INFO TC_Sanity_ContactRouter_ContactManagement:1758 - Click Add Data Update Button is Passed !!
ContactManagement-2024-09-12 main INFO TC_Sanity_ContactRouter_ContactManagement:1769 - Email DropDown For AddDataUpdateButton is Passed !!
ContactManagement-2024-09-12 main INFO TC_Sanity_ContactRouter_ContactManagement:1778 - Click On Email Option For AddDataUpdate is Passed !!
ContactManagement-2024-09-12 main INFO TC_Sanity_ContactRouter_ContactManagement:1790 - Click On Select Box For AddDataUpdateButton is Passed !!
ContactManagement-2024-09-12 main INFO TC_Sanity_ContactRouter_ContactManagement:1800 - Select SetToText For AddDataUpdateButton is Passed !!
ContactManagement-2024-09-12 main INFO TC_Sanity_ContactRouter_ContactManagement:1809 - Enter Text For SetToText Option ForAddDataUpdateButton is Passed !!
ContactManagement-2024-09-12 main INFO TC_Sanity_ContactRouter_ContactManagement:1818 - Click On Save Button For AssignmentBlock is Passed
ContactManagement-2024-09-12 main INFO TC_Sanity_ContactRouter_ContactManagement:1827 - true
ContactManagement-2024-09-12 main INFO TC_Sanity_ContactRouter_ContactManagement:1828 - AssignmentBlock Border Colour is Verified and Passed!!
ContactManagement-2024-09-12 main INFO TC_Sanity_ContactRouter_ContactManagement:1838 - Double Click On Assignment Block is Passed !!
ContactManagement-2024-09-12 main INFO TC_Sanity_ContactRouter_ContactManagement:1790 - Click On Select Box For AddDataUpdateButton is Passed !!
ContactManagement-2024-09-12 main INFO TC_Sanity_ContactRouter_ContactManagement:1849 - Select SetToAccountOwner For AddDataUpdateButton is Passed !!
ContactManagement-2024-09-12 main INFO TC_Sanity_ContactRouter_ContactManagement:1858 - Click On Save Button For AssignmentBlock is Passed
ContactManagement-2024-09-12 main INFO TC_Sanity_ContactRouter_ContactManagement:1867 - true
ContactManagement-2024-09-12 main INFO TC_Sanity_ContactRouter_ContactManagement:1868 - AssignmentBlock Border Colour is Verified and Passed!!
ContactManagement-2024-09-12 main INFO TC_Sanity_ContactRouter_ContactManagement:1878 - Double Click On Assignment Block is Passed !!
ContactManagement-2024-09-12 main INFO TC_Sanity_ContactRouter_ContactManagement:1790 - Click On Select Box For AddDataUpdateButton is Passed !!
ContactManagement-2024-09-12 main INFO TC_Sanity_ContactRouter_ContactManagement:1889 - Select SetToOpportunityOwner For AddDataUpdateButton is Passed !!
ContactManagement-2024-09-12 main INFO TC_Sanity_ContactRouter_ContactManagement:1898 - Click On Save Button For AssignmentBlock is Passed
ContactManagement-2024-09-12 main INFO TC_Sanity_ContactRouter_ContactManagement:1907 - true
ContactManagement-2024-09-12 main INFO TC_Sanity_ContactRouter_ContactManagement:1908 - AssignmentBlock Border Colour is Verified and Passed!!
ContactManagement-2024-09-12 main INFO TC_Sanity_ContactRouter_ContactManagement:1918 - Double Click On Assignment Block is Passed !!
ContactManagement-2024-09-12 main INFO TC_Sanity_ContactRouter_ContactManagement:1790 - Click On Select Box For AddDataUpdateButton is Passed !!
ContactManagement-2024-09-12 main INFO TC_Sanity_ContactRouter_ContactManagement:1929 - Select Set ToOwner Mapped SDR's ID For AddDataUpdateButton is Passed !!
ContactManagement-2024-09-12 main INFO TC_Sanity_ContactRouter_ContactManagement:1938 - Click On Select Box2 For AddDataUpdateButton is Passed !!
ContactManagement-2024-09-12 main INFO TC_Sanity_ContactRouter_ContactManagement:1947 - Select Option For AddDataUpdate is Passed !!
ContactManagement-2024-09-12 main INFO TC_Sanity_ContactRouter_ContactManagement:1956 - Click On Save Button For AssignmentBlock is Passed
ContactManagement-2024-09-12 main INFO TC_Sanity_ContactRouter_ContactManagement:1965 - true
ContactManagement-2024-09-12 main INFO TC_Sanity_ContactRouter_ContactManagement:1966 - AssignmentBlock Border Colour is Verified and Passed!!
ContactManagement-2024-09-12 main INFO TC_Sanity_ContactRouter_ContactManagement:1976 - Double Click On Assignment Block is Passed !!
ContactManagement-2024-09-12 main INFO TC_Sanity_ContactRouter_ContactManagement:1758 - Click Add Data Update Button is Passed !!
ContactManagement-2024-09-12 main INFO TC_Sanity_ContactRouter_ContactManagement:1991 - Deleted DropDown For AddDataUpdateButton is Passed !!
ContactManagement-2024-09-12 main INFO TC_Sanity_ContactRouter_ContactManagement:2000 - Click On Deleted Option For AddDataUpdate is Passed !!
ContactManagement-2024-09-12 main INFO TC_Sanity_ContactRouter_ContactManagement:2009 - Click On Select Box for Deleted In AddDataUpdateButton is Passed !!
ContactManagement-2024-09-12 main INFO TC_Sanity_ContactRouter_ContactManagement:2018 - Select True For Deleted Option UpdateDataValue is Passed !!
ContactManagement-2024-09-12 main INFO TC_Sanity_ContactRouter_ContactManagement:2027 - Click On Select Box for Deleted In AddDataUpdateButton is Passed !!
ContactManagement-2024-09-12 main INFO TC_Sanity_ContactRouter_ContactManagement:2036 - Select False For Deleted Option UpdateDataValue is Passed !!
ContactManagement-2024-09-12 main INFO TC_Sanity_ContactRouter_ContactManagement:2045 - Click On Save Button For AssignmentBlock is Passed
ContactManagement-2024-09-12 main INFO TC_Sanity_ContactRouter_ContactManagement:2054 - true
ContactManagement-2024-09-12 main INFO TC_Sanity_ContactRouter_ContactManagement:2055 - AssignmentBlock Border Colour is Verified and Passed!!
ContactManagement-2024-09-12 main INFO TC_Sanity_ContactRouter_ContactManagement:2065 - Double Click On Assignment Block is Passed !!
ContactManagement-2024-09-12 main INFO TC_Sanity_ContactRouter_ContactManagement:1758 - Click Add Data Update Button is Passed !!
ContactManagement-2024-09-12 main INFO TC_Sanity_ContactRouter_ContactManagement:2077 - OtherLatitude DropDown For AddDataUpdateButton is Passed !!
ContactManagement-2024-09-12 main INFO TC_Sanity_ContactRouter_ContactManagement:2086 - Click On Other Latitude Option For AddDataUpdate is Passed !!
ContactManagement-2024-09-12 main INFO TC_Sanity_ContactRouter_ContactManagement:2095 - Enter Number For OtherLatitude UpdateDataValue is Passed !!
ContactManagement-2024-09-12 main INFO TC_Sanity_ContactRouter_ContactManagement:2104 - Click On Save Button For AssignmentBlock is Passed
ContactManagement-2024-09-12 main INFO TC_Sanity_ContactRouter_ContactManagement:2113 - true
ContactManagement-2024-09-12 main INFO TC_Sanity_ContactRouter_ContactManagement:2114 - AssignmentBlock Border Colour is Verified and Passed!!
ContactManagement-2024-09-12 main INFO TC_Sanity_ContactRouter_ContactManagement:2124 - Double Click On Assignment Block is Passed !!
ContactManagement-2024-09-12 main INFO TC_Sanity_ContactRouter_ContactManagement:2451 - Click On Save Button For AssignmentBlock is Passed
ContactManagement-2024-09-12 main INFO TC_Sanity_ContactRouter_ContactManagement:2460 - true
ContactManagement-2024-09-12 main INFO TC_Sanity_ContactRouter_ContactManagement:2461 - AssignmentBlock Border Colour is Verified and Passed!!
ContactManagement-2024-09-12 main INFO TC_Sanity_ContactRouter_ContactManagement:1664 - Double Click On Assignment Block is Passed !!
ContactManagement-2024-09-12 main INFO TC_Sanity_ContactRouter_ContactManagement:1673 - Click On DropDown AssignmentBlock is Passed !!
ContactManagement-2024-09-12 main INFO TC_Sanity_ContactRouter_ContactManagement:1686 - Select Assign to Account Owner is Passed
ContactManagement-2024-09-12 main INFO TC_Sanity_ContactRouter_ContactManagement:2144 - Click Prefer Historical Sales Person ToA ccount Affinity While Assigning CheckBox is Passed !!
ContactManagement-2024-09-12 main INFO TC_Sanity_ContactRouter_ContactManagement:2153 - Click Assign To AE mapped SDR instead CheckBox is Passed !!
ContactManagement-2024-09-12 main INFO TC_Sanity_ContactRouter_ContactManagement:2162 - Click AEtoSDR DropDown is Passed !!
ContactManagement-2024-09-12 main INFO TC_Sanity_ContactRouter_ContactManagement:2171 - Select Assign To AE mapped SDR instead Option is Passed !!
ContactManagement-2024-09-12 main INFO TC_Sanity_ContactRouter_ContactManagement:2180 - Click AssignOnlyToUsersIfAvailableOnIntegratedCalendar CheckBox is Passed !!
ContactManagement-2024-09-12 main INFO TC_Sanity_ContactRouter_ContactManagement:2451 - Click On Save Button For AssignmentBlock is Passed
ContactManagement-2024-09-12 main INFO TC_Sanity_ContactRouter_ContactManagement:2460 - true
ContactManagement-2024-09-12 main INFO TC_Sanity_ContactRouter_ContactManagement:2461 - AssignmentBlock Border Colour is Verified and Passed!!
ContactManagement-2024-09-12 main INFO TC_Sanity_ContactRouter_ContactManagement:1664 - Double Click On Assignment Block is Passed !!
ContactManagement-2024-09-12 main INFO TC_Sanity_ContactRouter_ContactManagement:1673 - Click On DropDown AssignmentBlock is Passed !!
ContactManagement-2024-09-12 main INFO TC_Sanity_ContactRouter_ContactManagement:1686 - Select Assign to Opportunity Owner is Passed
ContactManagement-2024-09-12 main INFO TC_Sanity_ContactRouter_ContactManagement:2144 - Click Prefer Historical Sales Person ToA ccount Affinity While Assigning CheckBox is Passed !!
ContactManagement-2024-09-12 main INFO TC_Sanity_ContactRouter_ContactManagement:2153 - Click Assign To AE mapped SDR instead CheckBox is Passed !!
ContactManagement-2024-09-12 main INFO TC_Sanity_ContactRouter_ContactManagement:2162 - Click AEtoSDR DropDown is Passed !!
ContactManagement-2024-09-12 main INFO TC_Sanity_ContactRouter_ContactManagement:2171 - Select Assign To AE mapped SDR instead Option is Passed !!
ContactManagement-2024-09-12 main INFO TC_Sanity_ContactRouter_ContactManagement:2180 - Click AssignOnlyToUsersIfAvailableOnIntegratedCalendar CheckBox is Passed !!
ContactManagement-2024-09-12 main INFO TC_Sanity_ContactRouter_ContactManagement:2451 - Click On Save Button For AssignmentBlock is Passed
ContactManagement-2024-09-12 main INFO TC_Sanity_ContactRouter_ContactManagement:2460 - true
ContactManagement-2024-09-12 main INFO TC_Sanity_ContactRouter_ContactManagement:2461 - AssignmentBlock Border Colour is Verified and Passed!!
ContactManagement-2024-09-12 main INFO TC_Sanity_ContactRouter_ContactManagement:1664 - Double Click On Assignment Block is Passed !!
ContactManagement-2024-09-12 main INFO TC_Sanity_ContactRouter_ContactManagement:1673 - Click On DropDown AssignmentBlock is Passed !!
ContactManagement-2024-09-12 main INFO TC_Sanity_ContactRouter_ContactManagement:1686 - Select Assign to Parent Accounts Owner is Passed
ContactManagement-2024-09-12 main INFO TC_Sanity_ContactRouter_ContactManagement:2195 - Click on main second Select DropDown is Passed
ContactManagement-2024-09-12 main INFO TC_Sanity_ContactRouter_ContactManagement:2257 - Select Option from the dropdown is Passed !!
ContactManagement-2024-09-12 main INFO TC_Sanity_ContactRouter_ContactManagement:2267 - Click Prefer Historical Sales Person ToA ccount Affinity While Assigning CheckBox is Passed !!
ContactManagement-2024-09-12 main INFO TC_Sanity_ContactRouter_ContactManagement:2277 - Click AssignOnlyToUsersIfAvailableOnIntegratedCalendar CheckBox is Passed !!
ContactManagement-2024-09-12 main INFO TC_Sanity_ContactRouter_ContactManagement:2451 - Click On Save Button For AssignmentBlock is Passed
ContactManagement-2024-09-12 main INFO TC_Sanity_ContactRouter_ContactManagement:2460 - true
ContactManagement-2024-09-12 main INFO TC_Sanity_ContactRouter_ContactManagement:2461 - AssignmentBlock Border Colour is Verified and Passed!!
ContactManagement-2024-09-12 main INFO TC_Sanity_ContactRouter_ContactManagement:1664 - Double Click On Assignment Block is Passed !!
ContactManagement-2024-09-12 main INFO TC_Sanity_ContactRouter_ContactManagement:1673 - Click On DropDown AssignmentBlock is Passed !!
ContactManagement-2024-09-12 main INFO TC_Sanity_ContactRouter_ContactManagement:1686 - Select Assign to Sales Rep is Passed
ContactManagement-2024-09-12 main INFO TC_Sanity_ContactRouter_ContactManagement:2315 - Click on main second Select DropDown is Passed
ContactManagement-2024-09-12 main INFO TC_Sanity_ContactRouter_ContactManagement:2324 - Slect Option is Passed !!
ContactManagement-2024-09-12 main INFO TC_Sanity_ContactRouter_ContactManagement:2333 - Click Prefer Historical Sales Person To Account Affinity While Assigning CheckBox is Passed !!
ContactManagement-2024-09-12 main INFO TC_Sanity_ContactRouter_ContactManagement:2342 - Click Assign To AE mapped SDR instead CheckBox is Passed !!
ContactManagement-2024-09-12 main INFO TC_Sanity_ContactRouter_ContactManagement:2351 - Click AEtoSDR DropDown is Passed !!
ContactManagement-2024-09-12 main INFO TC_Sanity_ContactRouter_ContactManagement:2360 - Select Assign To AE mapped SDR instead Option is Passed !!
ContactManagement-2024-09-12 main INFO TC_Sanity_ContactRouter_ContactManagement:2369 - Click AssignOnlyToUsersIfAvailableOnIntegratedCalendar CheckBox is Passed !!
ContactManagement-2024-09-12 main INFO TC_Sanity_ContactRouter_ContactManagement:2451 - Click On Save Button For AssignmentBlock is Passed
ContactManagement-2024-09-12 main INFO TC_Sanity_ContactRouter_ContactManagement:2460 - true
ContactManagement-2024-09-12 main INFO TC_Sanity_ContactRouter_ContactManagement:2461 - AssignmentBlock Border Colour is Verified and Passed!!
ContactManagement-2024-09-12 main INFO TC_Sanity_ContactRouter_ContactManagement:1664 - Double Click On Assignment Block is Passed !!
ContactManagement-2024-09-12 main INFO TC_Sanity_ContactRouter_ContactManagement:1673 - Click On DropDown AssignmentBlock is Passed !!
ContactManagement-2024-09-12 main INFO TC_Sanity_ContactRouter_ContactManagement:1686 - Select Assign to Sales Rep Email Lookup on Contact is Passed
ContactManagement-2024-09-12 main INFO TC_Sanity_ContactRouter_ContactManagement:2315 - Click on main second Select DropDown is Passed
ContactManagement-2024-09-12 main INFO TC_Sanity_ContactRouter_ContactManagement:2324 - Slect Option is Passed !!
ContactManagement-2024-09-12 main INFO TC_Sanity_ContactRouter_ContactManagement:2333 - Click Prefer Historical Sales Person To Account Affinity While Assigning CheckBox is Passed !!
ContactManagement-2024-09-12 main INFO TC_Sanity_ContactRouter_ContactManagement:2342 - Click Assign To AE mapped SDR instead CheckBox is Passed !!
ContactManagement-2024-09-12 main INFO TC_Sanity_ContactRouter_ContactManagement:2351 - Click AEtoSDR DropDown is Passed !!
ContactManagement-2024-09-12 main INFO TC_Sanity_ContactRouter_ContactManagement:2360 - Select Assign To AE mapped SDR instead Option is Passed !!
ContactManagement-2024-09-12 main INFO TC_Sanity_ContactRouter_ContactManagement:2369 - Click AssignOnlyToUsersIfAvailableOnIntegratedCalendar CheckBox is Passed !!
ContactManagement-2024-09-12 main INFO TC_Sanity_ContactRouter_ContactManagement:2451 - Click On Save Button For AssignmentBlock is Passed
ContactManagement-2024-09-12 main INFO TC_Sanity_ContactRouter_ContactManagement:2460 - true
ContactManagement-2024-09-12 main INFO TC_Sanity_ContactRouter_ContactManagement:2461 - AssignmentBlock Border Colour is Verified and Passed!!
ContactManagement-2024-09-12 main INFO TC_Sanity_ContactRouter_ContactManagement:1664 - Double Click On Assignment Block is Passed !!
ContactManagement-2024-09-12 main INFO TC_Sanity_ContactRouter_ContactManagement:1673 - Click On DropDown AssignmentBlock is Passed !!
ContactManagement-2024-09-12 main INFO TC_Sanity_ContactRouter_ContactManagement:1686 - Select Assign to Sales Rep ID Lookup on Contact is Passed
ContactManagement-2024-09-12 main INFO TC_Sanity_ContactRouter_ContactManagement:2315 - Click on main second Select DropDown is Passed
ContactManagement-2024-09-12 main INFO TC_Sanity_ContactRouter_ContactManagement:2324 - Slect Option is Passed !!
ContactManagement-2024-09-12 main INFO TC_Sanity_ContactRouter_ContactManagement:2333 - Click Prefer Historical Sales Person To Account Affinity While Assigning CheckBox is Passed !!
ContactManagement-2024-09-12 main INFO TC_Sanity_ContactRouter_ContactManagement:2342 - Click Assign To AE mapped SDR instead CheckBox is Passed !!
ContactManagement-2024-09-12 main INFO TC_Sanity_ContactRouter_ContactManagement:2351 - Click AEtoSDR DropDown is Passed !!
ContactManagement-2024-09-12 main INFO TC_Sanity_ContactRouter_ContactManagement:2360 - Select Assign To AE mapped SDR instead Option is Passed !!
ContactManagement-2024-09-12 main INFO TC_Sanity_ContactRouter_ContactManagement:2369 - Click AssignOnlyToUsersIfAvailableOnIntegratedCalendar CheckBox is Passed !!
ContactManagement-2024-09-12 main INFO TC_Sanity_ContactRouter_ContactManagement:2451 - Click On Save Button For AssignmentBlock is Passed
ContactManagement-2024-09-12 main INFO TC_Sanity_ContactRouter_ContactManagement:2460 - true
ContactManagement-2024-09-12 main INFO TC_Sanity_ContactRouter_ContactManagement:2461 - AssignmentBlock Border Colour is Verified and Passed!!
ContactManagement-2024-09-12 main INFO TC_Sanity_ContactRouter_ContactManagement:1664 - Double Click On Assignment Block is Passed !!
ContactManagement-2024-09-12 main INFO TC_Sanity_ContactRouter_ContactManagement:1673 - Click On DropDown AssignmentBlock is Passed !!
ContactManagement-2024-09-12 main INFO TC_Sanity_ContactRouter_ContactManagement:1686 - Select Assign to Sales Rep ID Lookup on Matching Account is Passed
ContactManagement-2024-09-12 main INFO TC_Sanity_ContactRouter_ContactManagement:2315 - Click on main second Select DropDown is Passed
ContactManagement-2024-09-12 main INFO TC_Sanity_ContactRouter_ContactManagement:2324 - Slect Option is Passed !!
ContactManagement-2024-09-12 main INFO TC_Sanity_ContactRouter_ContactManagement:2333 - Click Prefer Historical Sales Person To Account Affinity While Assigning CheckBox is Passed !!
ContactManagement-2024-09-12 main INFO TC_Sanity_ContactRouter_ContactManagement:2342 - Click Assign To AE mapped SDR instead CheckBox is Passed !!
ContactManagement-2024-09-12 main INFO TC_Sanity_ContactRouter_ContactManagement:2351 - Click AEtoSDR DropDown is Passed !!
ContactManagement-2024-09-12 main INFO TC_Sanity_ContactRouter_ContactManagement:2360 - Select Assign To AE mapped SDR instead Option is Passed !!
ContactManagement-2024-09-12 main INFO TC_Sanity_ContactRouter_ContactManagement:2369 - Click AssignOnlyToUsersIfAvailableOnIntegratedCalendar CheckBox is Passed !!
ContactManagement-2024-09-12 main INFO TC_Sanity_ContactRouter_ContactManagement:2451 - Click On Save Button For AssignmentBlock is Passed
ContactManagement-2024-09-12 main INFO TC_Sanity_ContactRouter_ContactManagement:2460 - true
ContactManagement-2024-09-12 main INFO TC_Sanity_ContactRouter_ContactManagement:2461 - AssignmentBlock Border Colour is Verified and Passed!!
ContactManagement-2024-09-12 main INFO TC_Sanity_ContactRouter_ContactManagement:1664 - Double Click On Assignment Block is Passed !!
ContactManagement-2024-09-12 main INFO TC_Sanity_ContactRouter_ContactManagement:1673 - Click On DropDown AssignmentBlock is Passed !!
ContactManagement-2024-09-12 main INFO TC_Sanity_ContactRouter_ContactManagement:1686 - Select Assign to Sales Team is Passed
ContactManagement-2024-09-12 main INFO TC_Sanity_ContactRouter_ContactManagement:2195 - Click on main second Select DropDown is Passed
ContactManagement-2024-09-12 main INFO TC_Sanity_ContactRouter_ContactManagement:2206 - Object Name Before Click NewTab Link: AutoTestObject_Rename
ContactManagement-2024-09-12 main INFO TC_Sanity_ContactRouter_ContactManagement:2210 - Click On Open In New Tab Link is Passed !!
ContactManagement-2024-09-12 main INFO TC_Sanity_ContactRouter_ContactManagement:2226 - Object Name After Click NewTab Link: AutoTestObject_Rename
ContactManagement-2024-09-12 main INFO TC_Sanity_ContactRouter_ContactManagement:2230 - Open in New tab link is properly redirected is Passed !!
ContactManagement-2024-09-12 main INFO TC_Sanity_ContactRouter_ContactManagement:2244 - Swicth back to parent window is Passed !!
ContactManagement-2024-09-12 main INFO TC_Sanity_ContactRouter_ContactManagement:2267 - Click Prefer Historical Sales Person ToA ccount Affinity While Assigning CheckBox is Passed !!
ContactManagement-2024-09-12 main INFO TC_Sanity_ContactRouter_ContactManagement:2288 - Click AssignToPeopleWithCurrentlyActiveWorkingHours CheckBox is Passed !!
ContactManagement-2024-09-12 main INFO TC_Sanity_ContactRouter_ContactManagement:2297 - Click IfNoOneIsAvailableHoldTheContact CheckBox is Passed !!
ContactManagement-2024-09-12 main INFO TC_Sanity_ContactRouter_ContactManagement:2451 - Click On Save Button For AssignmentBlock is Passed
ContactManagement-2024-09-12 main INFO TC_Sanity_ContactRouter_ContactManagement:2460 - true
ContactManagement-2024-09-12 main INFO TC_Sanity_ContactRouter_ContactManagement:2461 - AssignmentBlock Border Colour is Verified and Passed!!
ContactManagement-2024-09-12 main INFO TC_Sanity_ContactRouter_ContactManagement:1664 - Double Click On Assignment Block is Passed !!
ContactManagement-2024-09-12 main INFO TC_Sanity_ContactRouter_ContactManagement:1673 - Click On DropDown AssignmentBlock is Passed !!
ContactManagement-2024-09-12 main INFO TC_Sanity_ContactRouter_ContactManagement:1686 - Select Assign to Weighted Sales Team is Passed
ContactManagement-2024-09-12 main INFO TC_Sanity_ContactRouter_ContactManagement:2195 - Click on main second Select DropDown is Passed
ContactManagement-2024-09-12 main INFO TC_Sanity_ContactRouter_ContactManagement:2206 - Object Name Before Click NewTab Link: AutoTestObject_Rename
ContactManagement-2024-09-12 main INFO TC_Sanity_ContactRouter_ContactManagement:2210 - Click On Open In New Tab Link is Passed !!
ContactManagement-2024-09-12 main INFO TC_Sanity_ContactRouter_ContactManagement:2226 - Object Name After Click NewTab Link: AutoTestObject_Rename
ContactManagement-2024-09-12 main INFO TC_Sanity_ContactRouter_ContactManagement:2230 - Open in New tab link is properly redirected is Passed !!
ContactManagement-2024-09-12 main INFO TC_Sanity_ContactRouter_ContactManagement:2244 - Swicth back to parent window is Passed !!
ContactManagement-2024-09-12 main INFO TC_Sanity_ContactRouter_ContactManagement:2267 - Click Prefer Historical Sales Person ToA ccount Affinity While Assigning CheckBox is Passed !!
ContactManagement-2024-09-12 main INFO TC_Sanity_ContactRouter_ContactManagement:2451 - Click On Save Button For AssignmentBlock is Passed
ContactManagement-2024-09-12 main INFO TC_Sanity_ContactRouter_ContactManagement:2460 - true
ContactManagement-2024-09-12 main INFO TC_Sanity_ContactRouter_ContactManagement:2461 - AssignmentBlock Border Colour is Verified and Passed!!
ContactManagement-2024-09-12 main INFO TC_Sanity_ContactRouter_ContactManagement:1664 - Double Click On Assignment Block is Passed !!
ContactManagement-2024-09-12 main INFO TC_Sanity_ContactRouter_ContactManagement:1673 - Click On DropDown AssignmentBlock is Passed !!
ContactManagement-2024-09-12 main INFO TC_Sanity_ContactRouter_ContactManagement:1686 - Select Do Not Assign is Passed
ContactManagement-2024-09-12 main INFO TC_Sanity_ContactRouter_ContactManagement:2382 - Click Prefer Historical Sales Person ToA ccount Affinity While Assigning CheckBox is Passed !!
ContactManagement-2024-09-12 main INFO TC_Sanity_ContactRouter_ContactManagement:2394 - Click On Cross Mark Button is Passed !!
ContactManagement-2024-09-12 main INFO TC_Sanity_ContactRouter_ContactManagement:2403 - Click Add Data Update Button is Passed !!
ContactManagement-2024-09-12 main INFO TC_Sanity_ContactRouter_ContactManagement:2412 - CreatedDate DropDown For AddDataUpdateButton is Passed !!
ContactManagement-2024-09-12 main INFO TC_Sanity_ContactRouter_ContactManagement:2421 - Click On Created date Option For AddDataUpdate is Passed !!
ContactManagement-2024-09-12 main INFO TC_Sanity_ContactRouter_ContactManagement:2430 - Click On CreatedDate Calendar Button Box1 is PASSED!!
ContactManagement-2024-09-12 main INFO TC_Sanity_ContactRouter_ContactManagement:2439 - Click On Date is Passed
ContactManagement-2024-09-12 main INFO TC_Sanity_ContactRouter_ContactManagement:2451 - Click On Save Button For AssignmentBlock is Passed
ContactManagement-2024-09-12 main INFO TC_Sanity_ContactRouter_ContactManagement:2460 - true
ContactManagement-2024-09-12 main INFO TC_Sanity_ContactRouter_ContactManagement:2461 - AssignmentBlock Border Colour is Verified and Passed!!
ContactManagement-2024-09-12 main INFO TC_Sanity_ContactRouter_ContactManagement:1664 - Double Click On Assignment Block is Passed !!
ContactManagement-2024-09-12 main INFO TC_Sanity_ContactRouter_ContactManagement:1673 - Click On DropDown AssignmentBlock is Passed !!
ContactManagement-2024-09-12 main INFO TC_Sanity_ContactRouter_ContactManagement:1686 - Select Route Based on the Lookup on Master Record is Passed
ContactManagement-2024-09-12 main INFO TC_Sanity_ContactRouter_ContactManagement:2315 - Click on main second Select DropDown is Passed
ContactManagement-2024-09-12 main INFO TC_Sanity_ContactRouter_ContactManagement:2324 - Slect Option is Passed !!
ContactManagement-2024-09-12 main INFO TC_Sanity_ContactRouter_ContactManagement:2333 - Click Prefer Historical Sales Person To Account Affinity While Assigning CheckBox is Passed !!
ContactManagement-2024-09-12 main INFO TC_Sanity_ContactRouter_ContactManagement:2342 - Click Assign To AE mapped SDR instead CheckBox is Passed !!
ContactManagement-2024-09-12 main INFO TC_Sanity_ContactRouter_ContactManagement:2351 - Click AEtoSDR DropDown is Passed !!
ContactManagement-2024-09-12 main INFO TC_Sanity_ContactRouter_ContactManagement:2360 - Select Assign To AE mapped SDR instead Option is Passed !!
ContactManagement-2024-09-12 main INFO TC_Sanity_ContactRouter_ContactManagement:2369 - Click AssignOnlyToUsersIfAvailableOnIntegratedCalendar CheckBox is Passed !!
ContactManagement-2024-09-12 main INFO TC_Sanity_ContactRouter_ContactManagement:2451 - Click On Save Button For AssignmentBlock is Passed
ContactManagement-2024-09-12 main INFO TC_Sanity_ContactRouter_ContactManagement:2460 - true
ContactManagement-2024-09-12 main INFO TC_Sanity_ContactRouter_ContactManagement:2461 - AssignmentBlock Border Colour is Verified and Passed!!
ContactManagement-2024-09-12 main INFO TC_Sanity_ContactRouter_ContactManagement:1664 - Double Click On Assignment Block is Passed !!
ContactManagement-2024-09-12 main INFO TC_Sanity_ContactRouter_ContactManagement:1673 - Click On DropDown AssignmentBlock is Passed !!
ContactManagement-2024-09-12 main INFO TC_Sanity_ContactRouter_ContactManagement:1686 - Select Route to the Owner on Master Record is Passed
ContactManagement-2024-09-12 main INFO TC_Sanity_ContactRouter_ContactManagement:2144 - Click Prefer Historical Sales Person ToA ccount Affinity While Assigning CheckBox is Passed !!
ContactManagement-2024-09-12 main INFO TC_Sanity_ContactRouter_ContactManagement:2153 - Click Assign To AE mapped SDR instead CheckBox is Passed !!
ContactManagement-2024-09-12 main INFO TC_Sanity_ContactRouter_ContactManagement:2162 - Click AEtoSDR DropDown is Passed !!
ContactManagement-2024-09-12 main INFO TC_Sanity_ContactRouter_ContactManagement:2171 - Select Assign To AE mapped SDR instead Option is Passed !!
ContactManagement-2024-09-12 main INFO TC_Sanity_ContactRouter_ContactManagement:2180 - Click AssignOnlyToUsersIfAvailableOnIntegratedCalendar CheckBox is Passed !!
ContactManagement-2024-09-12 main INFO TC_Sanity_ContactRouter_ContactManagement:2451 - Click On Save Button For AssignmentBlock is Passed
ContactManagement-2024-09-12 main INFO TC_Sanity_ContactRouter_ContactManagement:2460 - true
ContactManagement-2024-09-12 main INFO TC_Sanity_ContactRouter_ContactManagement:2461 - AssignmentBlock Border Colour is Verified and Passed!!
ContactManagement-2024-09-12 main INFO TC_Sanity_ContactRouter_ContactManagement:2470 - *********************************************UpdateToCRM Operation********************************************
ContactManagement-2024-09-12 main INFO TC_Sanity_ContactRouter_ContactManagement:2474 - Double Click On UpdateToCRM Block is Passed !!
ContactManagement-2024-09-12 main INFO TC_Sanity_ContactRouter_ContactManagement:2483 - Click On Description Of UpdateToCRM Block is Passed !!
ContactManagement-2024-09-12 main INFO TC_Sanity_ContactRouter_ContactManagement:2492 - Click On SaveBtton Of UpdateToCRM Block is Passed !!
ContactManagement-2024-09-12 main INFO TC_Sanity_ContactRouter_ContactManagement:2501 - true
ContactManagement-2024-09-12 main INFO TC_Sanity_ContactRouter_ContactManagement:2502 - UpdateToCRM Block Border Colour is Verified and Passed!!
ContactManagement-2024-09-12 main INFO TC_Sanity_ContactRouter_ContactManagement:2510 - *********************************************RandomSplit Operation****************************************************
ContactManagement-2024-09-12 main INFO TC_Sanity_ContactRouter_ContactManagement:2514 - Double Click On RandomSplit Block is Passed !!
ContactManagement-2024-09-12 main INFO TC_Sanity_ContactRouter_ContactManagement:2523 - Click On Description Of Random Split Block is Passed !!
ContactManagement-2024-09-12 main INFO TC_Sanity_ContactRouter_ContactManagement:2532 - Write Value Inside PercentageAllocation For A is Passed !!
ContactManagement-2024-09-12 main INFO TC_Sanity_ContactRouter_ContactManagement:2541 - Write Value Inside PercentageAllocation For B is Passed !!
ContactManagement-2024-09-12 main INFO TC_Sanity_ContactRouter_ContactManagement:2550 - Write Value Inside PercentageAllocation For C is Passed !!
ContactManagement-2024-09-12 main INFO TC_Sanity_ContactRouter_ContactManagement:2559 - Click On Save Button For RandomSplit is Passed !!
ContactManagement-2024-09-12 main INFO TC_Sanity_ContactRouter_ContactManagement:2568 - true
ContactManagement-2024-09-12 main INFO TC_Sanity_ContactRouter_ContactManagement:2569 - Display Random Split Border Colour is Verified and Passed!!
ContactManagement-2024-09-12 main INFO TC_Sanity_ContactRouter_ContactManagement:2581 - Click On Maximize Button is Passed
ContactManagement-2024-09-12 main INFO TC_Sanity_ContactRouter_ContactManagement:2590 - Maximize the Panner is Passed!!
ContactManagement-2024-09-12 main INFO TC_Sanity_ContactRouter_ContactManagement:2599 - Move Blocks In Console is Passed
ContactManagement-2024-09-12 main INFO TC_Sanity_ContactRouter_ContactManagement:2608 - Click On Manimize Button is Passed
ContactManagement-2024-09-12 main INFO TC_Sanity_ContactRouter_ContactManagement:2616 - //========================================ENTERING DETAILS PAGE======================================
ContactManagement-2024-09-12 main INFO TC_Sanity_ContactRouter_ContactManagement:2619 - Enter Details Page!!!
ContactManagement-2024-09-12 main INFO TC_Sanity_ContactRouter_ContactManagement:2623 - Click On Contact Router Feeder DropDown is Passed!!
ContactManagement-2024-09-12 main INFO TC_Sanity_ContactRouter_ContactManagement:2632 - Select Contact Router Feeder Option is Passed!!
ContactManagement-2024-09-12 main INFO TC_Sanity_ContactRouter_ContactManagement:2641 - Check Box For Contact Router Feeder is Passed!!
ContactManagement-2024-09-12 main INFO TC_Sanity_ContactRouter_ContactManagement:2650 - Display Success For Contact Router Feeder is Passed!!
ContactManagement-2024-09-12 main INFO TC_Sanity_ContactRouter_ContactManagement:2659 - Default Contact Owner DropDown is Passed!!
ContactManagement-2024-09-12 main INFO TC_Sanity_ContactRouter_ContactManagement:2668 - Select Default Contact Owner Option is Passed!!
ContactManagement-2024-09-12 main INFO TC_Sanity_ContactRouter_ContactManagement:2677 - CheckBox For Default Contact Owner is Passed!!
ContactManagement-2024-09-12 main INFO TC_Sanity_ContactRouter_ContactManagement:2686 - Display Success For Default Contact Owner is Passed!!
ContactManagement-2024-09-12 main INFO TC_Sanity_ContactRouter_ContactManagement:2695 - Data value update when routed to Default Contact Owner AddButton is Passed!!
ContactManagement-2024-09-12 main INFO TC_Sanity_ContactRouter_ContactManagement:2706 - Data value update when routed to Default Contact Owner DropDown1 is Passed!!
ContactManagement-2024-09-12 main INFO TC_Sanity_ContactRouter_ContactManagement:2717 - Click On Account option Details page is Passed !!
ContactManagement-2024-09-12 main INFO TC_Sanity_ContactRouter_ContactManagement:2728 - Click On AccountID Second List Box DropDown Details page is Passed !!
ContactManagement-2024-09-12 main INFO TC_Sanity_ContactRouter_ContactManagement:2738 - Select SetToText For Data value update in Details page is Passed !!
ContactManagement-2024-09-12 main INFO TC_Sanity_ContactRouter_ContactManagement:2747 - Enter Text For SetToText Option For Data value update in Details page is Passed !!
ContactManagement-2024-09-12 main INFO TC_Sanity_ContactRouter_ContactManagement:2756 - Click on CheckBox For DataValueUpdateWhenRoutedToDefaultContactOwner is Passed!!
ContactManagement-2024-09-12 main INFO TC_Sanity_ContactRouter_ContactManagement:2765 - Display Success For DataValueUpdateWhenRoutedToDefaultContactOwner is Passed!!
ContactManagement-2024-09-12 main INFO TC_Sanity_ContactRouter_ContactManagement:2728 - Click On AccountID Second List Box DropDown Details page is Passed !!
ContactManagement-2024-09-12 main INFO TC_Sanity_ContactRouter_ContactManagement:2776 - Select SetToAccountOwner For Data value update in Details page is Passed !!
ContactManagement-2024-09-12 main INFO TC_Sanity_ContactRouter_ContactManagement:2785 - Click on CheckBox For DataValueUpdateWhenRoutedToDefaultContactOwner is Passed!!
ContactManagement-2024-09-12 main INFO TC_Sanity_ContactRouter_ContactManagement:2794 - Display Success For DataValueUpdateWhenRoutedToDefaultContactOwner is Passed!!
ContactManagement-2024-09-12 main INFO TC_Sanity_ContactRouter_ContactManagement:2728 - Click On AccountID Second List Box DropDown Details page is Passed !!
ContactManagement-2024-09-12 main INFO TC_Sanity_ContactRouter_ContactManagement:2805 - Select SetToOpportunityOwner For Data value update in Details page is Passed !!
ContactManagement-2024-09-12 main INFO TC_Sanity_ContactRouter_ContactManagement:2814 - Click on CheckBox For DataValueUpdateWhenRoutedToDefaultContactOwner is Passed!!
ContactManagement-2024-09-12 main INFO TC_Sanity_ContactRouter_ContactManagement:2823 - Display Success For DataValueUpdateWhenRoutedToDefaultContactOwner is Passed!!
ContactManagement-2024-09-12 main INFO TC_Sanity_ContactRouter_ContactManagement:2728 - Click On AccountID Second List Box DropDown Details page is Passed !!
ContactManagement-2024-09-12 main INFO TC_Sanity_ContactRouter_ContactManagement:2834 - Select Set ToOwner Mapped SDR's ID For Data value update in Details page is Passed !!
ContactManagement-2024-09-12 main INFO TC_Sanity_ContactRouter_ContactManagement:2843 - Click On Select Box3 For Data value update in Details page is Passed !!
ContactManagement-2024-09-12 main INFO TC_Sanity_ContactRouter_ContactManagement:2852 - Select Option is Passed !!
ContactManagement-2024-09-12 main INFO TC_Sanity_ContactRouter_ContactManagement:2861 - Click on CheckBox For DataValueUpdateWhenRoutedToDefaultContactOwner is Passed!!
ContactManagement-2024-09-12 main INFO TC_Sanity_ContactRouter_ContactManagement:2870 - Display Success For DataValueUpdateWhenRoutedToDefaultContactOwner is Passed!!
ContactManagement-2024-09-12 main INFO TC_Sanity_ContactRouter_ContactManagement:2706 - Data value update when routed to Default Contact Owner DropDown1 is Passed!!
ContactManagement-2024-09-12 main INFO TC_Sanity_ContactRouter_ContactManagement:2884 - Click On Deleted option Details page is Passed !!
ContactManagement-2024-09-12 main INFO TC_Sanity_ContactRouter_ContactManagement:2893 - Click On SecondListBox DropDown Deleted Option DetailsPage is Passed !!
ContactManagement-2024-09-12 main INFO TC_Sanity_ContactRouter_ContactManagement:2902 - Select True For Deleted Option Details page is Passed !!
ContactManagement-2024-09-12 main INFO TC_Sanity_ContactRouter_ContactManagement:2911 - Click on CheckBox For DataValueUpdateWhenRoutedToDefaultContactOwner is Passed!!
ContactManagement-2024-09-12 main INFO TC_Sanity_ContactRouter_ContactManagement:2920 - Display Success For DataValueUpdateWhenRoutedToDefaultContactOwner is Passed!!
ContactManagement-2024-09-12 main INFO TC_Sanity_ContactRouter_ContactManagement:2929 - Click On SecondListBox DropDown Deleted Option DetailsPage is Passed !!
ContactManagement-2024-09-12 main INFO TC_Sanity_ContactRouter_ContactManagement:2938 - Select False For Deleted Option Details page is Passed !!
ContactManagement-2024-09-12 main INFO TC_Sanity_ContactRouter_ContactManagement:2947 - Click on CheckBox For DataValueUpdateWhenRoutedToDefaultContactOwner is Passed!!
ContactManagement-2024-09-12 main INFO TC_Sanity_ContactRouter_ContactManagement:2956 - Display Success For DataValueUpdateWhenRoutedToDefaultContactOwner is Passed!!
ContactManagement-2024-09-12 main INFO TC_Sanity_ContactRouter_ContactManagement:2706 - Data value update when routed to Default Contact Owner DropDown1 is Passed!!
ContactManagement-2024-09-12 main INFO TC_Sanity_ContactRouter_ContactManagement:2968 - Click On OtherLatitude Option Details Page is Passed !!
ContactManagement-2024-09-12 main INFO TC_Sanity_ContactRouter_ContactManagement:2977 - Enter Number For OtherLatitude Details Page is Passed !!
ContactManagement-2024-09-12 main INFO TC_Sanity_ContactRouter_ContactManagement:2986 - Click on CheckBox For DataValueUpdateWhenRoutedToDefaultContactOwner is Passed!!
ContactManagement-2024-09-12 main INFO TC_Sanity_ContactRouter_ContactManagement:2995 - Display Success For DataValueUpdateWhenRoutedToDefaultContactOwner is Passed!!
ContactManagement-2024-09-12 main INFO TC_Sanity_ContactRouter_ContactManagement:2706 - Data value update when routed to Default Contact Owner DropDown1 is Passed!!
ContactManagement-2024-09-12 main INFO TC_Sanity_ContactRouter_ContactManagement:3006 - Click On CreatedDate Option Details Page is Passed !!
ContactManagement-2024-09-12 main INFO TC_Sanity_ContactRouter_ContactManagement:3015 - Click On CreatedDate Calendar Button Box1 is PASSED!!
ContactManagement-2024-09-12 main INFO TC_Sanity_ContactRouter_ContactManagement:3024 - Click On Date is Passed
ContactManagement-2024-09-12 main INFO TC_Sanity_ContactRouter_ContactManagement:3033 - Click On Refresh Button is Passed
ContactManagement-2024-09-12 main INFO TC_Sanity_ContactRouter_ContactManagement:3042 - Displayed Previuos Selected Option is Passed
ContactManagement-2024-09-12 main INFO TC_Sanity_ContactRouter_ContactManagement:3052 - Data value update when routed to Default Account Owner DropDown1 is Passed!!
ContactManagement-2024-09-12 main INFO TC_Sanity_ContactRouter_ContactManagement:3061 - Click On CreatedDate Option Details Page is Passed !!
ContactManagement-2024-09-12 main INFO TC_Sanity_ContactRouter_ContactManagement:3070 - Click On CreatedDate Calendar Button Box1 is PASSED!!
ContactManagement-2024-09-12 main INFO TC_Sanity_ContactRouter_ContactManagement:3079 - Click On Date is Passed
ContactManagement-2024-09-12 main INFO TC_Sanity_ContactRouter_ContactManagement:3088 - CheckBox For DataValueUpdateWhenRoutedToDefaultLeadOwner is Passed!!
ContactManagement-2024-09-12 main INFO TC_Sanity_ContactRouter_ContactManagement:3097 - Display Success For DataValueUpdateWhenRoutedToDefaultLeadOwner is Passed!!
ContactManagement-2024-09-12 main INFO TC_Sanity_ContactRouter_ContactManagement:3108 - Click On Description Edit button is Passed
ContactManagement-2024-09-12 main INFO TC_Sanity_ContactRouter_ContactManagement:3111 - Enter Description is Passed
ContactManagement-2024-09-12 main INFO TC_Sanity_ContactRouter_ContactManagement:3114 - Click On Description Save button is Passed
ContactManagement-2024-09-12 main INFO TC_Sanity_ContactRouter_ContactManagement:3118 - Click On Copy Button is PASSED!!
ContactManagement-2024-09-12 main INFO TC_Sanity_ContactRouter_ContactManagement:3127 - Displayed Copied Success Message is PASSED!!
ContactManagement-2024-09-12 main INFO TC_Sanity_ContactRouter_ContactManagement:3135 - //==================================== OverView Page Opeartion Before approve  ==================================
ContactManagement-2024-09-12 main INFO TC_Sanity_ContactRouter_ContactManagement:3139 - Click On Contact Router Feature is Passed
ContactManagement-2024-09-12 main INFO TC_Sanity_ContactRouter_ContactManagement:3148 - Display ContactRouter OverView Page is Passed
ContactManagement-2024-09-12 main INFO TC_Sanity_ContactRouter_ContactManagement:3157 - ***************** Column Header Check Box Operation ******************
ContactManagement-2024-09-12 main INFO TC_Sanity_ContactRouter_ContactManagement:3158 - Displayed Column Header Checkbox Is Not Disabled 
ContactManagement-2024-09-12 main INFO TC_Sanity_ContactRouter_ContactManagement:3163 - Click On ColumnHeader CheckBox is Passed
ContactManagement-2024-09-12 main INFO TC_Sanity_ContactRouter_ContactManagement:3172 - Displayed ColumnHeader CheckBox Is Checked is Passed
ContactManagement-2024-09-12 main INFO TC_Sanity_ContactRouter_ContactManagement:3183 - Displayed AutTestObject CheckBox Is Checked is Passed
ContactManagement-2024-09-12 main INFO TC_Sanity_ContactRouter_ContactManagement:3196 - Displayed Delete Button is Enabled is Passed
ContactManagement-2024-09-12 main INFO TC_Sanity_ContactRouter_ContactManagement:3206 - Uncheck the ColumnHeader CheckBox is Passed
ContactManagement-2024-09-12 main INFO TC_Sanity_ContactRouter_ContactManagement:3216 - Displayed AutTestObject CheckBox Is Not Checked is Passed
ContactManagement-2024-09-12 main INFO TC_Sanity_ContactRouter_ContactManagement:3229 - Displayed Delete Button is Disable is Passed
ContactManagement-2024-09-12 main INFO TC_Sanity_ContactRouter_ContactManagement:3236 - ********************** Filter Operation *************************
ContactManagement-2024-09-12 main INFO TC_Sanity_ContactRouter_ContactManagement:3240 - Enter Text In FilterBox is Passed
ContactManagement-2024-09-12 main INFO TC_Sanity_ContactRouter_ContactManagement:3249 - Displayed AutoTestObject is Passed
ContactManagement-2024-09-12 main INFO TC_Sanity_ContactRouter_ContactManagement:3258 - Displayed AutoTestObject CheckBox
ContactManagement-2024-09-12 main INFO TC_Sanity_ContactRouter_ContactManagement:3261 - Displayed AutoTestObject Is Not Used is Passed
ContactManagement-2024-09-12 main INFO TC_Sanity_ContactRouter_ContactManagement:3283 - Clear Test From The FilterBox is Passed
ContactManagement-2024-09-12 main INFO TC_Sanity_ContactRouter_ContactManagement:3356 - ==================================== Approve ==================================
ContactManagement-2024-09-12 main INFO TC_Sanity_ContactRouter_ContactManagement:3360 - Click on ContactRouter DropDown is passed
ContactManagement-2024-09-12 main INFO TC_Sanity_ContactRouter_ContactManagement:3369 - Click On AutoTestObject is PASSED!!
ContactManagement-2024-09-12 main INFO TC_Sanity_ContactRouter_ContactManagement:3378 - Click on Approve Button After EDIT is passed
ContactManagement-2024-09-12 main INFO TC_Sanity_ContactRouter_ContactManagement:3381 - Click Again Approve button is passed
ContactManagement-2024-09-12 main INFO TC_Sanity_ContactRouter_ContactManagement:3385 - Display Approved button is PASSED!
ContactManagement-2024-09-12 main INFO TC_Sanity_ContactRouter_ContactManagement:3392 - //========================================Delete Craft scenario=======================================
ContactManagement-2024-09-12 main INFO TC_Sanity_ContactRouter_ContactManagement:3396 - RightClick On AutoTestObject is PASSED!!
ContactManagement-2024-09-12 main INFO TC_Sanity_ContactRouter_ContactManagement:3405 - Click On Edit AutoTestObject is PASSED!!!
ContactManagement-2024-09-12 main INFO TC_Sanity_ContactRouter_ContactManagement:3414 - Click On DeleteCraft buton is PASSED!!!
ContactManagement-2024-09-12 main INFO TC_Sanity_ContactRouter_ContactManagement:3424 - Dispalying Verified Sign is PASSED!!!
ContactManagement-2024-09-12 main INFO TC_Sanity_ContactRouter_ContactManagement:3433 - //==================================== OverView Page Opeartion After approved  ==================================
ContactManagement-2024-09-12 main INFO TC_Sanity_ContactRouter_ContactManagement:3437 - Click On Contact Router Feature is Passed
ContactManagement-2024-09-12 main INFO TC_Sanity_ContactRouter_ContactManagement:3446 - Display ContactRouter OverView Page is Passed
ContactManagement-2024-09-12 main INFO TC_Sanity_ContactRouter_ContactManagement:3454 - *****************Verifying Column Header Check Is Disabled******************
ContactManagement-2024-09-12 main INFO TC_Sanity_ContactRouter_ContactManagement:3458 - Displayed Column Header Checkbox Is Disabled is Passed
ContactManagement-2024-09-12 main INFO TC_Sanity_ContactRouter_ContactManagement:3466 - ********************** Filter Operation *************************
ContactManagement-2024-09-12 main INFO TC_Sanity_ContactRouter_ContactManagement:3471 - Enter Text In FilterBox is Passed
ContactManagement-2024-09-12 main INFO TC_Sanity_ContactRouter_ContactManagement:3480 - Displayed AutoTestObject is Passed
ContactManagement-2024-09-12 main INFO TC_Sanity_ContactRouter_ContactManagement:3501 - Displayed AutoTestObject Is Used is Passed
ContactManagement-2024-09-12 main INFO TC_Sanity_ContactRouter_ContactManagement:3512 - Clear Test From The FilterBox is Passed
