AccountManagement-2024-09-12 main INFO BaseClass:123 - ======================================= INFORMATION ======================================
AccountManagement-2024-09-12 main INFO BaseClass:129 - Login Scenario Started for ADMIN-USER
AccountManagement-2024-09-12 main INFO BaseClass:130 - https://app.leadangel.com/index.html#/
AccountManagement-2024-09-12 main INFO BaseClass:131 - 1667
AccountManagement-2024-09-12 main INFO BaseClass:132 - ganesh@leadangel.com
AccountManagement-2024-09-12 main INFO BaseClass:134 - Entered ClientID
AccountManagement-2024-09-12 main INFO BaseClass:136 - Entered Email
AccountManagement-2024-09-12 main INFO BaseClass:138 - Entered Password
AccountManagement-2024-09-12 main INFO BaseClass:140 - Click on Submit
AccountManagement-2024-09-12 main INFO TC_Sanity_AccountRoutingTerritory_AccountManagement:42 - Click on Account Management is Passed
AccountManagement-2024-09-12 main INFO TC_Sanity_AccountRoutingTerritory_AccountManagement:51 - Right Click On Account Routing Territory is Passed
AccountManagement-2024-09-12 main INFO TC_Sanity_AccountRoutingTerritory_AccountManagement:60 - Click on New Account Routing Territory is PASSED!!
AccountManagement-2024-09-12 main INFO TC_Sanity_AccountRoutingTerritory_AccountManagement:68 - //===============================CREATE OBJECT SCENARIO START========================================!
AccountManagement-2024-09-12 main INFO TC_Sanity_AccountRoutingTerritory_AccountManagement:71 - Entered AutoTestObject Name is PASSED!!
AccountManagement-2024-09-12 main INFO TC_Sanity_AccountRoutingTerritory_AccountManagement:80 - Enter Description is Passed
AccountManagement-2024-09-12 main INFO TC_Sanity_AccountRoutingTerritory_AccountManagement:89 - Click on Save Button is Passed
AccountManagement-2024-09-12 main INFO TC_Sanity_AccountRoutingTerritory_AccountManagement:233 - Refreshing The Page!!
AccountManagement-2024-09-12 main INFO TC_Sanity_AccountRoutingTerritory_AccountManagement:266 - Click on DataDictionary is Passed
AccountManagement-2024-09-12 main INFO TC_Sanity_AccountRoutingTerritory_AccountManagement:273 - *************************************************AccountList_DND**************************************
AccountManagement-2024-09-12 main INFO TC_Sanity_AccountRoutingTerritory_AccountManagement:278 - Drag and Drop AccountList is Passed
AccountManagement-2024-09-12 main INFO TC_Sanity_AccountRoutingTerritory_AccountManagement:289 - Click on AccountList SelectBox dropdown is Passed
AccountManagement-2024-09-12 main INFO TC_Sanity_AccountRoutingTerritory_AccountManagement:306 - Select is is Passed
AccountManagement-2024-09-12 main INFO TC_Sanity_AccountRoutingTerritory_AccountManagement:315 - Displayed Select Box is not red
AccountManagement-2024-09-12 main INFO TC_Sanity_AccountRoutingTerritory_AccountManagement:326 - Click On AccountList NgSelect box dropdown is Passed
AccountManagement-2024-09-12 main INFO TC_Sanity_AccountRoutingTerritory_AccountManagement:337 - Object Name Before Click NewTab Link: AccList-1
AccountManagement-2024-09-12 main INFO TC_Sanity_AccountRoutingTerritory_AccountManagement:341 - Click On Open In New Tab Link is Passed !!
AccountManagement-2024-09-12 main INFO TC_Sanity_AccountRoutingTerritory_AccountManagement:357 - Object Name After Click NewTab Link: AccList-1
AccountManagement-2024-09-12 main INFO TC_Sanity_AccountRoutingTerritory_AccountManagement:361 - Open in New tab link is properly redirected is Passed !!
AccountManagement-2024-09-12 main INFO TC_Sanity_AccountRoutingTerritory_AccountManagement:375 - Swicth back to parent window is Passed !!
AccountManagement-2024-09-12 main INFO TC_Sanity_AccountRoutingTerritory_AccountManagement:398 - Displayed NgSelect Box is not red
AccountManagement-2024-09-12 main INFO TC_Sanity_AccountRoutingTerritory_AccountManagement:306 - Select is not is Passed
AccountManagement-2024-09-12 main INFO TC_Sanity_AccountRoutingTerritory_AccountManagement:315 - Displayed Select Box is not red
AccountManagement-2024-09-12 main INFO TC_Sanity_AccountRoutingTerritory_AccountManagement:326 - Click On AccountList NgSelect box dropdown is Passed
AccountManagement-2024-09-12 main INFO TC_Sanity_AccountRoutingTerritory_AccountManagement:388 - Select Option from the dropdown is Passed !!
AccountManagement-2024-09-12 main INFO TC_Sanity_AccountRoutingTerritory_AccountManagement:398 - Displayed NgSelect Box is not red
AccountManagement-2024-09-12 main INFO TC_Sanity_AccountRoutingTerritory_AccountManagement:408 - *******************************************CRMAccountFilter_DND*********************************
AccountManagement-2024-09-12 main INFO TC_Sanity_AccountRoutingTerritory_AccountManagement:412 - Drag and Drop CRMAccFilter is Passed
AccountManagement-2024-09-12 main INFO TC_Sanity_AccountRoutingTerritory_AccountManagement:423 - Click on CRMaccountFilter ListBox dropdown is Passed
AccountManagement-2024-09-12 main INFO TC_Sanity_AccountRoutingTerritory_AccountManagement:440 - Select is is Passed
AccountManagement-2024-09-12 main INFO TC_Sanity_AccountRoutingTerritory_AccountManagement:449 - Displayed Select Box is not red
AccountManagement-2024-09-12 main INFO TC_Sanity_AccountRoutingTerritory_AccountManagement:459 - Click on CRMAccFilterSelectOption Dropdown is Passed
AccountManagement-2024-09-12 main INFO TC_Sanity_AccountRoutingTerritory_AccountManagement:469 - Object Name Before Click NewTab Link: AccFilter-1tyutyu
AccountManagement-2024-09-12 main INFO TC_Sanity_AccountRoutingTerritory_AccountManagement:473 - Click On Open In New Tab Link is Passed !!
AccountManagement-2024-09-12 main INFO TC_Sanity_AccountRoutingTerritory_AccountManagement:489 - Object Name After Click NewTab Link: AccFilter-1tyutyu
AccountManagement-2024-09-12 main INFO TC_Sanity_AccountRoutingTerritory_AccountManagement:493 - Open in New tab link is properly redirected is Passed !!
AccountManagement-2024-09-12 main INFO TC_Sanity_AccountRoutingTerritory_AccountManagement:507 - Swicth back to parent window is Passed !!
AccountManagement-2024-09-12 main INFO TC_Sanity_AccountRoutingTerritory_AccountManagement:529 - Displayed NgSelect Box is not red
AccountManagement-2024-09-12 main INFO TC_Sanity_AccountRoutingTerritory_AccountManagement:440 - Select is not is Passed
AccountManagement-2024-09-12 main INFO TC_Sanity_AccountRoutingTerritory_AccountManagement:449 - Displayed Select Box is not red
AccountManagement-2024-09-12 main INFO TC_Sanity_AccountRoutingTerritory_AccountManagement:459 - Click on CRMAccFilterSelectOption Dropdown is Passed
AccountManagement-2024-09-12 main INFO TC_Sanity_AccountRoutingTerritory_AccountManagement:519 - Select Option from the dropdown is Passed !!
AccountManagement-2024-09-12 main INFO TC_Sanity_AccountRoutingTerritory_AccountManagement:529 - Displayed NgSelect Box is not red
AccountManagement-2024-09-12 main INFO TC_Sanity_AccountRoutingTerritory_AccountManagement:538 - *********************** Search Box and refresh Button Operation **************************
AccountManagement-2024-09-12 main INFO TC_Sanity_AccountRoutingTerritory_AccountManagement:543 - Get Text from first drag and drop box is Passed
AccountManagement-2024-09-12 main INFO TC_Sanity_AccountRoutingTerritory_AccountManagement:552 - Enter Text in search box is Passed
AccountManagement-2024-09-12 main INFO TC_Sanity_AccountRoutingTerritory_AccountManagement:561 - Displayed text in toolist, which is entered in search box is Passed
AccountManagement-2024-09-12 main INFO TC_Sanity_AccountRoutingTerritory_AccountManagement:570 - Click On Close Button is Passed
AccountManagement-2024-09-12 main INFO TC_Sanity_AccountRoutingTerritory_AccountManagement:579 - Click On Refresh Button is Passed
AccountManagement-2024-09-12 main INFO TC_Sanity_AccountRoutingTerritory_AccountManagement:588 - Click on Data Dictionary is Passed
AccountManagement-2024-09-12 main INFO TC_Sanity_AccountRoutingTerritory_AccountManagement:598 - Click on DefaultFilter Button is Passed
AccountManagement-2024-09-12 main INFO TC_Sanity_AccountRoutingTerritory_AccountManagement:607 - Select Custom FilterOption is Passed
AccountManagement-2024-09-12 main INFO TC_Sanity_AccountRoutingTerritory_AccountManagement:616 - Input For CutomFilter is Passed
AccountManagement-2024-09-12 main INFO TC_Sanity_AccountRoutingTerritory_AccountManagement:625 - Click on CollapseAll is Passed
AccountManagement-2024-09-12 main INFO TC_Sanity_AccountRoutingTerritory_AccountManagement:634 - Click on ExpandAll is Passed
AccountManagement-2024-09-12 main INFO TC_Sanity_AccountRoutingTerritory_AccountManagement:641 - //========================================ENTERING DETAILS PAGE======================================
AccountManagement-2024-09-12 main INFO TC_Sanity_AccountRoutingTerritory_AccountManagement:644 - Click on Details Button is Passed!!!
AccountManagement-2024-09-12 main INFO TC_Sanity_AccountRoutingTerritory_AccountManagement:647 - Click On Description Edit button is Passed
AccountManagement-2024-09-12 main INFO TC_Sanity_AccountRoutingTerritory_AccountManagement:650 - Enter Description is Passed
AccountManagement-2024-09-12 main INFO TC_Sanity_AccountRoutingTerritory_AccountManagement:653 - Click On Description Save button is Passed
AccountManagement-2024-09-12 main INFO TC_Sanity_AccountRoutingTerritory_AccountManagement:657 - Click On Copy Button is PASSED!!
AccountManagement-2024-09-12 main INFO TC_Sanity_AccountRoutingTerritory_AccountManagement:666 - Displayed Copied Success Message is PASSED!!
AccountManagement-2024-09-12 main INFO TC_Sanity_AccountRoutingTerritory_AccountManagement:674 - ==================================== Approve ==================================
AccountManagement-2024-09-12 main INFO TC_Sanity_AccountRoutingTerritory_AccountManagement:678 - Click On draftbox is PASSED!
AccountManagement-2024-09-12 main INFO TC_Sanity_AccountRoutingTerritory_AccountManagement:686 - Click on Approve Button After EDIT is passed
AccountManagement-2024-09-12 main INFO TC_Sanity_AccountRoutingTerritory_AccountManagement:689 - Click Again Approve button is passed
AccountManagement-2024-09-12 main INFO TC_Sanity_AccountRoutingTerritory_AccountManagement:693 - Display Approved button is PASSED!
AccountManagement-2024-09-12 main INFO TC_Sanity_AccountRoutingTerritory_AccountManagement:700 - //========================================Delete Craft scenario=======================================
AccountManagement-2024-09-12 main INFO TC_Sanity_AccountRoutingTerritory_AccountManagement:704 - RightClick On AutoTestObject is PASSED!!
AccountManagement-2024-09-12 main INFO TC_Sanity_AccountRoutingTerritory_AccountManagement:713 - Click On Edit AutoTestObject is PASSED!!!
AccountManagement-2024-09-12 main INFO TC_Sanity_AccountRoutingTerritory_AccountManagement:722 - Click On DeleteCraft buton is PASSED!!!
AccountManagement-2024-09-12 main INFO TC_Sanity_AccountRoutingTerritory_AccountManagement:732 - Dispalying Verified Sign is PASSED!!!
AccountManagement-2024-09-12 main INFO TC_Sanity_AccountRoutingTerritory_AccountManagement:740 - //==================================== OverView Page Opeartion  ==================================
AccountManagement-2024-09-12 main INFO TC_Sanity_AccountRoutingTerritory_AccountManagement:744 - Click On AccountRoutingTerritory Feature is Passed
AccountManagement-2024-09-12 main INFO TC_Sanity_AccountRoutingTerritory_AccountManagement:753 - Display AccountRoutingTerritory OverView Page is Passed
AccountManagement-2024-09-12 main INFO TC_Sanity_AccountRoutingTerritory_AccountManagement:762 - ***************** Column Header Check Box Operation ******************
AccountManagement-2024-09-12 main INFO TC_Sanity_AccountRoutingTerritory_AccountManagement:763 - Displayed Column Header Checkbox Is Not Disabled 
AccountManagement-2024-09-12 main INFO TC_Sanity_AccountRoutingTerritory_AccountManagement:768 - Click On ColumnHeader CheckBox is Passed
AccountManagement-2024-09-12 main INFO TC_Sanity_AccountRoutingTerritory_AccountManagement:777 - Displayed ColumnHeader CheckBox Is Checked is Passed
AccountManagement-2024-09-12 main INFO TC_Sanity_AccountRoutingTerritory_AccountManagement:788 - Displayed AutTestObject CheckBox Is Checked is Passed
AccountManagement-2024-09-12 main INFO TC_Sanity_AccountRoutingTerritory_AccountManagement:801 - Displayed Delete Button is Enabled is Passed
AccountManagement-2024-09-12 main INFO TC_Sanity_AccountRoutingTerritory_AccountManagement:811 - Uncheck the ColumnHeader CheckBox is Passed
AccountManagement-2024-09-12 main INFO TC_Sanity_AccountRoutingTerritory_AccountManagement:821 - Displayed AutTestObject CheckBox Is Not Checked is Passed
AccountManagement-2024-09-12 main INFO TC_Sanity_AccountRoutingTerritory_AccountManagement:834 - Displayed Delete Button is Disable is Passed
AccountManagement-2024-09-12 main INFO TC_Sanity_AccountRoutingTerritory_AccountManagement:841 - ********************** Filter Operation *************************
AccountManagement-2024-09-12 main INFO TC_Sanity_AccountRoutingTerritory_AccountManagement:845 - Enter Text In FilterBox is Passed
AccountManagement-2024-09-12 main INFO TC_Sanity_AccountRoutingTerritory_AccountManagement:854 - Displayed AutoTestObject is Passed
AccountManagement-2024-09-12 main INFO TC_Sanity_AccountRoutingTerritory_AccountManagement:863 - Displayed AutoTestObject CheckBox
AccountManagement-2024-09-12 main INFO TC_Sanity_AccountRoutingTerritory_AccountManagement:866 - Displayed AutoTestObject Is Not Used is Passed
AccountManagement-2024-09-12 main INFO TC_Sanity_AccountRoutingTerritory_AccountManagement:888 - Clear Test From The FilterBox is Passed
AccountManagement-2024-09-12 main INFO TC_Sanity_AccountRoutingTerritory_AccountManagement:895 - ********************** Delete AutoTestObject Operation *************************
AccountManagement-2024-09-12 main INFO TC_Sanity_AccountRoutingTerritory_AccountManagement:899 - Click On AutTestObject CheckBox is Passed
AccountManagement-2024-09-12 main INFO TC_Sanity_AccountRoutingTerritory_AccountManagement:908 - Displayed AutTestObject CheckBox Is Checked is Passed
AccountManagement-2024-09-12 main INFO TC_Sanity_AccountRoutingTerritory_AccountManagement:918 - Click On Delete Button is Passed
AccountManagement-2024-09-12 main INFO TC_Sanity_AccountRoutingTerritory_AccountManagement:927 - Click Again Delete Button is Passed
AccountManagement-2024-09-12 main INFO TC_Sanity_AccountRoutingTerritory_AccountManagement:936 - Display Deleted success message is Passed
