AccountManagement-2024-09-12 main INFO BaseClass:123 - ======================================= INFORMATION ======================================
AccountManagement-2024-09-12 main INFO BaseClass:129 - Login Scenario Started for ADMIN-USER
AccountManagement-2024-09-12 main INFO BaseClass:130 - https://app.leadangel.com/index.html#/
AccountManagement-2024-09-12 main INFO BaseClass:131 - 1667
AccountManagement-2024-09-12 main INFO BaseClass:132 - ganesh@leadangel.com
AccountManagement-2024-09-12 main INFO BaseClass:134 - Entered ClientID
AccountManagement-2024-09-12 main INFO BaseClass:136 - Entered Email
AccountManagement-2024-09-12 main INFO BaseClass:138 - Entered Password
AccountManagement-2024-09-12 main INFO BaseClass:140 - Click on Submit
AccountManagement-2024-09-12 main INFO TC_Sanity_WaitCondition_AccountManagement:47 - Click on AccountManagement is Passed
AccountManagement-2024-09-12 main INFO TC_Sanity_WaitCondition_AccountManagement:55 - Right Click on Wait Condition is Passed
AccountManagement-2024-09-12 main INFO TC_Sanity_WaitCondition_AccountManagement:58 - Click on New Wait Condition is Passed
AccountManagement-2024-09-12 main INFO TC_Sanity_WaitCondition_AccountManagement:62 - Enter AutoTestName is PASSED!!
AccountManagement-2024-09-12 main INFO TC_Sanity_WaitCondition_AccountManagement:71 - Enter Description is Passed
AccountManagement-2024-09-12 main INFO TC_Sanity_WaitCondition_AccountManagement:79 - Click on Save Button WaitCondition is Passed
AccountManagement-2024-09-12 main INFO TC_Sanity_WaitCondition_AccountManagement:219 - Refreshing The Page!!
AccountManagement-2024-09-12 main INFO TC_Sanity_WaitCondition_AccountManagement:250 - Click on Wait Button is Passed
AccountManagement-2024-09-12 main INFO TC_Sanity_WaitCondition_AccountManagement:258 - //====================================== DRAG&DROP WAIT_FOR ATTRIBUTE===================================//
AccountManagement-2024-09-12 main INFO TC_Sanity_WaitCondition_AccountManagement:262 - Drag And Drop Wait For is PASSED!!
AccountManagement-2024-09-12 main INFO TC_Sanity_WaitCondition_AccountManagement:271 - Input on WaitFor is PASSED!!
AccountManagement-2024-09-12 main INFO TC_Sanity_WaitCondition_AccountManagement:280 - Displayed Input Box is not red
AccountManagement-2024-09-12 main INFO TC_Sanity_WaitCondition_AccountManagement:297 - Select Minutes is Passed
AccountManagement-2024-09-12 main INFO TC_Sanity_WaitCondition_AccountManagement:306 - Displayed Select Box is not red
AccountManagement-2024-09-12 main INFO TC_Sanity_WaitCondition_AccountManagement:297 - Select Hours is Passed
AccountManagement-2024-09-12 main INFO TC_Sanity_WaitCondition_AccountManagement:306 - Displayed Select Box is not red
AccountManagement-2024-09-12 main INFO TC_Sanity_WaitCondition_AccountManagement:297 - Select Days is Passed
AccountManagement-2024-09-12 main INFO TC_Sanity_WaitCondition_AccountManagement:306 - Displayed Select Box is not red
AccountManagement-2024-09-12 main INFO TC_Sanity_WaitCondition_AccountManagement:315 - //========================================= DRAG&DROP WAIT TILL  ATTRIBUTE================================//
AccountManagement-2024-09-12 main INFO TC_Sanity_WaitCondition_AccountManagement:319 - Drag and Drop WaitTill is PASSED!!
AccountManagement-2024-09-12 main INFO TC_Sanity_WaitCondition_AccountManagement:328 - Click on CalendarButton is PASSED!!
AccountManagement-2024-09-12 main INFO TC_Sanity_WaitCondition_AccountManagement:337 - Click On Date is PASSED!!
AccountManagement-2024-09-12 main INFO TC_Sanity_WaitCondition_AccountManagement:346 - Displayed Input Box1 is not red
AccountManagement-2024-09-12 main INFO TC_Sanity_WaitCondition_AccountManagement:356 - Click on Select Time is PASSED!!
AccountManagement-2024-09-12 main INFO TC_Sanity_WaitCondition_AccountManagement:365 - Click On Time is PASSED!!
AccountManagement-2024-09-12 main INFO TC_Sanity_WaitCondition_AccountManagement:374 - Click On Ok button is PASSED!!
AccountManagement-2024-09-12 main INFO TC_Sanity_WaitCondition_AccountManagement:383 - Displayed Input Box2 is not red
AccountManagement-2024-09-12 main INFO TC_Sanity_WaitCondition_AccountManagement:391 - //====================================== DRAG&DROP WAIT FILTER ATTRIBUTE===============================//
AccountManagement-2024-09-12 main INFO TC_Sanity_WaitCondition_AccountManagement:395 - Drag And Drop WAIT FILTER is Passed
AccountManagement-2024-09-12 main INFO TC_Sanity_WaitCondition_AccountManagement:409 - Click On WaitFilter DropDown is PASSED!!
AccountManagement-2024-09-12 main INFO TC_Sanity_WaitCondition_AccountManagement:421 - Select Wait filter returns true is Passed
AccountManagement-2024-09-12 main INFO TC_Sanity_WaitCondition_AccountManagement:430 - Displayed Select Box is not red
AccountManagement-2024-09-12 main INFO TC_Sanity_WaitCondition_AccountManagement:440 - Click On WaitFilterSelect dropdown is PASSED!!
AccountManagement-2024-09-12 main INFO TC_Sanity_WaitCondition_AccountManagement:452 - Object Name Before Click NewTab Link: AutoTestObject_Rename
AccountManagement-2024-09-12 main INFO TC_Sanity_WaitCondition_AccountManagement:456 - Click On Open In New Tab Link is Passed !!
AccountManagement-2024-09-12 main INFO TC_Sanity_WaitCondition_AccountManagement:472 - Object Name After Click NewTab Link: AutoTestObject_Rename
AccountManagement-2024-09-12 main INFO TC_Sanity_WaitCondition_AccountManagement:476 - Open in New tab link is properly redirected is Passed !!
AccountManagement-2024-09-12 main INFO TC_Sanity_WaitCondition_AccountManagement:490 - Swicth back to parent window is Passed !!
AccountManagement-2024-09-12 main INFO TC_Sanity_WaitCondition_AccountManagement:513 - Displayed NgSelect Box is not red
AccountManagement-2024-09-12 main INFO TC_Sanity_WaitCondition_AccountManagement:409 - Click On WaitFilter DropDown is PASSED!!
AccountManagement-2024-09-12 main INFO TC_Sanity_WaitCondition_AccountManagement:421 - Select Wait filter returns false is Passed
AccountManagement-2024-09-12 main INFO TC_Sanity_WaitCondition_AccountManagement:430 - Displayed Select Box is not red
AccountManagement-2024-09-12 main INFO TC_Sanity_WaitCondition_AccountManagement:440 - Click On WaitFilterSelect dropdown is PASSED!!
AccountManagement-2024-09-12 main INFO TC_Sanity_WaitCondition_AccountManagement:503 - Click On WaitFilterOption is PASSED!!
AccountManagement-2024-09-12 main INFO TC_Sanity_WaitCondition_AccountManagement:513 - Displayed NgSelect Box is not red
AccountManagement-2024-09-12 main INFO TC_Sanity_WaitCondition_AccountManagement:521 - *********************** Search Box and refresh Button Operation **************************
AccountManagement-2024-09-12 main INFO TC_Sanity_WaitCondition_AccountManagement:526 - Get Text from first drag and drop box is Passed
AccountManagement-2024-09-12 main INFO TC_Sanity_WaitCondition_AccountManagement:535 - Enter Text in search box is Passed
AccountManagement-2024-09-12 main INFO TC_Sanity_WaitCondition_AccountManagement:544 - Displayed text in toolist, which is entered in search box is Passed
AccountManagement-2024-09-12 main INFO TC_Sanity_WaitCondition_AccountManagement:553 - Click On Close Button is Passed
AccountManagement-2024-09-12 main INFO TC_Sanity_WaitCondition_AccountManagement:562 - Click On Refresh Button is Passed
AccountManagement-2024-09-12 main INFO TC_Sanity_WaitCondition_AccountManagement:571 - Click on Wait Button is Passed
AccountManagement-2024-09-12 main INFO TC_Sanity_WaitCondition_AccountManagement:581 - Click on DefaultFilter Button is Passed
AccountManagement-2024-09-12 main INFO TC_Sanity_WaitCondition_AccountManagement:590 - Select Custom FilterOption is Passed
AccountManagement-2024-09-12 main INFO TC_Sanity_WaitCondition_AccountManagement:599 - Input For CutomFilter Wait Condition is Passed
AccountManagement-2024-09-12 main INFO TC_Sanity_WaitCondition_AccountManagement:608 - Click on CollapseAll is Passed
AccountManagement-2024-09-12 main INFO TC_Sanity_WaitCondition_AccountManagement:617 - Click on ExpandAll is Passed
AccountManagement-2024-09-12 main INFO TC_Sanity_WaitCondition_AccountManagement:624 - //========================================ENTERING DETAILS PAGE======================================
AccountManagement-2024-09-12 main INFO TC_Sanity_WaitCondition_AccountManagement:627 - Click on Details Button is Passed!!!
AccountManagement-2024-09-12 main INFO TC_Sanity_WaitCondition_AccountManagement:630 - Click On Description Edit button is Passed
AccountManagement-2024-09-12 main INFO TC_Sanity_WaitCondition_AccountManagement:633 - Enter Description is Passed
AccountManagement-2024-09-12 main INFO TC_Sanity_WaitCondition_AccountManagement:636 - Click On Description Save button is Passed
AccountManagement-2024-09-12 main INFO TC_Sanity_WaitCondition_AccountManagement:640 - Click On Copy Button is PASSED!!
AccountManagement-2024-09-12 main INFO TC_Sanity_WaitCondition_AccountManagement:649 - Displayed Copied Success Message is PASSED!!
AccountManagement-2024-09-12 main INFO TC_Sanity_WaitCondition_AccountManagement:657 - ==================================== Approve ==================================
AccountManagement-2024-09-12 main INFO TC_Sanity_WaitCondition_AccountManagement:661 - Click On draftbox is PASSED!
AccountManagement-2024-09-12 main INFO TC_Sanity_WaitCondition_AccountManagement:669 - Click on Approve Button After EDIT is passed
AccountManagement-2024-09-12 main INFO TC_Sanity_WaitCondition_AccountManagement:672 - Click Again Approve button is passed
AccountManagement-2024-09-12 main INFO TC_Sanity_WaitCondition_AccountManagement:676 - Display Approved button is PASSED!
AccountManagement-2024-09-12 main INFO TC_Sanity_WaitCondition_AccountManagement:683 - //========================================Delete Craft scenario=======================================
AccountManagement-2024-09-12 main INFO TC_Sanity_WaitCondition_AccountManagement:687 - RightClick On AutoTestObject is PASSED!!
AccountManagement-2024-09-12 main INFO TC_Sanity_WaitCondition_AccountManagement:696 - Click On Edit AutoTestObject is PASSED!!!
AccountManagement-2024-09-12 main INFO TC_Sanity_WaitCondition_AccountManagement:705 - Click On DeleteCraft buton is PASSED!!!
AccountManagement-2024-09-12 main INFO TC_Sanity_WaitCondition_AccountManagement:715 - Dispalying Verified Sign is PASSED!!!
AccountManagement-2024-09-12 main INFO TC_Sanity_WaitCondition_AccountManagement:723 - //==================================== OverView Page Opeartion  ==================================
AccountManagement-2024-09-12 main INFO TC_Sanity_WaitCondition_AccountManagement:727 - Click On WaitCondition Feature is Passed
AccountManagement-2024-09-12 main INFO TC_Sanity_WaitCondition_AccountManagement:736 - Display WaitCondition OverView Page is Passed
AccountManagement-2024-09-12 main INFO TC_Sanity_WaitCondition_AccountManagement:745 - ***************** Column Header Check Box Operation ******************
AccountManagement-2024-09-12 main INFO TC_Sanity_WaitCondition_AccountManagement:746 - Displayed Column Header Checkbox Is Not Disabled 
AccountManagement-2024-09-12 main INFO TC_Sanity_WaitCondition_AccountManagement:751 - Click On ColumnHeader CheckBox is Passed
AccountManagement-2024-09-12 main INFO TC_Sanity_WaitCondition_AccountManagement:760 - Displayed ColumnHeader CheckBox Is Checked is Passed
AccountManagement-2024-09-12 main INFO TC_Sanity_WaitCondition_AccountManagement:771 - Displayed AutTestObject CheckBox Is Checked is Passed
AccountManagement-2024-09-12 main INFO TC_Sanity_WaitCondition_AccountManagement:784 - Displayed Delete Button is Enabled is Passed
AccountManagement-2024-09-12 main INFO TC_Sanity_WaitCondition_AccountManagement:794 - Uncheck the ColumnHeader CheckBox is Passed
AccountManagement-2024-09-12 main INFO TC_Sanity_WaitCondition_AccountManagement:804 - Displayed AutTestObject CheckBox Is Not Checked is Passed
AccountManagement-2024-09-12 main INFO TC_Sanity_WaitCondition_AccountManagement:817 - Displayed Delete Button is Disable is Passed
AccountManagement-2024-09-12 main INFO TC_Sanity_WaitCondition_AccountManagement:824 - ********************** Filter Operation *************************
AccountManagement-2024-09-12 main INFO TC_Sanity_WaitCondition_AccountManagement:828 - Enter Text In FilterBox is Passed
AccountManagement-2024-09-12 main INFO TC_Sanity_WaitCondition_AccountManagement:837 - Displayed AutoTestObject is Passed
AccountManagement-2024-09-12 main INFO TC_Sanity_WaitCondition_AccountManagement:846 - Displayed AutoTestObject CheckBox
AccountManagement-2024-09-12 main INFO TC_Sanity_WaitCondition_AccountManagement:849 - Displayed AutoTestObject Is Not Used is Passed
AccountManagement-2024-09-12 main INFO TC_Sanity_WaitCondition_AccountManagement:871 - Clear Test From The FilterBox is Passed
AccountManagement-2024-09-12 main INFO TC_Sanity_WaitCondition_AccountManagement:878 - ********************** Delete AutoTestObject Operation *************************
AccountManagement-2024-09-12 main INFO TC_Sanity_WaitCondition_AccountManagement:882 - Click On AutTestObject CheckBox is Passed
AccountManagement-2024-09-12 main INFO TC_Sanity_WaitCondition_AccountManagement:891 - Displayed AutTestObject CheckBox Is Checked is Passed
AccountManagement-2024-09-12 main INFO TC_Sanity_WaitCondition_AccountManagement:901 - Click On Delete Button is Passed
AccountManagement-2024-09-12 main INFO TC_Sanity_WaitCondition_AccountManagement:910 - Click Again Delete Button is Passed
AccountManagement-2024-09-12 main INFO TC_Sanity_WaitCondition_AccountManagement:919 - Display Deleted success message is Passed
