OpportunityManagement-2024-09-12 main INFO BaseClass:124 - ======================================= INFORMATION ======================================
OpportunityManagement-2024-09-12 main INFO BaseClass:131 - Login Scenario Started for ADMIN-USER
OpportunityManagement-2024-09-12 main INFO BaseClass:132 - https://app.leadangel.com/index.html#/
OpportunityManagement-2024-09-12 main INFO BaseClass:133 - 1667
OpportunityManagement-2024-09-12 main INFO BaseClass:134 - ganesh@leadangel.com
OpportunityManagement-2024-09-12 main INFO BaseClass:136 - Entered ClientID
OpportunityManagement-2024-09-12 main INFO BaseClass:138 - Entered Email
OpportunityManagement-2024-09-12 main INFO BaseClass:140 - Entered Password
OpportunityManagement-2024-09-12 main INFO BaseClass:142 - Click on Submit
OpportunityManagement-2024-09-12 main INFO TC_Sanity_CRMopportunityFilter_OpportunityManagement:50 - Click on OpportunityManagement is Passed
OpportunityManagement-2024-09-12 main INFO TC_Sanity_CRMopportunityFilter_OpportunityManagement:59 - Click on Data Dictionary is Passed
OpportunityManagement-2024-09-12 main INFO TC_Sanity_CRMopportunityFilter_OpportunityManagement:68 - Right Click on CRMOpportunityFilter is Passed
OpportunityManagement-2024-09-12 main INFO TC_Sanity_CRMopportunityFilter_OpportunityManagement:77 - Click on New CRM Opportunity Filter is Passed
OpportunityManagement-2024-09-12 main INFO TC_Sanity_CRMopportunityFilter_OpportunityManagement:84 - //===============================CREATE OBJECT SCENARIO START========================================!
OpportunityManagement-2024-09-12 main INFO TC_Sanity_CRMopportunityFilter_OpportunityManagement:88 - Enter AutoTestObject Name is PASSED!!
OpportunityManagement-2024-09-12 main INFO TC_Sanity_CRMopportunityFilter_OpportunityManagement:97 - Enter Description is Passed
OpportunityManagement-2024-09-12 main INFO TC_Sanity_CRMopportunityFilter_OpportunityManagement:106 - Click on Save Button is Passed
OpportunityManagement-2024-09-12 main INFO TC_Sanity_CRMopportunityFilter_OpportunityManagement:252 - Refreshing The Page!!
OpportunityManagement-2024-09-12 main INFO TC_Sanity_CRMopportunityFilter_OpportunityManagement:284 - Click on Opportunity Attribute is Passed
OpportunityManagement-2024-09-12 main INFO TC_Sanity_CRMopportunityFilter_OpportunityManagement:291 - //===================================== DRAG&DROP Opportunity ID ATTRIBUTE =====================================//
OpportunityManagement-2024-09-12 main INFO TC_Sanity_CRMopportunityFilter_OpportunityManagement:295 - Drag and Drop OpportunityID is Passed
OpportunityManagement-2024-09-12 main INFO TC_Sanity_CRMopportunityFilter_OpportunityManagement:304 - Click on DropDown OpportunityID is Passed
OpportunityManagement-2024-09-12 main INFO TC_Sanity_CRMopportunityFilter_OpportunityManagement:320 - Select contains is Passed
OpportunityManagement-2024-09-12 main INFO TC_Sanity_CRMopportunityFilter_OpportunityManagement:329 - Displayed Select Box is not red
OpportunityManagement-2024-09-12 main INFO TC_Sanity_CRMopportunityFilter_OpportunityManagement:342 - Input on OpportunityID is PASSED!!
OpportunityManagement-2024-09-12 main INFO TC_Sanity_CRMopportunityFilter_OpportunityManagement:351 - Displayed Input Box is not red
OpportunityManagement-2024-09-12 main INFO TC_Sanity_CRMopportunityFilter_OpportunityManagement:320 - Select does not contain is Passed
OpportunityManagement-2024-09-12 main INFO TC_Sanity_CRMopportunityFilter_OpportunityManagement:329 - Displayed Select Box is not red
OpportunityManagement-2024-09-12 main INFO TC_Sanity_CRMopportunityFilter_OpportunityManagement:342 - Input on OpportunityID is PASSED!!
OpportunityManagement-2024-09-12 main INFO TC_Sanity_CRMopportunityFilter_OpportunityManagement:351 - Displayed Input Box is not red
OpportunityManagement-2024-09-12 main INFO TC_Sanity_CRMopportunityFilter_OpportunityManagement:320 - Select starts with is Passed
OpportunityManagement-2024-09-12 main INFO TC_Sanity_CRMopportunityFilter_OpportunityManagement:329 - Displayed Select Box is not red
OpportunityManagement-2024-09-12 main INFO TC_Sanity_CRMopportunityFilter_OpportunityManagement:342 - Input on OpportunityID is PASSED!!
OpportunityManagement-2024-09-12 main INFO TC_Sanity_CRMopportunityFilter_OpportunityManagement:351 - Displayed Input Box is not red
OpportunityManagement-2024-09-12 main INFO TC_Sanity_CRMopportunityFilter_OpportunityManagement:320 - Select does not start with is Passed
OpportunityManagement-2024-09-12 main INFO TC_Sanity_CRMopportunityFilter_OpportunityManagement:329 - Displayed Select Box is not red
OpportunityManagement-2024-09-12 main INFO TC_Sanity_CRMopportunityFilter_OpportunityManagement:342 - Input on OpportunityID is PASSED!!
OpportunityManagement-2024-09-12 main INFO TC_Sanity_CRMopportunityFilter_OpportunityManagement:351 - Displayed Input Box is not red
OpportunityManagement-2024-09-12 main INFO TC_Sanity_CRMopportunityFilter_OpportunityManagement:320 - Select is empty is Passed
OpportunityManagement-2024-09-12 main INFO TC_Sanity_CRMopportunityFilter_OpportunityManagement:329 - Displayed Select Box is not red
OpportunityManagement-2024-09-12 main INFO TC_Sanity_CRMopportunityFilter_OpportunityManagement:320 - Select is not empty is Passed
OpportunityManagement-2024-09-12 main INFO TC_Sanity_CRMopportunityFilter_OpportunityManagement:329 - Displayed Select Box is not red
OpportunityManagement-2024-09-12 main INFO TC_Sanity_CRMopportunityFilter_OpportunityManagement:320 - Select in is Passed
OpportunityManagement-2024-09-12 main INFO TC_Sanity_CRMopportunityFilter_OpportunityManagement:329 - Displayed Select Box is not red
OpportunityManagement-2024-09-12 main INFO TC_Sanity_CRMopportunityFilter_OpportunityManagement:368 - Click on Add Button is PASSED!!
OpportunityManagement-2024-09-12 main INFO TC_Sanity_CRMopportunityFilter_OpportunityManagement:377 - Selected One Account is PASSED!!
OpportunityManagement-2024-09-12 main INFO TC_Sanity_CRMopportunityFilter_OpportunityManagement:385 - Click on Save button PASSED!!
OpportunityManagement-2024-09-12 main INFO TC_Sanity_CRMopportunityFilter_OpportunityManagement:394 - Displayed Input Box is not red
OpportunityManagement-2024-09-12 main INFO TC_Sanity_CRMopportunityFilter_OpportunityManagement:320 - Select not in is Passed
OpportunityManagement-2024-09-12 main INFO TC_Sanity_CRMopportunityFilter_OpportunityManagement:329 - Displayed Select Box is not red
OpportunityManagement-2024-09-12 main INFO TC_Sanity_CRMopportunityFilter_OpportunityManagement:368 - Click on Add Button is PASSED!!
OpportunityManagement-2024-09-12 main INFO TC_Sanity_CRMopportunityFilter_OpportunityManagement:377 - Selected One Account is PASSED!!
OpportunityManagement-2024-09-12 main INFO TC_Sanity_CRMopportunityFilter_OpportunityManagement:385 - Click on Save button PASSED!!
OpportunityManagement-2024-09-12 main INFO TC_Sanity_CRMopportunityFilter_OpportunityManagement:394 - Displayed Input Box is not red
OpportunityManagement-2024-09-12 main INFO TC_Sanity_CRMopportunityFilter_OpportunityManagement:405 - //======================================= DRAG&DROP AMOUNT ATTRIBUTE ==================================//
OpportunityManagement-2024-09-12 main INFO TC_Sanity_CRMopportunityFilter_OpportunityManagement:409 - Drag and Drop Amount is Passed
OpportunityManagement-2024-09-12 main INFO TC_Sanity_CRMopportunityFilter_OpportunityManagement:420 - Click on DropDown Amount is Passed
OpportunityManagement-2024-09-12 main INFO TC_Sanity_CRMopportunityFilter_OpportunityManagement:434 - Select is empty is Passed
OpportunityManagement-2024-09-12 main INFO TC_Sanity_CRMopportunityFilter_OpportunityManagement:443 - Displayed Select Box is not red
OpportunityManagement-2024-09-12 main INFO TC_Sanity_CRMopportunityFilter_OpportunityManagement:434 - Select is not empty is Passed
OpportunityManagement-2024-09-12 main INFO TC_Sanity_CRMopportunityFilter_OpportunityManagement:443 - Displayed Select Box is not red
OpportunityManagement-2024-09-12 main INFO TC_Sanity_CRMopportunityFilter_OpportunityManagement:434 - Select in is Passed
OpportunityManagement-2024-09-12 main INFO TC_Sanity_CRMopportunityFilter_OpportunityManagement:443 - Displayed Select Box is not red
OpportunityManagement-2024-09-12 main INFO TC_Sanity_CRMopportunityFilter_OpportunityManagement:459 - Click on Add Button is PASSED!!
OpportunityManagement-2024-09-12 main INFO TC_Sanity_CRMopportunityFilter_OpportunityManagement:468 - Enter free text Longitude is PASSED!!
OpportunityManagement-2024-09-12 main INFO TC_Sanity_CRMopportunityFilter_OpportunityManagement:476 - Click on Save button is PASSED!!
OpportunityManagement-2024-09-12 main INFO TC_Sanity_CRMopportunityFilter_OpportunityManagement:485 - Dispalyed Input Box is not red
OpportunityManagement-2024-09-12 main INFO TC_Sanity_CRMopportunityFilter_OpportunityManagement:434 - Select not in is Passed
OpportunityManagement-2024-09-12 main INFO TC_Sanity_CRMopportunityFilter_OpportunityManagement:443 - Displayed Select Box is not red
OpportunityManagement-2024-09-12 main INFO TC_Sanity_CRMopportunityFilter_OpportunityManagement:459 - Click on Add Button is PASSED!!
OpportunityManagement-2024-09-12 main INFO TC_Sanity_CRMopportunityFilter_OpportunityManagement:468 - Enter free text Longitude is PASSED!!
OpportunityManagement-2024-09-12 main INFO TC_Sanity_CRMopportunityFilter_OpportunityManagement:476 - Click on Save button is PASSED!!
OpportunityManagement-2024-09-12 main INFO TC_Sanity_CRMopportunityFilter_OpportunityManagement:485 - Dispalyed Input Box is not red
OpportunityManagement-2024-09-12 main INFO TC_Sanity_CRMopportunityFilter_OpportunityManagement:434 - Select is greater than is Passed
OpportunityManagement-2024-09-12 main INFO TC_Sanity_CRMopportunityFilter_OpportunityManagement:443 - Displayed Select Box is not red
OpportunityManagement-2024-09-12 main INFO TC_Sanity_CRMopportunityFilter_OpportunityManagement:500 - Input on Amount is PASSED!!
OpportunityManagement-2024-09-12 main INFO TC_Sanity_CRMopportunityFilter_OpportunityManagement:509 - Dispalyed Input Box is not red
OpportunityManagement-2024-09-12 main INFO TC_Sanity_CRMopportunityFilter_OpportunityManagement:434 - Select is smaller than is Passed
OpportunityManagement-2024-09-12 main INFO TC_Sanity_CRMopportunityFilter_OpportunityManagement:443 - Displayed Select Box is not red
OpportunityManagement-2024-09-12 main INFO TC_Sanity_CRMopportunityFilter_OpportunityManagement:500 - Input on Amount is PASSED!!
OpportunityManagement-2024-09-12 main INFO TC_Sanity_CRMopportunityFilter_OpportunityManagement:509 - Dispalyed Input Box is not red
OpportunityManagement-2024-09-12 main INFO TC_Sanity_CRMopportunityFilter_OpportunityManagement:434 - Select between is Passed
OpportunityManagement-2024-09-12 main INFO TC_Sanity_CRMopportunityFilter_OpportunityManagement:443 - Displayed Select Box is not red
OpportunityManagement-2024-09-12 main INFO TC_Sanity_CRMopportunityFilter_OpportunityManagement:523 - Amount Input Box For Between Box1 is PASSED!!
OpportunityManagement-2024-09-12 main INFO TC_Sanity_CRMopportunityFilter_OpportunityManagement:532 - Dispalyed Input Box1 is not red
OpportunityManagement-2024-09-12 main INFO TC_Sanity_CRMopportunityFilter_OpportunityManagement:543 - Amount Input Box For Between Box2 is PASSED!!
OpportunityManagement-2024-09-12 main INFO TC_Sanity_CRMopportunityFilter_OpportunityManagement:552 - Dispalyed Input Box2 is not red
OpportunityManagement-2024-09-12 main INFO TC_Sanity_CRMopportunityFilter_OpportunityManagement:434 - Select is at least is Passed
OpportunityManagement-2024-09-12 main INFO TC_Sanity_CRMopportunityFilter_OpportunityManagement:443 - Displayed Select Box is not red
OpportunityManagement-2024-09-12 main INFO TC_Sanity_CRMopportunityFilter_OpportunityManagement:500 - Input on Amount is PASSED!!
OpportunityManagement-2024-09-12 main INFO TC_Sanity_CRMopportunityFilter_OpportunityManagement:509 - Dispalyed Input Box is not red
OpportunityManagement-2024-09-12 main INFO TC_Sanity_CRMopportunityFilter_OpportunityManagement:434 - Select is at most is Passed
OpportunityManagement-2024-09-12 main INFO TC_Sanity_CRMopportunityFilter_OpportunityManagement:443 - Displayed Select Box is not red
OpportunityManagement-2024-09-12 main INFO TC_Sanity_CRMopportunityFilter_OpportunityManagement:500 - Input on Amount is PASSED!!
OpportunityManagement-2024-09-12 main INFO TC_Sanity_CRMopportunityFilter_OpportunityManagement:509 - Dispalyed Input Box is not red
OpportunityManagement-2024-09-12 main INFO TC_Sanity_CRMopportunityFilter_OpportunityManagement:564 - //======================================== DRAG&DROP CREATED DATE ATTRIBUTE ==================================//
OpportunityManagement-2024-09-12 main INFO TC_Sanity_CRMopportunityFilter_OpportunityManagement:568 - Drag and Drop Created Date is PASSED!!
OpportunityManagement-2024-09-12 main INFO TC_Sanity_CRMopportunityFilter_OpportunityManagement:579 - Click on DropDown CreateDateFirstBox is Passed
OpportunityManagement-2024-09-12 main INFO TC_Sanity_CRMopportunityFilter_OpportunityManagement:594 - Select before is Passed
OpportunityManagement-2024-09-12 main INFO TC_Sanity_CRMopportunityFilter_OpportunityManagement:603 - Dispalyed Select Box is not red
OpportunityManagement-2024-09-12 main INFO TC_Sanity_CRMopportunityFilter_OpportunityManagement:616 - Click On Calendar CreatedDate Button is PASSED!!
OpportunityManagement-2024-09-12 main INFO TC_Sanity_CRMopportunityFilter_OpportunityManagement:625 - Click On Date is Passed
OpportunityManagement-2024-09-12 main INFO TC_Sanity_CRMopportunityFilter_OpportunityManagement:634 - Dispalyed Input Box is not red
OpportunityManagement-2024-09-12 main INFO TC_Sanity_CRMopportunityFilter_OpportunityManagement:594 - Select after is Passed
OpportunityManagement-2024-09-12 main INFO TC_Sanity_CRMopportunityFilter_OpportunityManagement:603 - Dispalyed Select Box is not red
OpportunityManagement-2024-09-12 main INFO TC_Sanity_CRMopportunityFilter_OpportunityManagement:616 - Click On Calendar CreatedDate Button is PASSED!!
OpportunityManagement-2024-09-12 main INFO TC_Sanity_CRMopportunityFilter_OpportunityManagement:625 - Click On Date is Passed
OpportunityManagement-2024-09-12 main INFO TC_Sanity_CRMopportunityFilter_OpportunityManagement:634 - Dispalyed Input Box is not red
OpportunityManagement-2024-09-12 main INFO TC_Sanity_CRMopportunityFilter_OpportunityManagement:594 - Select on or before is Passed
OpportunityManagement-2024-09-12 main INFO TC_Sanity_CRMopportunityFilter_OpportunityManagement:603 - Dispalyed Select Box is not red
OpportunityManagement-2024-09-12 main INFO TC_Sanity_CRMopportunityFilter_OpportunityManagement:616 - Click On Calendar CreatedDate Button is PASSED!!
OpportunityManagement-2024-09-12 main INFO TC_Sanity_CRMopportunityFilter_OpportunityManagement:625 - Click On Date is Passed
OpportunityManagement-2024-09-12 main INFO TC_Sanity_CRMopportunityFilter_OpportunityManagement:634 - Dispalyed Input Box is not red
OpportunityManagement-2024-09-12 main INFO TC_Sanity_CRMopportunityFilter_OpportunityManagement:594 - Select on or after is Passed
OpportunityManagement-2024-09-12 main INFO TC_Sanity_CRMopportunityFilter_OpportunityManagement:603 - Dispalyed Select Box is not red
OpportunityManagement-2024-09-12 main INFO TC_Sanity_CRMopportunityFilter_OpportunityManagement:616 - Click On Calendar CreatedDate Button is PASSED!!
OpportunityManagement-2024-09-12 main INFO TC_Sanity_CRMopportunityFilter_OpportunityManagement:625 - Click On Date is Passed
OpportunityManagement-2024-09-12 main INFO TC_Sanity_CRMopportunityFilter_OpportunityManagement:634 - Dispalyed Input Box is not red
OpportunityManagement-2024-09-12 main INFO TC_Sanity_CRMopportunityFilter_OpportunityManagement:594 - Select in past is Passed
OpportunityManagement-2024-09-12 main INFO TC_Sanity_CRMopportunityFilter_OpportunityManagement:603 - Dispalyed Select Box is not red
OpportunityManagement-2024-09-12 main INFO TC_Sanity_CRMopportunityFilter_OpportunityManagement:648 - CreatedDate Input Box For Box2 is Passed
OpportunityManagement-2024-09-12 main INFO TC_Sanity_CRMopportunityFilter_OpportunityManagement:657 - Dispalyed Input Box is not red
OpportunityManagement-2024-09-12 main INFO TC_Sanity_CRMopportunityFilter_OpportunityManagement:667 - Click on DropDown CreateDate2forInPast is Passed
OpportunityManagement-2024-09-12 main INFO TC_Sanity_CRMopportunityFilter_OpportunityManagement:684 - Select Hours is Passed
OpportunityManagement-2024-09-12 main INFO TC_Sanity_CRMopportunityFilter_OpportunityManagement:693 - Dispalyed Select Box is not red
OpportunityManagement-2024-09-12 main INFO TC_Sanity_CRMopportunityFilter_OpportunityManagement:684 - Select Days is Passed
OpportunityManagement-2024-09-12 main INFO TC_Sanity_CRMopportunityFilter_OpportunityManagement:693 - Dispalyed Select Box is not red
OpportunityManagement-2024-09-12 main INFO TC_Sanity_CRMopportunityFilter_OpportunityManagement:684 - Select Weeks is Passed
OpportunityManagement-2024-09-12 main INFO TC_Sanity_CRMopportunityFilter_OpportunityManagement:693 - Dispalyed Select Box is not red
OpportunityManagement-2024-09-12 main INFO TC_Sanity_CRMopportunityFilter_OpportunityManagement:594 - Select in past before is Passed
OpportunityManagement-2024-09-12 main INFO TC_Sanity_CRMopportunityFilter_OpportunityManagement:603 - Dispalyed Select Box is not red
OpportunityManagement-2024-09-12 main INFO TC_Sanity_CRMopportunityFilter_OpportunityManagement:648 - CreatedDate Input Box For Box2 is Passed
OpportunityManagement-2024-09-12 main INFO TC_Sanity_CRMopportunityFilter_OpportunityManagement:657 - Dispalyed Input Box is not red
OpportunityManagement-2024-09-12 main INFO TC_Sanity_CRMopportunityFilter_OpportunityManagement:667 - Click on DropDown CreateDate2forInPast is Passed
OpportunityManagement-2024-09-12 main INFO TC_Sanity_CRMopportunityFilter_OpportunityManagement:684 - Select Hours is Passed
OpportunityManagement-2024-09-12 main INFO TC_Sanity_CRMopportunityFilter_OpportunityManagement:693 - Dispalyed Select Box is not red
OpportunityManagement-2024-09-12 main INFO TC_Sanity_CRMopportunityFilter_OpportunityManagement:684 - Select Days is Passed
OpportunityManagement-2024-09-12 main INFO TC_Sanity_CRMopportunityFilter_OpportunityManagement:693 - Dispalyed Select Box is not red
OpportunityManagement-2024-09-12 main INFO TC_Sanity_CRMopportunityFilter_OpportunityManagement:684 - Select Weeks is Passed
OpportunityManagement-2024-09-12 main INFO TC_Sanity_CRMopportunityFilter_OpportunityManagement:693 - Dispalyed Select Box is not red
OpportunityManagement-2024-09-12 main INFO TC_Sanity_CRMopportunityFilter_OpportunityManagement:594 - Select in future is Passed
OpportunityManagement-2024-09-12 main INFO TC_Sanity_CRMopportunityFilter_OpportunityManagement:603 - Dispalyed Select Box is not red
OpportunityManagement-2024-09-12 main INFO TC_Sanity_CRMopportunityFilter_OpportunityManagement:648 - CreatedDate Input Box For Box2 is Passed
OpportunityManagement-2024-09-12 main INFO TC_Sanity_CRMopportunityFilter_OpportunityManagement:657 - Dispalyed Input Box is not red
OpportunityManagement-2024-09-12 main INFO TC_Sanity_CRMopportunityFilter_OpportunityManagement:667 - Click on DropDown CreateDate2forInPast is Passed
OpportunityManagement-2024-09-12 main INFO TC_Sanity_CRMopportunityFilter_OpportunityManagement:684 - Select Hours is Passed
OpportunityManagement-2024-09-12 main INFO TC_Sanity_CRMopportunityFilter_OpportunityManagement:693 - Dispalyed Select Box is not red
OpportunityManagement-2024-09-12 main INFO TC_Sanity_CRMopportunityFilter_OpportunityManagement:684 - Select Days is Passed
OpportunityManagement-2024-09-12 main INFO TC_Sanity_CRMopportunityFilter_OpportunityManagement:693 - Dispalyed Select Box is not red
OpportunityManagement-2024-09-12 main INFO TC_Sanity_CRMopportunityFilter_OpportunityManagement:684 - Select Weeks is Passed
OpportunityManagement-2024-09-12 main INFO TC_Sanity_CRMopportunityFilter_OpportunityManagement:693 - Dispalyed Select Box is not red
OpportunityManagement-2024-09-12 main INFO TC_Sanity_CRMopportunityFilter_OpportunityManagement:594 - Select in future after is Passed
OpportunityManagement-2024-09-12 main INFO TC_Sanity_CRMopportunityFilter_OpportunityManagement:603 - Dispalyed Select Box is not red
OpportunityManagement-2024-09-12 main INFO TC_Sanity_CRMopportunityFilter_OpportunityManagement:648 - CreatedDate Input Box For Box2 is Passed
OpportunityManagement-2024-09-12 main INFO TC_Sanity_CRMopportunityFilter_OpportunityManagement:657 - Dispalyed Input Box is not red
OpportunityManagement-2024-09-12 main INFO TC_Sanity_CRMopportunityFilter_OpportunityManagement:667 - Click on DropDown CreateDate2forInPast is Passed
OpportunityManagement-2024-09-12 main INFO TC_Sanity_CRMopportunityFilter_OpportunityManagement:684 - Select Hours is Passed
OpportunityManagement-2024-09-12 main INFO TC_Sanity_CRMopportunityFilter_OpportunityManagement:693 - Dispalyed Select Box is not red
OpportunityManagement-2024-09-12 main INFO TC_Sanity_CRMopportunityFilter_OpportunityManagement:684 - Select Days is Passed
OpportunityManagement-2024-09-12 main INFO TC_Sanity_CRMopportunityFilter_OpportunityManagement:693 - Dispalyed Select Box is not red
OpportunityManagement-2024-09-12 main INFO TC_Sanity_CRMopportunityFilter_OpportunityManagement:684 - Select Weeks is Passed
OpportunityManagement-2024-09-12 main INFO TC_Sanity_CRMopportunityFilter_OpportunityManagement:693 - Dispalyed Select Box is not red
OpportunityManagement-2024-09-12 main INFO TC_Sanity_CRMopportunityFilter_OpportunityManagement:594 - Select between is Passed
OpportunityManagement-2024-09-12 main INFO TC_Sanity_CRMopportunityFilter_OpportunityManagement:603 - Dispalyed Select Box is not red
OpportunityManagement-2024-09-12 main INFO TC_Sanity_CRMopportunityFilter_OpportunityManagement:707 - Click On CreatedDate Calendar Button Box1 is PASSED!!
OpportunityManagement-2024-09-12 main INFO TC_Sanity_CRMopportunityFilter_OpportunityManagement:716 - Click On Date is Passed
OpportunityManagement-2024-09-12 main INFO TC_Sanity_CRMopportunityFilter_OpportunityManagement:725 - Dispalyed Input Box1 is not red
OpportunityManagement-2024-09-12 main INFO TC_Sanity_CRMopportunityFilter_OpportunityManagement:735 - Click On CreatedDate Calendar Button Box2 is PASSED!!
OpportunityManagement-2024-09-12 main INFO TC_Sanity_CRMopportunityFilter_OpportunityManagement:744 - Click On Date is Passed
OpportunityManagement-2024-09-12 main INFO TC_Sanity_CRMopportunityFilter_OpportunityManagement:753 - Dispalyed Input Box2 is not red
OpportunityManagement-2024-09-12 main INFO TC_Sanity_CRMopportunityFilter_OpportunityManagement:594 - Select in time frame is Passed
OpportunityManagement-2024-09-12 main INFO TC_Sanity_CRMopportunityFilter_OpportunityManagement:603 - Dispalyed Select Box is not red
OpportunityManagement-2024-09-12 main INFO TC_Sanity_CRMopportunityFilter_OpportunityManagement:768 - Click on DropDown CreateDate for InTimeFrame is Passed
OpportunityManagement-2024-09-12 main INFO TC_Sanity_CRMopportunityFilter_OpportunityManagement:785 - Select Today is Passed
OpportunityManagement-2024-09-12 main INFO TC_Sanity_CRMopportunityFilter_OpportunityManagement:794 - Dispalyed Select Box is not red
OpportunityManagement-2024-09-12 main INFO TC_Sanity_CRMopportunityFilter_OpportunityManagement:785 - Select Yesterday is Passed
OpportunityManagement-2024-09-12 main INFO TC_Sanity_CRMopportunityFilter_OpportunityManagement:794 - Dispalyed Select Box is not red
OpportunityManagement-2024-09-12 main INFO TC_Sanity_CRMopportunityFilter_OpportunityManagement:785 - Select This Week S S is Passed
OpportunityManagement-2024-09-12 main INFO TC_Sanity_CRMopportunityFilter_OpportunityManagement:794 - Dispalyed Select Box is not red
OpportunityManagement-2024-09-12 main INFO TC_Sanity_CRMopportunityFilter_OpportunityManagement:785 - Select This Week M F is Passed
OpportunityManagement-2024-09-12 main INFO TC_Sanity_CRMopportunityFilter_OpportunityManagement:794 - Dispalyed Select Box is not red
OpportunityManagement-2024-09-12 main INFO TC_Sanity_CRMopportunityFilter_OpportunityManagement:785 - Select Last Week S S is Passed
OpportunityManagement-2024-09-12 main INFO TC_Sanity_CRMopportunityFilter_OpportunityManagement:794 - Dispalyed Select Box is not red
OpportunityManagement-2024-09-12 main INFO TC_Sanity_CRMopportunityFilter_OpportunityManagement:785 - Select Last Week M F is Passed
OpportunityManagement-2024-09-12 main INFO TC_Sanity_CRMopportunityFilter_OpportunityManagement:794 - Dispalyed Select Box is not red
OpportunityManagement-2024-09-12 main INFO TC_Sanity_CRMopportunityFilter_OpportunityManagement:785 - Select This Month is Passed
OpportunityManagement-2024-09-12 main INFO TC_Sanity_CRMopportunityFilter_OpportunityManagement:794 - Dispalyed Select Box is not red
OpportunityManagement-2024-09-12 main INFO TC_Sanity_CRMopportunityFilter_OpportunityManagement:785 - Select Last Month is Passed
OpportunityManagement-2024-09-12 main INFO TC_Sanity_CRMopportunityFilter_OpportunityManagement:794 - Dispalyed Select Box is not red
OpportunityManagement-2024-09-12 main INFO TC_Sanity_CRMopportunityFilter_OpportunityManagement:785 - Select This Calendar Quarter is Passed
OpportunityManagement-2024-09-12 main INFO TC_Sanity_CRMopportunityFilter_OpportunityManagement:794 - Dispalyed Select Box is not red
OpportunityManagement-2024-09-12 main INFO TC_Sanity_CRMopportunityFilter_OpportunityManagement:785 - Select Last Calendar Quarter is Passed
OpportunityManagement-2024-09-12 main INFO TC_Sanity_CRMopportunityFilter_OpportunityManagement:794 - Dispalyed Select Box is not red
OpportunityManagement-2024-09-12 main INFO TC_Sanity_CRMopportunityFilter_OpportunityManagement:785 - Select This Calendar Year is Passed
OpportunityManagement-2024-09-12 main INFO TC_Sanity_CRMopportunityFilter_OpportunityManagement:794 - Dispalyed Select Box is not red
OpportunityManagement-2024-09-12 main INFO TC_Sanity_CRMopportunityFilter_OpportunityManagement:785 - Select Last Calendar Year is Passed
OpportunityManagement-2024-09-12 main INFO TC_Sanity_CRMopportunityFilter_OpportunityManagement:794 - Dispalyed Select Box is not red
OpportunityManagement-2024-09-12 main INFO TC_Sanity_CRMopportunityFilter_OpportunityManagement:594 - Select is is Passed
OpportunityManagement-2024-09-12 main INFO TC_Sanity_CRMopportunityFilter_OpportunityManagement:603 - Dispalyed Select Box is not red
OpportunityManagement-2024-09-12 main INFO TC_Sanity_CRMopportunityFilter_OpportunityManagement:616 - Click On Calendar CreatedDate Button is PASSED!!
OpportunityManagement-2024-09-12 main INFO TC_Sanity_CRMopportunityFilter_OpportunityManagement:625 - Click On Date is Passed
OpportunityManagement-2024-09-12 main INFO TC_Sanity_CRMopportunityFilter_OpportunityManagement:634 - Dispalyed Input Box is not red
OpportunityManagement-2024-09-12 main INFO TC_Sanity_CRMopportunityFilter_OpportunityManagement:594 - Select is today is Passed
OpportunityManagement-2024-09-12 main INFO TC_Sanity_CRMopportunityFilter_OpportunityManagement:603 - Dispalyed Select Box is not red
OpportunityManagement-2024-09-12 main INFO TC_Sanity_CRMopportunityFilter_OpportunityManagement:594 - Select is not is Passed
OpportunityManagement-2024-09-12 main INFO TC_Sanity_CRMopportunityFilter_OpportunityManagement:603 - Dispalyed Select Box is not red
OpportunityManagement-2024-09-12 main INFO TC_Sanity_CRMopportunityFilter_OpportunityManagement:616 - Click On Calendar CreatedDate Button is PASSED!!
OpportunityManagement-2024-09-12 main INFO TC_Sanity_CRMopportunityFilter_OpportunityManagement:625 - Click On Date is Passed
OpportunityManagement-2024-09-12 main INFO TC_Sanity_CRMopportunityFilter_OpportunityManagement:634 - Dispalyed Input Box is not red
OpportunityManagement-2024-09-12 main INFO TC_Sanity_CRMopportunityFilter_OpportunityManagement:594 - Select is empty is Passed
OpportunityManagement-2024-09-12 main INFO TC_Sanity_CRMopportunityFilter_OpportunityManagement:603 - Dispalyed Select Box is not red
OpportunityManagement-2024-09-12 main INFO TC_Sanity_CRMopportunityFilter_OpportunityManagement:594 - Select is not empty is Passed
OpportunityManagement-2024-09-12 main INFO TC_Sanity_CRMopportunityFilter_OpportunityManagement:603 - Dispalyed Select Box is not red
OpportunityManagement-2024-09-12 main INFO TC_Sanity_CRMopportunityFilter_OpportunityManagement:812 - //========================================= DRAG&DROP DELETED ATTRIBUTE===================================//
OpportunityManagement-2024-09-12 main INFO TC_Sanity_CRMopportunityFilter_OpportunityManagement:816 - Drag And Drop Deleted is Passed
OpportunityManagement-2024-09-12 main INFO TC_Sanity_CRMopportunityFilter_OpportunityManagement:827 - Click on DropDown Deletedbox1 is Passed
OpportunityManagement-2024-09-12 main INFO TC_Sanity_CRMopportunityFilter_OpportunityManagement:843 - Select is is Passed
OpportunityManagement-2024-09-12 main INFO TC_Sanity_CRMopportunityFilter_OpportunityManagement:852 - Displayed Select Box is not red
OpportunityManagement-2024-09-12 main INFO TC_Sanity_CRMopportunityFilter_OpportunityManagement:864 - Click on DropDown Deletedbox2 is Passed
OpportunityManagement-2024-09-12 main INFO TC_Sanity_CRMopportunityFilter_OpportunityManagement:880 - Select True is Passed
OpportunityManagement-2024-09-12 main INFO TC_Sanity_CRMopportunityFilter_OpportunityManagement:889 - Displayed Select Box2 is not red
OpportunityManagement-2024-09-12 main INFO TC_Sanity_CRMopportunityFilter_OpportunityManagement:880 - Select False is Passed
OpportunityManagement-2024-09-12 main INFO TC_Sanity_CRMopportunityFilter_OpportunityManagement:889 - Displayed Select Box2 is not red
OpportunityManagement-2024-09-12 main INFO TC_Sanity_CRMopportunityFilter_OpportunityManagement:843 - Select is not is Passed
OpportunityManagement-2024-09-12 main INFO TC_Sanity_CRMopportunityFilter_OpportunityManagement:852 - Displayed Select Box is not red
OpportunityManagement-2024-09-12 main INFO TC_Sanity_CRMopportunityFilter_OpportunityManagement:864 - Click on DropDown Deletedbox2 is Passed
OpportunityManagement-2024-09-12 main INFO TC_Sanity_CRMopportunityFilter_OpportunityManagement:880 - Select True is Passed
OpportunityManagement-2024-09-12 main INFO TC_Sanity_CRMopportunityFilter_OpportunityManagement:889 - Displayed Select Box2 is not red
OpportunityManagement-2024-09-12 main INFO TC_Sanity_CRMopportunityFilter_OpportunityManagement:880 - Select False is Passed
OpportunityManagement-2024-09-12 main INFO TC_Sanity_CRMopportunityFilter_OpportunityManagement:889 - Displayed Select Box2 is not red
OpportunityManagement-2024-09-12 main INFO TC_Sanity_CRMopportunityFilter_OpportunityManagement:900 - *********************** Search Box and refresh Button Operation **************************
OpportunityManagement-2024-09-12 main INFO TC_Sanity_CRMopportunityFilter_OpportunityManagement:905 - Get Text from first drag and drop box is Passed
OpportunityManagement-2024-09-12 main INFO TC_Sanity_CRMopportunityFilter_OpportunityManagement:914 - Enter Text in search box is Passed
OpportunityManagement-2024-09-12 main INFO TC_Sanity_CRMopportunityFilter_OpportunityManagement:921 - Get Text: 'Opportunity ID'
OpportunityManagement-2024-09-12 main INFO TC_Sanity_CRMopportunityFilter_OpportunityManagement:922 - Upper case: 'OPPORTUNITY ID'
OpportunityManagement-2024-09-12 main INFO TC_Sanity_CRMopportunityFilter_OpportunityManagement:927 - Displayed text in toolist, which is entered in search box is Passed
OpportunityManagement-2024-09-12 main INFO TC_Sanity_CRMopportunityFilter_OpportunityManagement:936 - Click On Close Button is Passed
OpportunityManagement-2024-09-12 main INFO TC_Sanity_CRMopportunityFilter_OpportunityManagement:945 - Click On Refresh Button is Passed
OpportunityManagement-2024-09-12 main INFO TC_Sanity_CRMopportunityFilter_OpportunityManagement:954 - Click on OpportunityAttribute is Passed
OpportunityManagement-2024-09-12 main INFO TC_Sanity_CRMopportunityFilter_OpportunityManagement:964 - Click on DefaultFilter Button is Passed
OpportunityManagement-2024-09-12 main INFO TC_Sanity_CRMopportunityFilter_OpportunityManagement:973 - Select Custom FilterOption is Passed
OpportunityManagement-2024-09-12 main INFO TC_Sanity_CRMopportunityFilter_OpportunityManagement:982 - Input For CutomFilter Wait Filter is Passed
OpportunityManagement-2024-09-12 main INFO TC_Sanity_CRMopportunityFilter_OpportunityManagement:991 - Click on CollapseAll is Passed
OpportunityManagement-2024-09-12 main INFO TC_Sanity_CRMopportunityFilter_OpportunityManagement:1000 - Click on ExpandAll is Passed
OpportunityManagement-2024-09-12 main INFO TC_Sanity_CRMopportunityFilter_OpportunityManagement:1007 - //================================================ENTERING DETAILS PAGE===============================================
OpportunityManagement-2024-09-12 main INFO TC_Sanity_CRMopportunityFilter_OpportunityManagement:1011 - Click on Details Button is Passed!!!
OpportunityManagement-2024-09-12 main INFO TC_Sanity_CRMopportunityFilter_OpportunityManagement:1019 - Click On Description Edit button is Passed
OpportunityManagement-2024-09-12 main INFO TC_Sanity_CRMopportunityFilter_OpportunityManagement:1022 - Enter Decription is Passed
OpportunityManagement-2024-09-12 main INFO TC_Sanity_CRMopportunityFilter_OpportunityManagement:1025 - Click On Description Save button is Passed
OpportunityManagement-2024-09-12 main INFO TC_Sanity_CRMopportunityFilter_OpportunityManagement:1029 - Click On Copy Button is PASSED!!
OpportunityManagement-2024-09-12 main INFO TC_Sanity_CRMopportunityFilter_OpportunityManagement:1038 - Displayed Copied Success Message is PASSED!!
OpportunityManagement-2024-09-12 main INFO TC_Sanity_CRMopportunityFilter_OpportunityManagement:1047 - ==================================== Approve ==================================
OpportunityManagement-2024-09-12 main INFO TC_Sanity_CRMopportunityFilter_OpportunityManagement:1051 - Click On draftbox is PASSED!
OpportunityManagement-2024-09-12 main INFO TC_Sanity_CRMopportunityFilter_OpportunityManagement:1059 - Click on Approve Button After EDIT is passed
OpportunityManagement-2024-09-12 main INFO TC_Sanity_CRMopportunityFilter_OpportunityManagement:1062 - Click Again Approve button is passed
OpportunityManagement-2024-09-12 main INFO TC_Sanity_CRMopportunityFilter_OpportunityManagement:1066 - Display Approved button is PASSED!
OpportunityManagement-2024-09-12 main INFO TC_Sanity_CRMopportunityFilter_OpportunityManagement:1073 - //========================================Delete Craft scenario=======================================
OpportunityManagement-2024-09-12 main INFO TC_Sanity_CRMopportunityFilter_OpportunityManagement:1077 - RightClick On AutoTestObject is PASSED!!
OpportunityManagement-2024-09-12 main INFO TC_Sanity_CRMopportunityFilter_OpportunityManagement:1086 - Click On Edit AutoTestObject is PASSED!!!
OpportunityManagement-2024-09-12 main INFO TC_Sanity_CRMopportunityFilter_OpportunityManagement:1095 - Click On DeleteCraft buton is PASSED!!!
OpportunityManagement-2024-09-12 main INFO TC_Sanity_CRMopportunityFilter_OpportunityManagement:1105 - Dispalying Verified Sign is PASSED!!!
OpportunityManagement-2024-09-12 main INFO TC_Sanity_CRMopportunityFilter_OpportunityManagement:1113 - //==================================== OverView Page Opeartion  ==================================
OpportunityManagement-2024-09-12 main INFO TC_Sanity_CRMopportunityFilter_OpportunityManagement:1117 - Click On CRMOpportunityFilterFilter Feature is Passed
OpportunityManagement-2024-09-12 main INFO TC_Sanity_CRMopportunityFilter_OpportunityManagement:1126 - Display CRMOpportunityFilterFilter OverView Page is Passed
OpportunityManagement-2024-09-12 main INFO TC_Sanity_CRMopportunityFilter_OpportunityManagement:1135 - ***************** Column Header Check Box Operation ******************
OpportunityManagement-2024-09-12 main INFO TC_Sanity_CRMopportunityFilter_OpportunityManagement:1136 - Displayed Column Header Checkbox Is Not Disabled 
OpportunityManagement-2024-09-12 main INFO TC_Sanity_CRMopportunityFilter_OpportunityManagement:1141 - Click On ColumnHeader CheckBox is Passed
OpportunityManagement-2024-09-12 main INFO TC_Sanity_CRMopportunityFilter_OpportunityManagement:1150 - Displayed ColumnHeader CheckBox Is Checked is Passed
OpportunityManagement-2024-09-12 main INFO TC_Sanity_CRMopportunityFilter_OpportunityManagement:1161 - Displayed AutTestObject CheckBox Is Checked is Passed
OpportunityManagement-2024-09-12 main INFO TC_Sanity_CRMopportunityFilter_OpportunityManagement:1174 - Displayed Delete Button is Enabled is Passed
OpportunityManagement-2024-09-12 main INFO TC_Sanity_CRMopportunityFilter_OpportunityManagement:1184 - Uncheck the ColumnHeader CheckBox is Passed
OpportunityManagement-2024-09-12 main INFO TC_Sanity_CRMopportunityFilter_OpportunityManagement:1194 - Displayed AutTestObject CheckBox Is Not Checked is Passed
OpportunityManagement-2024-09-12 main INFO TC_Sanity_CRMopportunityFilter_OpportunityManagement:1207 - Displayed Delete Button is Disable is Passed
OpportunityManagement-2024-09-12 main INFO TC_Sanity_CRMopportunityFilter_OpportunityManagement:1214 - ********************** Filter Operation *************************
OpportunityManagement-2024-09-12 main INFO TC_Sanity_CRMopportunityFilter_OpportunityManagement:1218 - Enter Text In FilterBox is Passed
OpportunityManagement-2024-09-12 main INFO TC_Sanity_CRMopportunityFilter_OpportunityManagement:1227 - Displayed AutoTestObject is Passed
OpportunityManagement-2024-09-12 main INFO TC_Sanity_CRMopportunityFilter_OpportunityManagement:1236 - Displayed AutoTestObject CheckBox
OpportunityManagement-2024-09-12 main INFO TC_Sanity_CRMopportunityFilter_OpportunityManagement:1239 - Displayed AutoTestObject Is Not Used is Passed
OpportunityManagement-2024-09-12 main INFO TC_Sanity_CRMopportunityFilter_OpportunityManagement:1261 - Clear Test From The FilterBox is Passed
OpportunityManagement-2024-09-12 main INFO TC_Sanity_CRMopportunityFilter_OpportunityManagement:1268 - ********************** Delete AutoTestObject Operation *************************
OpportunityManagement-2024-09-12 main INFO TC_Sanity_CRMopportunityFilter_OpportunityManagement:1272 - Click On AutTestObject CheckBox is Passed
OpportunityManagement-2024-09-12 main INFO TC_Sanity_CRMopportunityFilter_OpportunityManagement:1281 - Displayed AutTestObject CheckBox Is Checked is Passed
OpportunityManagement-2024-09-12 main INFO TC_Sanity_CRMopportunityFilter_OpportunityManagement:1291 - Click On Delete Button is Passed
OpportunityManagement-2024-09-12 main INFO TC_Sanity_CRMopportunityFilter_OpportunityManagement:1300 - Click Again Delete Button is Passed
OpportunityManagement-2024-09-12 main INFO TC_Sanity_CRMopportunityFilter_OpportunityManagement:1309 - Display Deleted success message is Passed
