OpportunityManagement-2024-09-12 main INFO BaseClass:124 - ======================================= INFORMATION ======================================
OpportunityManagement-2024-09-12 main INFO BaseClass:131 - Login Scenario Started for ADMIN-USER
OpportunityManagement-2024-09-12 main INFO BaseClass:132 - https://app.leadangel.com/index.html#/
OpportunityManagement-2024-09-12 main INFO BaseClass:133 - 1667
OpportunityManagement-2024-09-12 main INFO BaseClass:134 - ganesh@leadangel.com
OpportunityManagement-2024-09-12 main INFO BaseClass:136 - Entered ClientID
OpportunityManagement-2024-09-12 main INFO BaseClass:138 - Entered Email
OpportunityManagement-2024-09-12 main INFO BaseClass:140 - Entered Password
OpportunityManagement-2024-09-12 main INFO BaseClass:142 - Click on Submit
OpportunityManagement-2024-09-12 main INFO TC_Sanity_WaitFilter_OpportunityManagement:46 - Click on OpportunityManagement is Passed
OpportunityManagement-2024-09-12 main INFO TC_Sanity_WaitFilter_OpportunityManagement:54 - Right Click on Wait filter is Passed 
OpportunityManagement-2024-09-12 main INFO TC_Sanity_WaitFilter_OpportunityManagement:57 - Click on New Wait filter is Passed
OpportunityManagement-2024-09-12 main INFO TC_Sanity_WaitFilter_OpportunityManagement:61 - Enter AutoTestObject Name is PASSED!!
OpportunityManagement-2024-09-12 main INFO TC_Sanity_WaitFilter_OpportunityManagement:70 - Enter Description is Passed
OpportunityManagement-2024-09-12 main INFO TC_Sanity_WaitFilter_OpportunityManagement:78 - Click on Save Button is Passed
OpportunityManagement-2024-09-12 main INFO TC_Sanity_WaitFilter_OpportunityManagement:220 - Refreshing The Page!!
OpportunityManagement-2024-09-12 main INFO TC_Sanity_WaitFilter_OpportunityManagement:252 - Click on OpportunityAttribute is Passed
OpportunityManagement-2024-09-12 main INFO TC_Sanity_WaitFilter_OpportunityManagement:259 - //===================================== DRAG&DROP Opportunity ID ATTRIBUTE =====================================//
OpportunityManagement-2024-09-12 main INFO TC_Sanity_WaitFilter_OpportunityManagement:263 - Drag and Drop OpportunityID is Passed
OpportunityManagement-2024-09-12 main INFO TC_Sanity_WaitFilter_OpportunityManagement:272 - Click on DropDown OpportunityID is Passed
OpportunityManagement-2024-09-12 main INFO TC_Sanity_WaitFilter_OpportunityManagement:288 - Select contains is Passed
OpportunityManagement-2024-09-12 main INFO TC_Sanity_WaitFilter_OpportunityManagement:297 - Displayed Select Box is not red
OpportunityManagement-2024-09-12 main INFO TC_Sanity_WaitFilter_OpportunityManagement:310 - Input on OpportunityID is PASSED!!
OpportunityManagement-2024-09-12 main INFO TC_Sanity_WaitFilter_OpportunityManagement:319 - Displayed Input Box is not red
OpportunityManagement-2024-09-12 main INFO TC_Sanity_WaitFilter_OpportunityManagement:288 - Select does not contain is Passed
OpportunityManagement-2024-09-12 main INFO TC_Sanity_WaitFilter_OpportunityManagement:297 - Displayed Select Box is not red
OpportunityManagement-2024-09-12 main INFO TC_Sanity_WaitFilter_OpportunityManagement:310 - Input on OpportunityID is PASSED!!
OpportunityManagement-2024-09-12 main INFO TC_Sanity_WaitFilter_OpportunityManagement:319 - Displayed Input Box is not red
OpportunityManagement-2024-09-12 main INFO TC_Sanity_WaitFilter_OpportunityManagement:288 - Select starts with is Passed
OpportunityManagement-2024-09-12 main INFO TC_Sanity_WaitFilter_OpportunityManagement:297 - Displayed Select Box is not red
OpportunityManagement-2024-09-12 main INFO TC_Sanity_WaitFilter_OpportunityManagement:310 - Input on OpportunityID is PASSED!!
OpportunityManagement-2024-09-12 main INFO TC_Sanity_WaitFilter_OpportunityManagement:319 - Displayed Input Box is not red
OpportunityManagement-2024-09-12 main INFO TC_Sanity_WaitFilter_OpportunityManagement:288 - Select does not start with is Passed
OpportunityManagement-2024-09-12 main INFO TC_Sanity_WaitFilter_OpportunityManagement:297 - Displayed Select Box is not red
OpportunityManagement-2024-09-12 main INFO TC_Sanity_WaitFilter_OpportunityManagement:310 - Input on OpportunityID is PASSED!!
OpportunityManagement-2024-09-12 main INFO TC_Sanity_WaitFilter_OpportunityManagement:319 - Displayed Input Box is not red
OpportunityManagement-2024-09-12 main INFO TC_Sanity_WaitFilter_OpportunityManagement:288 - Select is empty is Passed
OpportunityManagement-2024-09-12 main INFO TC_Sanity_WaitFilter_OpportunityManagement:297 - Displayed Select Box is not red
OpportunityManagement-2024-09-12 main INFO TC_Sanity_WaitFilter_OpportunityManagement:288 - Select is not empty is Passed
OpportunityManagement-2024-09-12 main INFO TC_Sanity_WaitFilter_OpportunityManagement:297 - Displayed Select Box is not red
OpportunityManagement-2024-09-12 main INFO TC_Sanity_WaitFilter_OpportunityManagement:288 - Select in is Passed
OpportunityManagement-2024-09-12 main INFO TC_Sanity_WaitFilter_OpportunityManagement:297 - Displayed Select Box is not red
OpportunityManagement-2024-09-12 main INFO TC_Sanity_WaitFilter_OpportunityManagement:336 - Click on Add Button is PASSED!!
OpportunityManagement-2024-09-12 main INFO TC_Sanity_WaitFilter_OpportunityManagement:345 - Select One Account is PASSED!!
OpportunityManagement-2024-09-12 main INFO TC_Sanity_WaitFilter_OpportunityManagement:353 - Click on Save button is PASSED!!
OpportunityManagement-2024-09-12 main INFO TC_Sanity_WaitFilter_OpportunityManagement:362 - Displayed Input Box is not red
OpportunityManagement-2024-09-12 main INFO TC_Sanity_WaitFilter_OpportunityManagement:288 - Select not in is Passed
OpportunityManagement-2024-09-12 main INFO TC_Sanity_WaitFilter_OpportunityManagement:297 - Displayed Select Box is not red
OpportunityManagement-2024-09-12 main INFO TC_Sanity_WaitFilter_OpportunityManagement:336 - Click on Add Button is PASSED!!
OpportunityManagement-2024-09-12 main INFO TC_Sanity_WaitFilter_OpportunityManagement:345 - Select One Account is PASSED!!
OpportunityManagement-2024-09-12 main INFO TC_Sanity_WaitFilter_OpportunityManagement:353 - Click on Save button is PASSED!!
OpportunityManagement-2024-09-12 main INFO TC_Sanity_WaitFilter_OpportunityManagement:362 - Displayed Input Box is not red
OpportunityManagement-2024-09-12 main INFO TC_Sanity_WaitFilter_OpportunityManagement:373 - //======================================= DRAG&DROP AMOUNT ATTRIBUTE ==================================//
OpportunityManagement-2024-09-12 main INFO TC_Sanity_WaitFilter_OpportunityManagement:377 - Drag and Drop Amount is Passed
OpportunityManagement-2024-09-12 main INFO TC_Sanity_WaitFilter_OpportunityManagement:388 - Click on DropDown Amount is Passed
OpportunityManagement-2024-09-12 main INFO TC_Sanity_WaitFilter_OpportunityManagement:402 - Select is empty is Passed
OpportunityManagement-2024-09-12 main INFO TC_Sanity_WaitFilter_OpportunityManagement:411 - Displayed Select Box is not red
OpportunityManagement-2024-09-12 main INFO TC_Sanity_WaitFilter_OpportunityManagement:402 - Select is not empty is Passed
OpportunityManagement-2024-09-12 main INFO TC_Sanity_WaitFilter_OpportunityManagement:411 - Displayed Select Box is not red
OpportunityManagement-2024-09-12 main INFO TC_Sanity_WaitFilter_OpportunityManagement:402 - Select in is Passed
OpportunityManagement-2024-09-12 main INFO TC_Sanity_WaitFilter_OpportunityManagement:411 - Displayed Select Box is not red
OpportunityManagement-2024-09-12 main INFO TC_Sanity_WaitFilter_OpportunityManagement:427 - Click on Add Button is PASSED!!
OpportunityManagement-2024-09-12 main INFO TC_Sanity_WaitFilter_OpportunityManagement:435 - Select One Account is PASSED!!
OpportunityManagement-2024-09-12 main INFO TC_Sanity_WaitFilter_OpportunityManagement:443 - Click on Save button is PASSED!!
OpportunityManagement-2024-09-12 main INFO TC_Sanity_WaitFilter_OpportunityManagement:452 - Dispalyed Input Box is not red
OpportunityManagement-2024-09-12 main INFO TC_Sanity_WaitFilter_OpportunityManagement:402 - Select not in is Passed
OpportunityManagement-2024-09-12 main INFO TC_Sanity_WaitFilter_OpportunityManagement:411 - Displayed Select Box is not red
OpportunityManagement-2024-09-12 main INFO TC_Sanity_WaitFilter_OpportunityManagement:427 - Click on Add Button is PASSED!!
OpportunityManagement-2024-09-12 main INFO TC_Sanity_WaitFilter_OpportunityManagement:435 - Select One Account is PASSED!!
OpportunityManagement-2024-09-12 main INFO TC_Sanity_WaitFilter_OpportunityManagement:443 - Click on Save button is PASSED!!
OpportunityManagement-2024-09-12 main INFO TC_Sanity_WaitFilter_OpportunityManagement:452 - Dispalyed Input Box is not red
OpportunityManagement-2024-09-12 main INFO TC_Sanity_WaitFilter_OpportunityManagement:402 - Select is greater than is Passed
OpportunityManagement-2024-09-12 main INFO TC_Sanity_WaitFilter_OpportunityManagement:411 - Displayed Select Box is not red
OpportunityManagement-2024-09-12 main INFO TC_Sanity_WaitFilter_OpportunityManagement:467 - Input on Amount is PASSED!!
OpportunityManagement-2024-09-12 main INFO TC_Sanity_WaitFilter_OpportunityManagement:476 - Dispalyed Input Box is not red
OpportunityManagement-2024-09-12 main INFO TC_Sanity_WaitFilter_OpportunityManagement:402 - Select is smaller than is Passed
OpportunityManagement-2024-09-12 main INFO TC_Sanity_WaitFilter_OpportunityManagement:411 - Displayed Select Box is not red
OpportunityManagement-2024-09-12 main INFO TC_Sanity_WaitFilter_OpportunityManagement:467 - Input on Amount is PASSED!!
OpportunityManagement-2024-09-12 main INFO TC_Sanity_WaitFilter_OpportunityManagement:476 - Dispalyed Input Box is not red
OpportunityManagement-2024-09-12 main INFO TC_Sanity_WaitFilter_OpportunityManagement:402 - Select between is Passed
OpportunityManagement-2024-09-12 main INFO TC_Sanity_WaitFilter_OpportunityManagement:411 - Displayed Select Box is not red
OpportunityManagement-2024-09-12 main INFO TC_Sanity_WaitFilter_OpportunityManagement:490 - Amount Input Box For Between Box1 is PASSED!!
OpportunityManagement-2024-09-12 main INFO TC_Sanity_WaitFilter_OpportunityManagement:499 - Dispalyed Input Box1 is not red
OpportunityManagement-2024-09-12 main INFO TC_Sanity_WaitFilter_OpportunityManagement:510 - Amount Input Box For Between Box2 is PASSED!!
OpportunityManagement-2024-09-12 main INFO TC_Sanity_WaitFilter_OpportunityManagement:519 - Dispalyed Input Box2 is not red
OpportunityManagement-2024-09-12 main INFO TC_Sanity_WaitFilter_OpportunityManagement:402 - Select is at least is Passed
OpportunityManagement-2024-09-12 main INFO TC_Sanity_WaitFilter_OpportunityManagement:411 - Displayed Select Box is not red
OpportunityManagement-2024-09-12 main INFO TC_Sanity_WaitFilter_OpportunityManagement:467 - Input on Amount is PASSED!!
OpportunityManagement-2024-09-12 main INFO TC_Sanity_WaitFilter_OpportunityManagement:476 - Dispalyed Input Box is not red
OpportunityManagement-2024-09-12 main INFO TC_Sanity_WaitFilter_OpportunityManagement:402 - Select is at most is Passed
OpportunityManagement-2024-09-12 main INFO TC_Sanity_WaitFilter_OpportunityManagement:411 - Displayed Select Box is not red
OpportunityManagement-2024-09-12 main INFO TC_Sanity_WaitFilter_OpportunityManagement:467 - Input on Amount is PASSED!!
OpportunityManagement-2024-09-12 main INFO TC_Sanity_WaitFilter_OpportunityManagement:476 - Dispalyed Input Box is not red
OpportunityManagement-2024-09-12 main INFO TC_Sanity_WaitFilter_OpportunityManagement:531 - //======================================== DRAG&DROP CREATED DATE ATTRIBUTE ==================================//
OpportunityManagement-2024-09-12 main INFO TC_Sanity_WaitFilter_OpportunityManagement:535 - Drag and Drop Created Date is PASSED!!
OpportunityManagement-2024-09-12 main INFO TC_Sanity_WaitFilter_OpportunityManagement:546 - Click on DropDown CreateDateFirstBox is Passed
OpportunityManagement-2024-09-12 main INFO TC_Sanity_WaitFilter_OpportunityManagement:561 - Select before is Passed
OpportunityManagement-2024-09-12 main INFO TC_Sanity_WaitFilter_OpportunityManagement:570 - Dispalyed Select Box is not red
OpportunityManagement-2024-09-12 main INFO TC_Sanity_WaitFilter_OpportunityManagement:583 - Click On Calendar CreatedDate Button is PASSED!!
OpportunityManagement-2024-09-12 main INFO TC_Sanity_WaitFilter_OpportunityManagement:592 - Click On Date is Passed
OpportunityManagement-2024-09-12 main INFO TC_Sanity_WaitFilter_OpportunityManagement:601 - Dispalyed Input Box is not red
OpportunityManagement-2024-09-12 main INFO TC_Sanity_WaitFilter_OpportunityManagement:561 - Select after is Passed
OpportunityManagement-2024-09-12 main INFO TC_Sanity_WaitFilter_OpportunityManagement:570 - Dispalyed Select Box is not red
OpportunityManagement-2024-09-12 main INFO TC_Sanity_WaitFilter_OpportunityManagement:583 - Click On Calendar CreatedDate Button is PASSED!!
OpportunityManagement-2024-09-12 main INFO TC_Sanity_WaitFilter_OpportunityManagement:592 - Click On Date is Passed
OpportunityManagement-2024-09-12 main INFO TC_Sanity_WaitFilter_OpportunityManagement:601 - Dispalyed Input Box is not red
OpportunityManagement-2024-09-12 main INFO TC_Sanity_WaitFilter_OpportunityManagement:561 - Select on or before is Passed
OpportunityManagement-2024-09-12 main INFO TC_Sanity_WaitFilter_OpportunityManagement:570 - Dispalyed Select Box is not red
OpportunityManagement-2024-09-12 main INFO TC_Sanity_WaitFilter_OpportunityManagement:583 - Click On Calendar CreatedDate Button is PASSED!!
OpportunityManagement-2024-09-12 main INFO TC_Sanity_WaitFilter_OpportunityManagement:592 - Click On Date is Passed
OpportunityManagement-2024-09-12 main INFO TC_Sanity_WaitFilter_OpportunityManagement:601 - Dispalyed Input Box is not red
OpportunityManagement-2024-09-12 main INFO TC_Sanity_WaitFilter_OpportunityManagement:561 - Select on or after is Passed
OpportunityManagement-2024-09-12 main INFO TC_Sanity_WaitFilter_OpportunityManagement:570 - Dispalyed Select Box is not red
OpportunityManagement-2024-09-12 main INFO TC_Sanity_WaitFilter_OpportunityManagement:583 - Click On Calendar CreatedDate Button is PASSED!!
OpportunityManagement-2024-09-12 main INFO TC_Sanity_WaitFilter_OpportunityManagement:592 - Click On Date is Passed
OpportunityManagement-2024-09-12 main INFO TC_Sanity_WaitFilter_OpportunityManagement:601 - Dispalyed Input Box is not red
OpportunityManagement-2024-09-12 main INFO TC_Sanity_WaitFilter_OpportunityManagement:561 - Select in past is Passed
OpportunityManagement-2024-09-12 main INFO TC_Sanity_WaitFilter_OpportunityManagement:570 - Dispalyed Select Box is not red
OpportunityManagement-2024-09-12 main INFO TC_Sanity_WaitFilter_OpportunityManagement:615 - CreatedDate Input Box For Box2 is Passed
OpportunityManagement-2024-09-12 main INFO TC_Sanity_WaitFilter_OpportunityManagement:624 - Dispalyed Input Box is not red
OpportunityManagement-2024-09-12 main INFO TC_Sanity_WaitFilter_OpportunityManagement:634 - Click on DropDown CreateDate2forInPast is Passed
OpportunityManagement-2024-09-12 main INFO TC_Sanity_WaitFilter_OpportunityManagement:651 - Select Hours is Passed
OpportunityManagement-2024-09-12 main INFO TC_Sanity_WaitFilter_OpportunityManagement:660 - Dispalyed Select Box is not red
OpportunityManagement-2024-09-12 main INFO TC_Sanity_WaitFilter_OpportunityManagement:651 - Select Days is Passed
OpportunityManagement-2024-09-12 main INFO TC_Sanity_WaitFilter_OpportunityManagement:660 - Dispalyed Select Box is not red
OpportunityManagement-2024-09-12 main INFO TC_Sanity_WaitFilter_OpportunityManagement:651 - Select Weeks is Passed
OpportunityManagement-2024-09-12 main INFO TC_Sanity_WaitFilter_OpportunityManagement:660 - Dispalyed Select Box is not red
OpportunityManagement-2024-09-12 main INFO TC_Sanity_WaitFilter_OpportunityManagement:561 - Select in past before is Passed
OpportunityManagement-2024-09-12 main INFO TC_Sanity_WaitFilter_OpportunityManagement:570 - Dispalyed Select Box is not red
OpportunityManagement-2024-09-12 main INFO TC_Sanity_WaitFilter_OpportunityManagement:615 - CreatedDate Input Box For Box2 is Passed
OpportunityManagement-2024-09-12 main INFO TC_Sanity_WaitFilter_OpportunityManagement:624 - Dispalyed Input Box is not red
OpportunityManagement-2024-09-12 main INFO TC_Sanity_WaitFilter_OpportunityManagement:634 - Click on DropDown CreateDate2forInPast is Passed
OpportunityManagement-2024-09-12 main INFO TC_Sanity_WaitFilter_OpportunityManagement:651 - Select Hours is Passed
OpportunityManagement-2024-09-12 main INFO TC_Sanity_WaitFilter_OpportunityManagement:660 - Dispalyed Select Box is not red
OpportunityManagement-2024-09-12 main INFO TC_Sanity_WaitFilter_OpportunityManagement:651 - Select Days is Passed
OpportunityManagement-2024-09-12 main INFO TC_Sanity_WaitFilter_OpportunityManagement:660 - Dispalyed Select Box is not red
OpportunityManagement-2024-09-12 main INFO TC_Sanity_WaitFilter_OpportunityManagement:651 - Select Weeks is Passed
OpportunityManagement-2024-09-12 main INFO TC_Sanity_WaitFilter_OpportunityManagement:660 - Dispalyed Select Box is not red
OpportunityManagement-2024-09-12 main INFO TC_Sanity_WaitFilter_OpportunityManagement:561 - Select in future is Passed
OpportunityManagement-2024-09-12 main INFO TC_Sanity_WaitFilter_OpportunityManagement:570 - Dispalyed Select Box is not red
OpportunityManagement-2024-09-12 main INFO TC_Sanity_WaitFilter_OpportunityManagement:615 - CreatedDate Input Box For Box2 is Passed
OpportunityManagement-2024-09-12 main INFO TC_Sanity_WaitFilter_OpportunityManagement:624 - Dispalyed Input Box is not red
OpportunityManagement-2024-09-12 main INFO TC_Sanity_WaitFilter_OpportunityManagement:634 - Click on DropDown CreateDate2forInPast is Passed
OpportunityManagement-2024-09-12 main INFO TC_Sanity_WaitFilter_OpportunityManagement:651 - Select Hours is Passed
OpportunityManagement-2024-09-12 main INFO TC_Sanity_WaitFilter_OpportunityManagement:660 - Dispalyed Select Box is not red
OpportunityManagement-2024-09-12 main INFO TC_Sanity_WaitFilter_OpportunityManagement:651 - Select Days is Passed
OpportunityManagement-2024-09-12 main INFO TC_Sanity_WaitFilter_OpportunityManagement:660 - Dispalyed Select Box is not red
OpportunityManagement-2024-09-12 main INFO TC_Sanity_WaitFilter_OpportunityManagement:651 - Select Weeks is Passed
OpportunityManagement-2024-09-12 main INFO TC_Sanity_WaitFilter_OpportunityManagement:660 - Dispalyed Select Box is not red
OpportunityManagement-2024-09-12 main INFO TC_Sanity_WaitFilter_OpportunityManagement:561 - Select in future after is Passed
OpportunityManagement-2024-09-12 main INFO TC_Sanity_WaitFilter_OpportunityManagement:570 - Dispalyed Select Box is not red
OpportunityManagement-2024-09-12 main INFO TC_Sanity_WaitFilter_OpportunityManagement:615 - CreatedDate Input Box For Box2 is Passed
OpportunityManagement-2024-09-12 main INFO TC_Sanity_WaitFilter_OpportunityManagement:624 - Dispalyed Input Box is not red
OpportunityManagement-2024-09-12 main INFO TC_Sanity_WaitFilter_OpportunityManagement:634 - Click on DropDown CreateDate2forInPast is Passed
OpportunityManagement-2024-09-12 main INFO TC_Sanity_WaitFilter_OpportunityManagement:651 - Select Hours is Passed
OpportunityManagement-2024-09-12 main INFO TC_Sanity_WaitFilter_OpportunityManagement:660 - Dispalyed Select Box is not red
OpportunityManagement-2024-09-12 main INFO TC_Sanity_WaitFilter_OpportunityManagement:651 - Select Days is Passed
OpportunityManagement-2024-09-12 main INFO TC_Sanity_WaitFilter_OpportunityManagement:660 - Dispalyed Select Box is not red
OpportunityManagement-2024-09-12 main INFO TC_Sanity_WaitFilter_OpportunityManagement:651 - Select Weeks is Passed
OpportunityManagement-2024-09-12 main INFO TC_Sanity_WaitFilter_OpportunityManagement:660 - Dispalyed Select Box is not red
OpportunityManagement-2024-09-12 main INFO TC_Sanity_WaitFilter_OpportunityManagement:561 - Select between is Passed
OpportunityManagement-2024-09-12 main INFO TC_Sanity_WaitFilter_OpportunityManagement:570 - Dispalyed Select Box is not red
OpportunityManagement-2024-09-12 main INFO TC_Sanity_WaitFilter_OpportunityManagement:674 - Click On CreatedDate Calendar Button Box1 is PASSED!!
OpportunityManagement-2024-09-12 main INFO TC_Sanity_WaitFilter_OpportunityManagement:683 - Click On Date is Passed
OpportunityManagement-2024-09-12 main INFO TC_Sanity_WaitFilter_OpportunityManagement:692 - Dispalyed Input Box1 is not red
OpportunityManagement-2024-09-12 main INFO TC_Sanity_WaitFilter_OpportunityManagement:702 - Click On CreatedDate Calendar Button Box2 is PASSED!!
OpportunityManagement-2024-09-12 main INFO TC_Sanity_WaitFilter_OpportunityManagement:711 - Click On Date is Passed
OpportunityManagement-2024-09-12 main INFO TC_Sanity_WaitFilter_OpportunityManagement:720 - Dispalyed Input Box2 is not red
OpportunityManagement-2024-09-12 main INFO TC_Sanity_WaitFilter_OpportunityManagement:561 - Select in time frame is Passed
OpportunityManagement-2024-09-12 main INFO TC_Sanity_WaitFilter_OpportunityManagement:570 - Dispalyed Select Box is not red
OpportunityManagement-2024-09-12 main INFO TC_Sanity_WaitFilter_OpportunityManagement:735 - Click on DropDown CreateDate for InTimeFrame is Passed
OpportunityManagement-2024-09-12 main INFO TC_Sanity_WaitFilter_OpportunityManagement:752 - Select Today is Passed
OpportunityManagement-2024-09-12 main INFO TC_Sanity_WaitFilter_OpportunityManagement:761 - Dispalyed Select Box is not red
OpportunityManagement-2024-09-12 main INFO TC_Sanity_WaitFilter_OpportunityManagement:752 - Select Yesterday is Passed
OpportunityManagement-2024-09-12 main INFO TC_Sanity_WaitFilter_OpportunityManagement:761 - Dispalyed Select Box is not red
OpportunityManagement-2024-09-12 main INFO TC_Sanity_WaitFilter_OpportunityManagement:752 - Select This Week S S is Passed
OpportunityManagement-2024-09-12 main INFO TC_Sanity_WaitFilter_OpportunityManagement:761 - Dispalyed Select Box is not red
OpportunityManagement-2024-09-12 main INFO TC_Sanity_WaitFilter_OpportunityManagement:752 - Select This Week M F is Passed
OpportunityManagement-2024-09-12 main INFO TC_Sanity_WaitFilter_OpportunityManagement:761 - Dispalyed Select Box is not red
OpportunityManagement-2024-09-12 main INFO TC_Sanity_WaitFilter_OpportunityManagement:752 - Select Last Week S S is Passed
OpportunityManagement-2024-09-12 main INFO TC_Sanity_WaitFilter_OpportunityManagement:761 - Dispalyed Select Box is not red
OpportunityManagement-2024-09-12 main INFO TC_Sanity_WaitFilter_OpportunityManagement:752 - Select Last Week M F is Passed
OpportunityManagement-2024-09-12 main INFO TC_Sanity_WaitFilter_OpportunityManagement:761 - Dispalyed Select Box is not red
OpportunityManagement-2024-09-12 main INFO TC_Sanity_WaitFilter_OpportunityManagement:752 - Select This Month is Passed
OpportunityManagement-2024-09-12 main INFO TC_Sanity_WaitFilter_OpportunityManagement:761 - Dispalyed Select Box is not red
OpportunityManagement-2024-09-12 main INFO TC_Sanity_WaitFilter_OpportunityManagement:752 - Select Last Month is Passed
OpportunityManagement-2024-09-12 main INFO TC_Sanity_WaitFilter_OpportunityManagement:761 - Dispalyed Select Box is not red
OpportunityManagement-2024-09-12 main INFO TC_Sanity_WaitFilter_OpportunityManagement:752 - Select This Calendar Quarter is Passed
OpportunityManagement-2024-09-12 main INFO TC_Sanity_WaitFilter_OpportunityManagement:761 - Dispalyed Select Box is not red
OpportunityManagement-2024-09-12 main INFO TC_Sanity_WaitFilter_OpportunityManagement:752 - Select Last Calendar Quarter is Passed
OpportunityManagement-2024-09-12 main INFO TC_Sanity_WaitFilter_OpportunityManagement:761 - Dispalyed Select Box is not red
OpportunityManagement-2024-09-12 main INFO TC_Sanity_WaitFilter_OpportunityManagement:752 - Select This Calendar Year is Passed
OpportunityManagement-2024-09-12 main INFO TC_Sanity_WaitFilter_OpportunityManagement:761 - Dispalyed Select Box is not red
OpportunityManagement-2024-09-12 main INFO TC_Sanity_WaitFilter_OpportunityManagement:752 - Select Last Calendar Year is Passed
OpportunityManagement-2024-09-12 main INFO TC_Sanity_WaitFilter_OpportunityManagement:761 - Dispalyed Select Box is not red
OpportunityManagement-2024-09-12 main INFO TC_Sanity_WaitFilter_OpportunityManagement:561 - Select is is Passed
OpportunityManagement-2024-09-12 main INFO TC_Sanity_WaitFilter_OpportunityManagement:570 - Dispalyed Select Box is not red
OpportunityManagement-2024-09-12 main INFO TC_Sanity_WaitFilter_OpportunityManagement:583 - Click On Calendar CreatedDate Button is PASSED!!
OpportunityManagement-2024-09-12 main INFO TC_Sanity_WaitFilter_OpportunityManagement:592 - Click On Date is Passed
OpportunityManagement-2024-09-12 main INFO TC_Sanity_WaitFilter_OpportunityManagement:601 - Dispalyed Input Box is not red
OpportunityManagement-2024-09-12 main INFO TC_Sanity_WaitFilter_OpportunityManagement:561 - Select is today is Passed
OpportunityManagement-2024-09-12 main INFO TC_Sanity_WaitFilter_OpportunityManagement:570 - Dispalyed Select Box is not red
OpportunityManagement-2024-09-12 main INFO TC_Sanity_WaitFilter_OpportunityManagement:561 - Select is not is Passed
OpportunityManagement-2024-09-12 main INFO TC_Sanity_WaitFilter_OpportunityManagement:570 - Dispalyed Select Box is not red
OpportunityManagement-2024-09-12 main INFO TC_Sanity_WaitFilter_OpportunityManagement:583 - Click On Calendar CreatedDate Button is PASSED!!
OpportunityManagement-2024-09-12 main INFO TC_Sanity_WaitFilter_OpportunityManagement:592 - Click On Date is Passed
OpportunityManagement-2024-09-12 main INFO TC_Sanity_WaitFilter_OpportunityManagement:601 - Dispalyed Input Box is not red
OpportunityManagement-2024-09-12 main INFO TC_Sanity_WaitFilter_OpportunityManagement:561 - Select is empty is Passed
OpportunityManagement-2024-09-12 main INFO TC_Sanity_WaitFilter_OpportunityManagement:570 - Dispalyed Select Box is not red
OpportunityManagement-2024-09-12 main INFO TC_Sanity_WaitFilter_OpportunityManagement:561 - Select is not empty is Passed
OpportunityManagement-2024-09-12 main INFO TC_Sanity_WaitFilter_OpportunityManagement:570 - Dispalyed Select Box is not red
OpportunityManagement-2024-09-12 main INFO TC_Sanity_WaitFilter_OpportunityManagement:779 - //========================================= DRAG&DROP DELETED ATTRIBUTE===================================//
OpportunityManagement-2024-09-12 main INFO TC_Sanity_WaitFilter_OpportunityManagement:783 - Drag And Drop Deleted is Passed
OpportunityManagement-2024-09-12 main INFO TC_Sanity_WaitFilter_OpportunityManagement:794 - Click on DropDown Deletedbox1 is Passed
OpportunityManagement-2024-09-12 main INFO TC_Sanity_WaitFilter_OpportunityManagement:810 - Select is is Passed
OpportunityManagement-2024-09-12 main INFO TC_Sanity_WaitFilter_OpportunityManagement:819 - Displayed Select Box is not red
OpportunityManagement-2024-09-12 main INFO TC_Sanity_WaitFilter_OpportunityManagement:831 - Click on DropDown Deletedbox2 is Passed
OpportunityManagement-2024-09-12 main INFO TC_Sanity_WaitFilter_OpportunityManagement:847 - Select True is Passed
OpportunityManagement-2024-09-12 main INFO TC_Sanity_WaitFilter_OpportunityManagement:856 - Displayed Select Box2 is not red
OpportunityManagement-2024-09-12 main INFO TC_Sanity_WaitFilter_OpportunityManagement:847 - Select False is Passed
OpportunityManagement-2024-09-12 main INFO TC_Sanity_WaitFilter_OpportunityManagement:856 - Displayed Select Box2 is not red
OpportunityManagement-2024-09-12 main INFO TC_Sanity_WaitFilter_OpportunityManagement:810 - Select is not is Passed
OpportunityManagement-2024-09-12 main INFO TC_Sanity_WaitFilter_OpportunityManagement:819 - Displayed Select Box is not red
OpportunityManagement-2024-09-12 main INFO TC_Sanity_WaitFilter_OpportunityManagement:831 - Click on DropDown Deletedbox2 is Passed
OpportunityManagement-2024-09-12 main INFO TC_Sanity_WaitFilter_OpportunityManagement:847 - Select True is Passed
OpportunityManagement-2024-09-12 main INFO TC_Sanity_WaitFilter_OpportunityManagement:856 - Displayed Select Box2 is not red
OpportunityManagement-2024-09-12 main INFO TC_Sanity_WaitFilter_OpportunityManagement:847 - Select False is Passed
OpportunityManagement-2024-09-12 main INFO TC_Sanity_WaitFilter_OpportunityManagement:856 - Displayed Select Box2 is not red
OpportunityManagement-2024-09-12 main INFO TC_Sanity_WaitFilter_OpportunityManagement:867 - *********************** Search Box and refresh Button Operation **************************
OpportunityManagement-2024-09-12 main INFO TC_Sanity_WaitFilter_OpportunityManagement:872 - Get Text from first drag and drop box is Passed
OpportunityManagement-2024-09-12 main INFO TC_Sanity_WaitFilter_OpportunityManagement:881 - Enter Text in search box is Passed
OpportunityManagement-2024-09-12 main INFO TC_Sanity_WaitFilter_OpportunityManagement:888 - Get Text: 'Opportunity ID'
OpportunityManagement-2024-09-12 main INFO TC_Sanity_WaitFilter_OpportunityManagement:889 - Upper case: 'OPPORTUNITY ID'
OpportunityManagement-2024-09-12 main INFO TC_Sanity_WaitFilter_OpportunityManagement:894 - Displayed text in toolist, which is entered in search box is Passed
OpportunityManagement-2024-09-12 main INFO TC_Sanity_WaitFilter_OpportunityManagement:903 - Click On Close Button is Passed
OpportunityManagement-2024-09-12 main INFO TC_Sanity_WaitFilter_OpportunityManagement:912 - Click On Refresh Button is Passed
OpportunityManagement-2024-09-12 main INFO TC_Sanity_WaitFilter_OpportunityManagement:921 - Click on OpportunityAttribute is Passed
OpportunityManagement-2024-09-12 main INFO TC_Sanity_WaitFilter_OpportunityManagement:931 - Click on DefaultFilter Button is Passed
OpportunityManagement-2024-09-12 main INFO TC_Sanity_WaitFilter_OpportunityManagement:940 - Select Custom FilterOption is Passed
OpportunityManagement-2024-09-12 main INFO TC_Sanity_WaitFilter_OpportunityManagement:949 - Input For CutomFilter Wait Filter is Passed
OpportunityManagement-2024-09-12 main INFO TC_Sanity_WaitFilter_OpportunityManagement:958 - Click on CollapseAll is Passed
OpportunityManagement-2024-09-12 main INFO TC_Sanity_WaitFilter_OpportunityManagement:967 - Click on ExpandAll is Passed
OpportunityManagement-2024-09-12 main INFO TC_Sanity_WaitFilter_OpportunityManagement:974 - //================================================ENTERING DETAILS PAGE===============================================
OpportunityManagement-2024-09-12 main INFO TC_Sanity_WaitFilter_OpportunityManagement:978 - Click on Details Button is Passed!!!
OpportunityManagement-2024-09-12 main INFO TC_Sanity_WaitFilter_OpportunityManagement:986 - Click On Description Edit button is Passed
OpportunityManagement-2024-09-12 main INFO TC_Sanity_WaitFilter_OpportunityManagement:989 - Enter Decription is Passed
OpportunityManagement-2024-09-12 main INFO TC_Sanity_WaitFilter_OpportunityManagement:992 - Click On Description Save button is Passed
OpportunityManagement-2024-09-12 main INFO TC_Sanity_WaitFilter_OpportunityManagement:996 - Click On Copy Button is PASSED!!
OpportunityManagement-2024-09-12 main INFO TC_Sanity_WaitFilter_OpportunityManagement:1005 - Displayed Copied Success Message is PASSED!!
OpportunityManagement-2024-09-12 main INFO TC_Sanity_WaitFilter_OpportunityManagement:1014 - ==================================== Approve ==================================
OpportunityManagement-2024-09-12 main INFO TC_Sanity_WaitFilter_OpportunityManagement:1018 - Click On draftbox is PASSED!
OpportunityManagement-2024-09-12 main INFO TC_Sanity_WaitFilter_OpportunityManagement:1026 - Click on Approve Button After EDIT is passed
OpportunityManagement-2024-09-12 main INFO TC_Sanity_WaitFilter_OpportunityManagement:1029 - Click Again Approve button is passed
OpportunityManagement-2024-09-12 main INFO TC_Sanity_WaitFilter_OpportunityManagement:1033 - Display Approved button is PASSED!
OpportunityManagement-2024-09-12 main INFO TC_Sanity_WaitFilter_OpportunityManagement:1040 - //========================================Delete Craft scenario=======================================
OpportunityManagement-2024-09-12 main INFO TC_Sanity_WaitFilter_OpportunityManagement:1044 - RightClick On AutoTestObject is PASSED!!
OpportunityManagement-2024-09-12 main INFO TC_Sanity_WaitFilter_OpportunityManagement:1053 - Click On Edit AutoTestObject is PASSED!!!
OpportunityManagement-2024-09-12 main INFO TC_Sanity_WaitFilter_OpportunityManagement:1062 - Click On DeleteCraft buton is PASSED!!!
OpportunityManagement-2024-09-12 main INFO TC_Sanity_WaitFilter_OpportunityManagement:1072 - Dispalying Verified Sign is PASSED!!!
OpportunityManagement-2024-09-12 main INFO TC_Sanity_WaitFilter_OpportunityManagement:1080 - //==================================== OverView Page Opeartion  ==================================
OpportunityManagement-2024-09-12 main INFO TC_Sanity_WaitFilter_OpportunityManagement:1084 - Click On WaitFilter Feature is Passed
OpportunityManagement-2024-09-12 main INFO TC_Sanity_WaitFilter_OpportunityManagement:1093 - Display WaitFilter OverView Page is Passed
OpportunityManagement-2024-09-12 main INFO TC_Sanity_WaitFilter_OpportunityManagement:1102 - ***************** Column Header Check Box Operation ******************
OpportunityManagement-2024-09-12 main INFO TC_Sanity_WaitFilter_OpportunityManagement:1103 - Displayed Column Header Checkbox Is Not Disabled 
OpportunityManagement-2024-09-12 main INFO TC_Sanity_WaitFilter_OpportunityManagement:1108 - Click On ColumnHeader CheckBox is Passed
OpportunityManagement-2024-09-12 main INFO TC_Sanity_WaitFilter_OpportunityManagement:1117 - Displayed ColumnHeader CheckBox Is Checked is Passed
OpportunityManagement-2024-09-12 main INFO TC_Sanity_WaitFilter_OpportunityManagement:1128 - Displayed AutTestObject CheckBox Is Checked is Passed
OpportunityManagement-2024-09-12 main INFO TC_Sanity_WaitFilter_OpportunityManagement:1141 - Displayed Delete Button is Enabled is Passed
OpportunityManagement-2024-09-12 main INFO TC_Sanity_WaitFilter_OpportunityManagement:1151 - Uncheck the ColumnHeader CheckBox is Passed
OpportunityManagement-2024-09-12 main INFO TC_Sanity_WaitFilter_OpportunityManagement:1161 - Displayed AutTestObject CheckBox Is Not Checked is Passed
OpportunityManagement-2024-09-12 main INFO TC_Sanity_WaitFilter_OpportunityManagement:1174 - Displayed Delete Button is Disable is Passed
OpportunityManagement-2024-09-12 main INFO TC_Sanity_WaitFilter_OpportunityManagement:1181 - ********************** Filter Operation *************************
OpportunityManagement-2024-09-12 main INFO TC_Sanity_WaitFilter_OpportunityManagement:1185 - Enter Text In FilterBox is Passed
OpportunityManagement-2024-09-12 main INFO TC_Sanity_WaitFilter_OpportunityManagement:1194 - Displayed AutoTestObject is Passed
OpportunityManagement-2024-09-12 main INFO TC_Sanity_WaitFilter_OpportunityManagement:1203 - Displayed AutoTestObject CheckBox
OpportunityManagement-2024-09-12 main INFO TC_Sanity_WaitFilter_OpportunityManagement:1206 - Displayed AutoTestObject Is Not Used is Passed
OpportunityManagement-2024-09-12 main INFO TC_Sanity_WaitFilter_OpportunityManagement:1228 - Clear Test From The FilterBox is Passed
OpportunityManagement-2024-09-12 main INFO TC_Sanity_WaitFilter_OpportunityManagement:1235 - ********************** Delete AutoTestObject Operation *************************
OpportunityManagement-2024-09-12 main INFO TC_Sanity_WaitFilter_OpportunityManagement:1239 - Click On AutTestObject CheckBox is Passed
OpportunityManagement-2024-09-12 main INFO TC_Sanity_WaitFilter_OpportunityManagement:1248 - Displayed AutTestObject CheckBox Is Checked is Passed
OpportunityManagement-2024-09-12 main INFO TC_Sanity_WaitFilter_OpportunityManagement:1258 - Click On Delete Button is Passed
OpportunityManagement-2024-09-12 main INFO TC_Sanity_WaitFilter_OpportunityManagement:1267 - Click Again Delete Button is Passed
OpportunityManagement-2024-09-12 main INFO TC_Sanity_WaitFilter_OpportunityManagement:1276 - Display Deleted success message is Passed
